[0.028s] Invoking command in '/home/kkwxnn/Documents/GitHub/FRA501_exam1_6443_6471/FRA501_6443_6471_WS/build/turtlesimplus_control_exam1': CMAKE_PREFIX_PATH=${CMAKE_PREFIX_PATH}:/opt/ros/humble /usr/bin/cmake /home/kkwxnn/Documents/GitHub/FRA501_exam1_6443_6471/FRA501_6443_6471_WS/src/turtlesimplus_control_exam1 -DCMAKE_INSTALL_PREFIX=/home/kkwxnn/Documents/GitHub/FRA501_exam1_6443_6471/FRA501_6443_6471_WS/install/turtlesimplus_control_exam1
[0.208s] -- The C compiler identification is GNU 11.4.0
[0.339s] -- The CXX compiler identification is GNU 11.4.0
[0.362s] -- Detecting C compiler ABI info
[0.512s] -- Detecting C compiler ABI info - done
[0.518s] -- Check for working C compiler: /usr/bin/cc - skipped
[0.519s] -- Detecting C compile features
[0.520s] -- Detecting C compile features - done
[0.528s] -- Detecting CXX compiler ABI info
[0.665s] -- Detecting CXX compiler ABI info - done
[0.671s] -- Check for working CXX compiler: /usr/bin/c++ - skipped
[0.671s] -- Detecting CXX compile features
[0.671s] -- Detecting CXX compile features - done
[0.683s] -- Found ament_cmake: 1.3.5 (/opt/ros/humble/share/ament_cmake/cmake)
[0.969s] -- Found Python3: /usr/bin/python3.10 (found version "3.10.12") found components: Interpreter 
[1.156s] -- Found ament_lint_auto: 0.12.7 (/opt/ros/humble/share/ament_lint_auto/cmake)
[1.304s] -- Added test 'flake8' to check Python code syntax and style conventions
[1.306s] -- Added test 'lint_cmake' to check CMake code style
[1.308s] -- Added test 'pep257' to check Python code against some of the docstring style conventions in PEP 257
[1.310s] -- Added test 'xmllint' to check XML markup files
[1.312s] -- Configuring done
[1.317s] -- Generating done
[1.319s] -- Build files have been written to: /home/kkwxnn/Documents/GitHub/FRA501_exam1_6443_6471/FRA501_6443_6471_WS/build/turtlesimplus_control_exam1
[1.325s] Invoked command in '/home/kkwxnn/Documents/GitHub/FRA501_exam1_6443_6471/FRA501_6443_6471_WS/build/turtlesimplus_control_exam1' returned '0': CMAKE_PREFIX_PATH=${CMAKE_PREFIX_PATH}:/opt/ros/humble /usr/bin/cmake /home/kkwxnn/Documents/GitHub/FRA501_exam1_6443_6471/FRA501_6443_6471_WS/src/turtlesimplus_control_exam1 -DCMAKE_INSTALL_PREFIX=/home/kkwxnn/Documents/GitHub/FRA501_exam1_6443_6471/FRA501_6443_6471_WS/install/turtlesimplus_control_exam1
[1.331s] Invoking command in '/home/kkwxnn/Documents/GitHub/FRA501_exam1_6443_6471/FRA501_6443_6471_WS/build/turtlesimplus_control_exam1': CMAKE_PREFIX_PATH=${CMAKE_PREFIX_PATH}:/opt/ros/humble /usr/bin/cmake --build /home/kkwxnn/Documents/GitHub/FRA501_exam1_6443_6471/FRA501_6443_6471_WS/build/turtlesimplus_control_exam1 -- -j2 -l2
[1.388s] Invoked command in '/home/kkwxnn/Documents/GitHub/FRA501_exam1_6443_6471/FRA501_6443_6471_WS/build/turtlesimplus_control_exam1' returned '0': CMAKE_PREFIX_PATH=${CMAKE_PREFIX_PATH}:/opt/ros/humble /usr/bin/cmake --build /home/kkwxnn/Documents/GitHub/FRA501_exam1_6443_6471/FRA501_6443_6471_WS/build/turtlesimplus_control_exam1 -- -j2 -l2
[1.444s] Invoking command in '/home/kkwxnn/Documents/GitHub/FRA501_exam1_6443_6471/FRA501_6443_6471_WS/build/turtlesimplus_control_exam1': CMAKE_PREFIX_PATH=${CMAKE_PREFIX_PATH}:/opt/ros/humble /usr/bin/cmake --install /home/kkwxnn/Documents/GitHub/FRA501_exam1_6443_6471/FRA501_6443_6471_WS/build/turtlesimplus_control_exam1
[1.455s] -- Install configuration: ""
[1.456s] -- Installing: /home/kkwxnn/Documents/GitHub/FRA501_exam1_6443_6471/FRA501_6443_6471_WS/install/turtlesimplus_control_exam1/share/ament_index/resource_index/package_run_dependencies/turtlesimplus_control_exam1
[1.457s] -- Installing: /home/kkwxnn/Documents/GitHub/FRA501_exam1_6443_6471/FRA501_6443_6471_WS/install/turtlesimplus_control_exam1/share/ament_index/resource_index/parent_prefix_path/turtlesimplus_control_exam1
[1.457s] -- Installing: /home/kkwxnn/Documents/GitHub/FRA501_exam1_6443_6471/FRA501_6443_6471_WS/install/turtlesimplus_control_exam1/share/turtlesimplus_control_exam1/environment/ament_prefix_path.sh
[1.458s] -- Installing: /home/kkwxnn/Documents/GitHub/FRA501_exam1_6443_6471/FRA501_6443_6471_WS/install/turtlesimplus_control_exam1/share/turtlesimplus_control_exam1/environment/ament_prefix_path.dsv
[1.459s] -- Installing: /home/kkwxnn/Documents/GitHub/FRA501_exam1_6443_6471/FRA501_6443_6471_WS/install/turtlesimplus_control_exam1/share/turtlesimplus_control_exam1/environment/path.sh
[1.460s] -- Installing: /home/kkwxnn/Documents/GitHub/FRA501_exam1_6443_6471/FRA501_6443_6471_WS/install/turtlesimplus_control_exam1/share/turtlesimplus_control_exam1/environment/path.dsv
[1.461s] -- Installing: /home/kkwxnn/Documents/GitHub/FRA501_exam1_6443_6471/FRA501_6443_6471_WS/install/turtlesimplus_control_exam1/share/turtlesimplus_control_exam1/local_setup.bash
[1.462s] -- Installing: /home/kkwxnn/Documents/GitHub/FRA501_exam1_6443_6471/FRA501_6443_6471_WS/install/turtlesimplus_control_exam1/share/turtlesimplus_control_exam1/local_setup.sh
[1.463s] -- Installing: /home/kkwxnn/Documents/GitHub/FRA501_exam1_6443_6471/FRA501_6443_6471_WS/install/turtlesimplus_control_exam1/share/turtlesimplus_control_exam1/local_setup.zsh
[1.464s] -- Installing: /home/kkwxnn/Documents/GitHub/FRA501_exam1_6443_6471/FRA501_6443_6471_WS/install/turtlesimplus_control_exam1/share/turtlesimplus_control_exam1/local_setup.dsv
[1.465s] -- Installing: /home/kkwxnn/Documents/GitHub/FRA501_exam1_6443_6471/FRA501_6443_6471_WS/install/turtlesimplus_control_exam1/share/turtlesimplus_control_exam1/package.dsv
[1.477s] -- Installing: /home/kkwxnn/Documents/GitHub/FRA501_exam1_6443_6471/FRA501_6443_6471_WS/install/turtlesimplus_control_exam1/share/ament_index/resource_index/packages/turtlesimplus_control_exam1
[1.477s] -- Installing: /home/kkwxnn/Documents/GitHub/FRA501_exam1_6443_6471/FRA501_6443_6471_WS/install/turtlesimplus_control_exam1/share/turtlesimplus_control_exam1/cmake/turtlesimplus_control_exam1Config.cmake
[1.478s] -- Installing: /home/kkwxnn/Documents/GitHub/FRA501_exam1_6443_6471/FRA501_6443_6471_WS/install/turtlesimplus_control_exam1/share/turtlesimplus_control_exam1/cmake/turtlesimplus_control_exam1Config-version.cmake
[1.478s] -- Installing: /home/kkwxnn/Documents/GitHub/FRA501_exam1_6443_6471/FRA501_6443_6471_WS/install/turtlesimplus_control_exam1/share/turtlesimplus_control_exam1/package.xml
[1.485s] Invoked command in '/home/kkwxnn/Documents/GitHub/FRA501_exam1_6443_6471/FRA501_6443_6471_WS/build/turtlesimplus_control_exam1' returned '0': CMAKE_PREFIX_PATH=${CMAKE_PREFIX_PATH}:/opt/ros/humble /usr/bin/cmake --install /home/kkwxnn/Documents/GitHub/FRA501_exam1_6443_6471/FRA501_6443_6471_WS/build/turtlesimplus_control_exam1
