[0.756s] DEBUG:colcon:Command line arguments: ['/usr/bin/colcon', 'build']
[0.757s] DEBUG:colcon:Parsed command line arguments: Namespace(log_base=None, log_level=None, verb_name='build', build_base='build', install_base='install', merge_install=False, symlink_install=False, test_result_base=None, continue_on_error=False, executor='parallel', parallel_workers=2, event_handlers=None, ignore_user_meta=False, metas=['./colcon.meta'], base_paths=['.'], packages_ignore=None, packages_ignore_regex=None, paths=None, packages_up_to=None, packages_up_to_regex=None, packages_above=None, packages_above_and_dependencies=None, packages_above_depth=None, packages_select_by_dep=None, packages_skip_by_dep=None, packages_skip_up_to=None, packages_select_build_failed=False, packages_skip_build_finished=False, packages_select_test_failures=False, packages_skip_test_passed=False, packages_select=None, packages_skip=None, packages_select_regex=None, packages_skip_regex=None, packages_start=None, packages_end=None, allow_overriding=[], cmake_args=None, cmake_target=None, cmake_target_skip_unavailable=False, cmake_clean_cache=False, cmake_clean_first=False, cmake_force_configure=False, ament_cmake_args=None, catkin_cmake_args=None, catkin_skip_building_tests=False, verb_parser=<colcon_defaults.argument_parser.defaults.DefaultArgumentsDecorator object at 0x7fc33bbd2380>, verb_extension=<colcon_core.verb.build.BuildVerb object at 0x7fc33c360a90>, main=<bound method BuildVerb.main of <colcon_core.verb.build.BuildVerb object at 0x7fc33c360a90>>)
[0.823s] Level 1:colcon.colcon_core.package_discovery:discover_packages(colcon_meta) check parameters
[0.823s] Level 1:colcon.colcon_core.package_discovery:discover_packages(recursive) check parameters
[0.823s] Level 1:colcon.colcon_core.package_discovery:discover_packages(ignore) check parameters
[0.823s] Level 1:colcon.colcon_core.package_discovery:discover_packages(path) check parameters
[0.823s] Level 1:colcon.colcon_core.package_discovery:discover_packages(colcon_meta) discover
[0.823s] Level 1:colcon.colcon_core.package_discovery:discover_packages(recursive) discover
[0.824s] INFO:colcon.colcon_core.package_discovery:Crawling recursively for packages in '/home/peerawat/Documents/GitHub/FRA501_exam1_6443_6471/FRA501_6443_6471_WS'
[0.824s] Level 1:colcon.colcon_core.package_identification:_identify(.) by extensions ['ignore', 'ignore_ament_install']
[0.824s] Level 1:colcon.colcon_core.package_identification:_identify(.) by extension 'ignore'
[0.824s] Level 1:colcon.colcon_core.package_identification:_identify(.) by extension 'ignore_ament_install'
[0.824s] Level 1:colcon.colcon_core.package_identification:_identify(.) by extensions ['colcon_pkg']
[0.824s] Level 1:colcon.colcon_core.package_identification:_identify(.) by extension 'colcon_pkg'
[0.824s] Level 1:colcon.colcon_core.package_identification:_identify(.) by extensions ['colcon_meta']
[0.824s] Level 1:colcon.colcon_core.package_identification:_identify(.) by extension 'colcon_meta'
[0.825s] Level 1:colcon.colcon_core.package_identification:_identify(.) by extensions ['ros']
[0.825s] Level 1:colcon.colcon_core.package_identification:_identify(.) by extension 'ros'
[0.854s] Level 1:colcon.colcon_core.package_identification:_identify(.) by extensions ['cmake', 'python']
[0.854s] Level 1:colcon.colcon_core.package_identification:_identify(.) by extension 'cmake'
[0.854s] Level 1:colcon.colcon_core.package_identification:_identify(.) by extension 'python'
[0.854s] Level 1:colcon.colcon_core.package_identification:_identify(.) by extensions ['python_setup_py']
[0.854s] Level 1:colcon.colcon_core.package_identification:_identify(.) by extension 'python_setup_py'
[0.855s] Level 1:colcon.colcon_core.package_identification:_identify(build) by extensions ['ignore', 'ignore_ament_install']
[0.855s] Level 1:colcon.colcon_core.package_identification:_identify(build) by extension 'ignore'
[0.855s] Level 1:colcon.colcon_core.package_identification:_identify(build) ignored
[0.855s] Level 1:colcon.colcon_core.package_identification:_identify(install) by extensions ['ignore', 'ignore_ament_install']
[0.855s] Level 1:colcon.colcon_core.package_identification:_identify(install) by extension 'ignore'
[0.856s] Level 1:colcon.colcon_core.package_identification:_identify(install) ignored
[0.856s] Level 1:colcon.colcon_core.package_identification:_identify(log) by extensions ['ignore', 'ignore_ament_install']
[0.856s] Level 1:colcon.colcon_core.package_identification:_identify(log) by extension 'ignore'
[0.856s] Level 1:colcon.colcon_core.package_identification:_identify(log) ignored
[0.856s] Level 1:colcon.colcon_core.package_identification:_identify(src) by extensions ['ignore', 'ignore_ament_install']
[0.856s] Level 1:colcon.colcon_core.package_identification:_identify(src) by extension 'ignore'
[0.857s] Level 1:colcon.colcon_core.package_identification:_identify(src) by extension 'ignore_ament_install'
[0.857s] Level 1:colcon.colcon_core.package_identification:_identify(src) by extensions ['colcon_pkg']
[0.857s] Level 1:colcon.colcon_core.package_identification:_identify(src) by extension 'colcon_pkg'
[0.857s] Level 1:colcon.colcon_core.package_identification:_identify(src) by extensions ['colcon_meta']
[0.857s] Level 1:colcon.colcon_core.package_identification:_identify(src) by extension 'colcon_meta'
[0.857s] Level 1:colcon.colcon_core.package_identification:_identify(src) by extensions ['ros']
[0.857s] Level 1:colcon.colcon_core.package_identification:_identify(src) by extension 'ros'
[0.857s] Level 1:colcon.colcon_core.package_identification:_identify(src) by extensions ['cmake', 'python']
[0.857s] Level 1:colcon.colcon_core.package_identification:_identify(src) by extension 'cmake'
[0.857s] Level 1:colcon.colcon_core.package_identification:_identify(src) by extension 'python'
[0.858s] Level 1:colcon.colcon_core.package_identification:_identify(src) by extensions ['python_setup_py']
[0.858s] Level 1:colcon.colcon_core.package_identification:_identify(src) by extension 'python_setup_py'
[0.858s] Level 1:colcon.colcon_core.package_identification:_identify(src/exam1_turtle_control) by extensions ['ignore', 'ignore_ament_install']
[0.858s] Level 1:colcon.colcon_core.package_identification:_identify(src/exam1_turtle_control) by extension 'ignore'
[0.859s] Level 1:colcon.colcon_core.package_identification:_identify(src/exam1_turtle_control) by extension 'ignore_ament_install'
[0.859s] Level 1:colcon.colcon_core.package_identification:_identify(src/exam1_turtle_control) by extensions ['colcon_pkg']
[0.859s] Level 1:colcon.colcon_core.package_identification:_identify(src/exam1_turtle_control) by extension 'colcon_pkg'
[0.859s] Level 1:colcon.colcon_core.package_identification:_identify(src/exam1_turtle_control) by extensions ['colcon_meta']
[0.859s] Level 1:colcon.colcon_core.package_identification:_identify(src/exam1_turtle_control) by extension 'colcon_meta'
[0.859s] Level 1:colcon.colcon_core.package_identification:_identify(src/exam1_turtle_control) by extensions ['ros']
[0.859s] Level 1:colcon.colcon_core.package_identification:_identify(src/exam1_turtle_control) by extension 'ros'
[0.871s] DEBUG:colcon.colcon_core.package_identification:Package 'src/exam1_turtle_control' with type 'ros.ament_cmake' and name 'exam1_turtle_control'
[0.871s] Level 1:colcon.colcon_core.package_discovery:discover_packages(recursive) using defaults
[0.871s] Level 1:colcon.colcon_core.package_discovery:discover_packages(ignore) discover
[0.871s] Level 1:colcon.colcon_core.package_discovery:discover_packages(ignore) using defaults
[0.872s] Level 1:colcon.colcon_core.package_discovery:discover_packages(path) discover
[0.872s] Level 1:colcon.colcon_core.package_discovery:discover_packages(path) using defaults
[0.944s] Level 1:colcon.colcon_core.package_discovery:discover_packages(prefix_path) check parameters
[0.944s] Level 1:colcon.colcon_core.package_discovery:discover_packages(prefix_path) discover
[0.949s] DEBUG:colcon.colcon_installed_package_information.package_discovery:Found 1 installed packages in /home/peerawat/Documents/GitHub/FRA501_exam1_6443_6471/FRA501_6443_6471_WS/install
[0.952s] DEBUG:colcon.colcon_installed_package_information.package_discovery:Found 7 installed packages in /home/peerawat/fra501_ws/install
[0.957s] DEBUG:colcon.colcon_installed_package_information.package_discovery:Found 270 installed packages in /opt/ros/humble
[0.961s] Level 1:colcon.colcon_core.package_discovery:discover_packages(prefix_path) using defaults
[1.096s] Level 5:colcon.colcon_core.verb:set package 'exam1_turtle_control' build argument 'cmake_args' from command line to 'None'
[1.097s] Level 5:colcon.colcon_core.verb:set package 'exam1_turtle_control' build argument 'cmake_target' from command line to 'None'
[1.097s] Level 5:colcon.colcon_core.verb:set package 'exam1_turtle_control' build argument 'cmake_target_skip_unavailable' from command line to 'False'
[1.097s] Level 5:colcon.colcon_core.verb:set package 'exam1_turtle_control' build argument 'cmake_clean_cache' from command line to 'False'
[1.097s] Level 5:colcon.colcon_core.verb:set package 'exam1_turtle_control' build argument 'cmake_clean_first' from command line to 'False'
[1.097s] Level 5:colcon.colcon_core.verb:set package 'exam1_turtle_control' build argument 'cmake_force_configure' from command line to 'False'
[1.097s] Level 5:colcon.colcon_core.verb:set package 'exam1_turtle_control' build argument 'ament_cmake_args' from command line to 'None'
[1.097s] Level 5:colcon.colcon_core.verb:set package 'exam1_turtle_control' build argument 'catkin_cmake_args' from command line to 'None'
[1.097s] Level 5:colcon.colcon_core.verb:set package 'exam1_turtle_control' build argument 'catkin_skip_building_tests' from command line to 'False'
[1.097s] DEBUG:colcon.colcon_core.verb:Building package 'exam1_turtle_control' with the following arguments: {'ament_cmake_args': None, 'build_base': '/home/peerawat/Documents/GitHub/FRA501_exam1_6443_6471/FRA501_6443_6471_WS/build/exam1_turtle_control', 'catkin_cmake_args': None, 'catkin_skip_building_tests': False, 'cmake_args': None, 'cmake_clean_cache': False, 'cmake_clean_first': False, 'cmake_force_configure': False, 'cmake_target': None, 'cmake_target_skip_unavailable': False, 'install_base': '/home/peerawat/Documents/GitHub/FRA501_exam1_6443_6471/FRA501_6443_6471_WS/install/exam1_turtle_control', 'merge_install': False, 'path': '/home/peerawat/Documents/GitHub/FRA501_exam1_6443_6471/FRA501_6443_6471_WS/src/exam1_turtle_control', 'symlink_install': False, 'test_result_base': None}
[1.098s] INFO:colcon.colcon_core.executor:Executing jobs using 'parallel' executor
[1.104s] DEBUG:colcon.colcon_parallel_executor.executor.parallel:run_until_complete
[1.105s] INFO:colcon.colcon_ros.task.ament_cmake.build:Building ROS package in '/home/peerawat/Documents/GitHub/FRA501_exam1_6443_6471/FRA501_6443_6471_WS/src/exam1_turtle_control' with build type 'ament_cmake'
[1.105s] INFO:colcon.colcon_cmake.task.cmake.build:Building CMake package in '/home/peerawat/Documents/GitHub/FRA501_exam1_6443_6471/FRA501_6443_6471_WS/src/exam1_turtle_control'
[1.116s] INFO:colcon.colcon_core.plugin_system:Skipping extension 'colcon_core.shell.bat': Not used on non-Windows systems
[1.116s] INFO:colcon.colcon_core.shell:Skip shell extension 'powershell' for command environment: Not usable outside of PowerShell
[1.116s] DEBUG:colcon.colcon_core.shell:Skip shell extension 'dsv' for command environment
[1.175s] DEBUG:colcon.colcon_core.event_handler.log_command:Invoking command in '/home/peerawat/Documents/GitHub/FRA501_exam1_6443_6471/FRA501_6443_6471_WS/build/exam1_turtle_control': CMAKE_PREFIX_PATH=${CMAKE_PREFIX_PATH}:/home/peerawat/fra501_ws/install/pkg1:/opt/ros/humble /usr/bin/cmake --build /home/peerawat/Documents/GitHub/FRA501_exam1_6443_6471/FRA501_6443_6471_WS/build/exam1_turtle_control -- -j2 -l2
[2.129s] DEBUG:colcon.colcon_core.event_handler.log_command:Invoked command in '/home/peerawat/Documents/GitHub/FRA501_exam1_6443_6471/FRA501_6443_6471_WS/build/exam1_turtle_control' returned '0': CMAKE_PREFIX_PATH=${CMAKE_PREFIX_PATH}:/home/peerawat/fra501_ws/install/pkg1:/opt/ros/humble /usr/bin/cmake --build /home/peerawat/Documents/GitHub/FRA501_exam1_6443_6471/FRA501_6443_6471_WS/build/exam1_turtle_control -- -j2 -l2
[2.219s] DEBUG:colcon.colcon_core.event_handler.log_command:Invoking command in '/home/peerawat/Documents/GitHub/FRA501_exam1_6443_6471/FRA501_6443_6471_WS/build/exam1_turtle_control': CMAKE_PREFIX_PATH=${CMAKE_PREFIX_PATH}:/home/peerawat/fra501_ws/install/pkg1:/opt/ros/humble /usr/bin/cmake --install /home/peerawat/Documents/GitHub/FRA501_exam1_6443_6471/FRA501_6443_6471_WS/build/exam1_turtle_control
[2.370s] Level 1:colcon.colcon_core.environment:create_environment_scripts_only(exam1_turtle_control)
[2.373s] DEBUG:colcon.colcon_core.event_handler.log_command:Invoked command in '/home/peerawat/Documents/GitHub/FRA501_exam1_6443_6471/FRA501_6443_6471_WS/build/exam1_turtle_control' returned '0': CMAKE_PREFIX_PATH=${CMAKE_PREFIX_PATH}:/home/peerawat/fra501_ws/install/pkg1:/opt/ros/humble /usr/bin/cmake --install /home/peerawat/Documents/GitHub/FRA501_exam1_6443_6471/FRA501_6443_6471_WS/build/exam1_turtle_control
[2.379s] Level 1:colcon.colcon_core.environment:checking '/home/peerawat/Documents/GitHub/FRA501_exam1_6443_6471/FRA501_6443_6471_WS/install/exam1_turtle_control' for CMake module files
[2.380s] Level 1:colcon.colcon_core.environment:checking '/home/peerawat/Documents/GitHub/FRA501_exam1_6443_6471/FRA501_6443_6471_WS/install/exam1_turtle_control' for CMake config files
[2.380s] Level 1:colcon.colcon_core.shell:create_environment_hook('exam1_turtle_control', 'cmake_prefix_path')
[2.384s] INFO:colcon.colcon_core.shell:Creating environment hook '/home/peerawat/Documents/GitHub/FRA501_exam1_6443_6471/FRA501_6443_6471_WS/install/exam1_turtle_control/share/exam1_turtle_control/hook/cmake_prefix_path.ps1'
[2.385s] INFO:colcon.colcon_core.shell:Creating environment descriptor '/home/peerawat/Documents/GitHub/FRA501_exam1_6443_6471/FRA501_6443_6471_WS/install/exam1_turtle_control/share/exam1_turtle_control/hook/cmake_prefix_path.dsv'
[2.387s] INFO:colcon.colcon_core.shell:Creating environment hook '/home/peerawat/Documents/GitHub/FRA501_exam1_6443_6471/FRA501_6443_6471_WS/install/exam1_turtle_control/share/exam1_turtle_control/hook/cmake_prefix_path.sh'
[2.389s] Level 1:colcon.colcon_core.environment:checking '/home/peerawat/Documents/GitHub/FRA501_exam1_6443_6471/FRA501_6443_6471_WS/install/exam1_turtle_control/lib'
[2.389s] Level 1:colcon.colcon_core.environment:checking '/home/peerawat/Documents/GitHub/FRA501_exam1_6443_6471/FRA501_6443_6471_WS/install/exam1_turtle_control/bin'
[2.389s] Level 1:colcon.colcon_core.environment:checking '/home/peerawat/Documents/GitHub/FRA501_exam1_6443_6471/FRA501_6443_6471_WS/install/exam1_turtle_control/lib/pkgconfig/exam1_turtle_control.pc'
[2.390s] Level 1:colcon.colcon_core.environment:checking '/home/peerawat/Documents/GitHub/FRA501_exam1_6443_6471/FRA501_6443_6471_WS/install/exam1_turtle_control/lib/python3.10/site-packages'
[2.390s] Level 1:colcon.colcon_core.environment:checking '/home/peerawat/Documents/GitHub/FRA501_exam1_6443_6471/FRA501_6443_6471_WS/install/exam1_turtle_control/bin'
[2.396s] INFO:colcon.colcon_core.shell:Creating package script '/home/peerawat/Documents/GitHub/FRA501_exam1_6443_6471/FRA501_6443_6471_WS/install/exam1_turtle_control/share/exam1_turtle_control/package.ps1'
[2.398s] INFO:colcon.colcon_core.shell:Creating package descriptor '/home/peerawat/Documents/GitHub/FRA501_exam1_6443_6471/FRA501_6443_6471_WS/install/exam1_turtle_control/share/exam1_turtle_control/package.dsv'
[2.400s] INFO:colcon.colcon_core.shell:Creating package script '/home/peerawat/Documents/GitHub/FRA501_exam1_6443_6471/FRA501_6443_6471_WS/install/exam1_turtle_control/share/exam1_turtle_control/package.sh'
[2.402s] INFO:colcon.colcon_core.shell:Creating package script '/home/peerawat/Documents/GitHub/FRA501_exam1_6443_6471/FRA501_6443_6471_WS/install/exam1_turtle_control/share/exam1_turtle_control/package.bash'
[2.404s] INFO:colcon.colcon_core.shell:Creating package script '/home/peerawat/Documents/GitHub/FRA501_exam1_6443_6471/FRA501_6443_6471_WS/install/exam1_turtle_control/share/exam1_turtle_control/package.zsh'
[2.407s] Level 1:colcon.colcon_core.environment:create_file_with_runtime_dependencies(/home/peerawat/Documents/GitHub/FRA501_exam1_6443_6471/FRA501_6443_6471_WS/install/exam1_turtle_control/share/colcon-core/packages/exam1_turtle_control)
[2.513s] Level 1:colcon.colcon_core.environment:create_environment_scripts_only(exam1_turtle_control)
[2.519s] Level 1:colcon.colcon_core.environment:checking '/home/peerawat/Documents/GitHub/FRA501_exam1_6443_6471/FRA501_6443_6471_WS/install/exam1_turtle_control' for CMake module files
[2.520s] Level 1:colcon.colcon_core.environment:checking '/home/peerawat/Documents/GitHub/FRA501_exam1_6443_6471/FRA501_6443_6471_WS/install/exam1_turtle_control' for CMake config files
[2.521s] Level 1:colcon.colcon_core.shell:create_environment_hook('exam1_turtle_control', 'cmake_prefix_path')
[2.524s] INFO:colcon.colcon_core.shell:Creating environment hook '/home/peerawat/Documents/GitHub/FRA501_exam1_6443_6471/FRA501_6443_6471_WS/install/exam1_turtle_control/share/exam1_turtle_control/hook/cmake_prefix_path.ps1'
[2.525s] INFO:colcon.colcon_core.shell:Creating environment descriptor '/home/peerawat/Documents/GitHub/FRA501_exam1_6443_6471/FRA501_6443_6471_WS/install/exam1_turtle_control/share/exam1_turtle_control/hook/cmake_prefix_path.dsv'
[2.526s] INFO:colcon.colcon_core.shell:Creating environment hook '/home/peerawat/Documents/GitHub/FRA501_exam1_6443_6471/FRA501_6443_6471_WS/install/exam1_turtle_control/share/exam1_turtle_control/hook/cmake_prefix_path.sh'
[2.527s] Level 1:colcon.colcon_core.environment:checking '/home/peerawat/Documents/GitHub/FRA501_exam1_6443_6471/FRA501_6443_6471_WS/install/exam1_turtle_control/lib'
[2.527s] Level 1:colcon.colcon_core.environment:checking '/home/peerawat/Documents/GitHub/FRA501_exam1_6443_6471/FRA501_6443_6471_WS/install/exam1_turtle_control/bin'
[2.527s] Level 1:colcon.colcon_core.environment:checking '/home/peerawat/Documents/GitHub/FRA501_exam1_6443_6471/FRA501_6443_6471_WS/install/exam1_turtle_control/lib/pkgconfig/exam1_turtle_control.pc'
[2.528s] Level 1:colcon.colcon_core.environment:checking '/home/peerawat/Documents/GitHub/FRA501_exam1_6443_6471/FRA501_6443_6471_WS/install/exam1_turtle_control/lib/python3.10/site-packages'
[2.528s] Level 1:colcon.colcon_core.environment:checking '/home/peerawat/Documents/GitHub/FRA501_exam1_6443_6471/FRA501_6443_6471_WS/install/exam1_turtle_control/bin'
[2.531s] INFO:colcon.colcon_core.shell:Creating package script '/home/peerawat/Documents/GitHub/FRA501_exam1_6443_6471/FRA501_6443_6471_WS/install/exam1_turtle_control/share/exam1_turtle_control/package.ps1'
[2.533s] INFO:colcon.colcon_core.shell:Creating package descriptor '/home/peerawat/Documents/GitHub/FRA501_exam1_6443_6471/FRA501_6443_6471_WS/install/exam1_turtle_control/share/exam1_turtle_control/package.dsv'
[2.534s] INFO:colcon.colcon_core.shell:Creating package script '/home/peerawat/Documents/GitHub/FRA501_exam1_6443_6471/FRA501_6443_6471_WS/install/exam1_turtle_control/share/exam1_turtle_control/package.sh'
[2.535s] INFO:colcon.colcon_core.shell:Creating package script '/home/peerawat/Documents/GitHub/FRA501_exam1_6443_6471/FRA501_6443_6471_WS/install/exam1_turtle_control/share/exam1_turtle_control/package.bash'
[2.536s] INFO:colcon.colcon_core.shell:Creating package script '/home/peerawat/Documents/GitHub/FRA501_exam1_6443_6471/FRA501_6443_6471_WS/install/exam1_turtle_control/share/exam1_turtle_control/package.zsh'
[2.537s] Level 1:colcon.colcon_core.environment:create_file_with_runtime_dependencies(/home/peerawat/Documents/GitHub/FRA501_exam1_6443_6471/FRA501_6443_6471_WS/install/exam1_turtle_control/share/colcon-core/packages/exam1_turtle_control)
[2.538s] DEBUG:colcon.colcon_parallel_executor.executor.parallel:closing loop
[2.539s] DEBUG:colcon.colcon_parallel_executor.executor.parallel:loop closed
[2.539s] DEBUG:colcon.colcon_parallel_executor.executor.parallel:run_until_complete finished with '0'
[2.540s] DEBUG:colcon.colcon_core.event_reactor:joining thread
[2.544s] INFO:colcon.colcon_core.plugin_system:Skipping extension 'colcon_notification.desktop_notification.terminal_notifier': Not used on non-Darwin systems
[2.544s] INFO:colcon.colcon_core.plugin_system:Skipping extension 'colcon_notification.desktop_notification.win32': Not used on non-Windows systems
[2.544s] INFO:colcon.colcon_notification.desktop_notification:Sending desktop notification using 'notify2'
[2.570s] DEBUG:colcon.colcon_core.event_reactor:joined thread
[2.573s] INFO:colcon.colcon_core.shell:Creating prefix script '/home/peerawat/Documents/GitHub/FRA501_exam1_6443_6471/FRA501_6443_6471_WS/install/local_setup.ps1'
[2.574s] INFO:colcon.colcon_core.shell:Creating prefix util module '/home/peerawat/Documents/GitHub/FRA501_exam1_6443_6471/FRA501_6443_6471_WS/install/_local_setup_util_ps1.py'
[2.576s] INFO:colcon.colcon_core.shell:Creating prefix chain script '/home/peerawat/Documents/GitHub/FRA501_exam1_6443_6471/FRA501_6443_6471_WS/install/setup.ps1'
[2.579s] INFO:colcon.colcon_core.shell:Creating prefix script '/home/peerawat/Documents/GitHub/FRA501_exam1_6443_6471/FRA501_6443_6471_WS/install/local_setup.sh'
[2.580s] INFO:colcon.colcon_core.shell:Creating prefix util module '/home/peerawat/Documents/GitHub/FRA501_exam1_6443_6471/FRA501_6443_6471_WS/install/_local_setup_util_sh.py'
[2.583s] INFO:colcon.colcon_core.shell:Creating prefix chain script '/home/peerawat/Documents/GitHub/FRA501_exam1_6443_6471/FRA501_6443_6471_WS/install/setup.sh'
[2.588s] INFO:colcon.colcon_core.shell:Creating prefix script '/home/peerawat/Documents/GitHub/FRA501_exam1_6443_6471/FRA501_6443_6471_WS/install/local_setup.bash'
[2.594s] INFO:colcon.colcon_core.shell:Creating prefix chain script '/home/peerawat/Documents/GitHub/FRA501_exam1_6443_6471/FRA501_6443_6471_WS/install/setup.bash'
[2.603s] INFO:colcon.colcon_core.shell:Creating prefix script '/home/peerawat/Documents/GitHub/FRA501_exam1_6443_6471/FRA501_6443_6471_WS/install/local_setup.zsh'
[2.604s] INFO:colcon.colcon_core.shell:Creating prefix chain script '/home/peerawat/Documents/GitHub/FRA501_exam1_6443_6471/FRA501_6443_6471_WS/install/setup.zsh'
