[0.978s] DEBUG:colcon:Command line arguments: ['/usr/bin/colcon', 'build']
[0.978s] DEBUG:colcon:Parsed command line arguments: Namespace(log_base=None, log_level=None, verb_name='build', build_base='build', install_base='install', merge_install=False, symlink_install=False, test_result_base=None, continue_on_error=False, executor='parallel', parallel_workers=2, event_handlers=None, ignore_user_meta=False, metas=['./colcon.meta'], base_paths=['.'], packages_ignore=None, packages_ignore_regex=None, paths=None, packages_up_to=None, packages_up_to_regex=None, packages_above=None, packages_above_and_dependencies=None, packages_above_depth=None, packages_select_by_dep=None, packages_skip_by_dep=None, packages_skip_up_to=None, packages_select_build_failed=False, packages_skip_build_finished=False, packages_select_test_failures=False, packages_skip_test_passed=False, packages_select=None, packages_skip=None, packages_select_regex=None, packages_skip_regex=None, packages_start=None, packages_end=None, allow_overriding=[], cmake_args=None, cmake_target=None, cmake_target_skip_unavailable=False, cmake_clean_cache=False, cmake_clean_first=False, cmake_force_configure=False, ament_cmake_args=None, catkin_cmake_args=None, catkin_skip_building_tests=False, verb_parser=<colcon_defaults.argument_parser.defaults.DefaultArgumentsDecorator object at 0x7f9ecaace500>, verb_extension=<colcon_core.verb.build.BuildVerb object at 0x7f9ecb281900>, main=<bound method BuildVerb.main of <colcon_core.verb.build.BuildVerb object at 0x7f9ecb281900>>)
[1.052s] Level 1:colcon.colcon_core.package_discovery:discover_packages(colcon_meta) check parameters
[1.052s] Level 1:colcon.colcon_core.package_discovery:discover_packages(recursive) check parameters
[1.052s] Level 1:colcon.colcon_core.package_discovery:discover_packages(ignore) check parameters
[1.052s] Level 1:colcon.colcon_core.package_discovery:discover_packages(path) check parameters
[1.052s] Level 1:colcon.colcon_core.package_discovery:discover_packages(colcon_meta) discover
[1.053s] Level 1:colcon.colcon_core.package_discovery:discover_packages(recursive) discover
[1.053s] INFO:colcon.colcon_core.package_discovery:Crawling recursively for packages in '/home/peerawat/Documents/GitHub/FRA501_exam1_6443_6471/FRA501_6443_6471_WS'
[1.053s] Level 1:colcon.colcon_core.package_identification:_identify(.) by extensions ['ignore', 'ignore_ament_install']
[1.053s] Level 1:colcon.colcon_core.package_identification:_identify(.) by extension 'ignore'
[1.054s] Level 1:colcon.colcon_core.package_identification:_identify(.) by extension 'ignore_ament_install'
[1.054s] Level 1:colcon.colcon_core.package_identification:_identify(.) by extensions ['colcon_pkg']
[1.054s] Level 1:colcon.colcon_core.package_identification:_identify(.) by extension 'colcon_pkg'
[1.054s] Level 1:colcon.colcon_core.package_identification:_identify(.) by extensions ['colcon_meta']
[1.054s] Level 1:colcon.colcon_core.package_identification:_identify(.) by extension 'colcon_meta'
[1.054s] Level 1:colcon.colcon_core.package_identification:_identify(.) by extensions ['ros']
[1.054s] Level 1:colcon.colcon_core.package_identification:_identify(.) by extension 'ros'
[1.083s] Level 1:colcon.colcon_core.package_identification:_identify(.) by extensions ['cmake', 'python']
[1.084s] Level 1:colcon.colcon_core.package_identification:_identify(.) by extension 'cmake'
[1.084s] Level 1:colcon.colcon_core.package_identification:_identify(.) by extension 'python'
[1.084s] Level 1:colcon.colcon_core.package_identification:_identify(.) by extensions ['python_setup_py']
[1.084s] Level 1:colcon.colcon_core.package_identification:_identify(.) by extension 'python_setup_py'
[1.085s] Level 1:colcon.colcon_core.package_identification:_identify(build) by extensions ['ignore', 'ignore_ament_install']
[1.085s] Level 1:colcon.colcon_core.package_identification:_identify(build) by extension 'ignore'
[1.085s] Level 1:colcon.colcon_core.package_identification:_identify(build) ignored
[1.085s] Level 1:colcon.colcon_core.package_identification:_identify(install) by extensions ['ignore', 'ignore_ament_install']
[1.085s] Level 1:colcon.colcon_core.package_identification:_identify(install) by extension 'ignore'
[1.085s] Level 1:colcon.colcon_core.package_identification:_identify(install) ignored
[1.086s] Level 1:colcon.colcon_core.package_identification:_identify(log) by extensions ['ignore', 'ignore_ament_install']
[1.086s] Level 1:colcon.colcon_core.package_identification:_identify(log) by extension 'ignore'
[1.086s] Level 1:colcon.colcon_core.package_identification:_identify(log) ignored
[1.086s] Level 1:colcon.colcon_core.package_identification:_identify(src) by extensions ['ignore', 'ignore_ament_install']
[1.086s] Level 1:colcon.colcon_core.package_identification:_identify(src) by extension 'ignore'
[1.087s] Level 1:colcon.colcon_core.package_identification:_identify(src) by extension 'ignore_ament_install'
[1.087s] Level 1:colcon.colcon_core.package_identification:_identify(src) by extensions ['colcon_pkg']
[1.087s] Level 1:colcon.colcon_core.package_identification:_identify(src) by extension 'colcon_pkg'
[1.087s] Level 1:colcon.colcon_core.package_identification:_identify(src) by extensions ['colcon_meta']
[1.087s] Level 1:colcon.colcon_core.package_identification:_identify(src) by extension 'colcon_meta'
[1.087s] Level 1:colcon.colcon_core.package_identification:_identify(src) by extensions ['ros']
[1.087s] Level 1:colcon.colcon_core.package_identification:_identify(src) by extension 'ros'
[1.087s] Level 1:colcon.colcon_core.package_identification:_identify(src) by extensions ['cmake', 'python']
[1.087s] Level 1:colcon.colcon_core.package_identification:_identify(src) by extension 'cmake'
[1.087s] Level 1:colcon.colcon_core.package_identification:_identify(src) by extension 'python'
[1.087s] Level 1:colcon.colcon_core.package_identification:_identify(src) by extensions ['python_setup_py']
[1.088s] Level 1:colcon.colcon_core.package_identification:_identify(src) by extension 'python_setup_py'
[1.088s] Level 1:colcon.colcon_core.package_identification:_identify(src/exam1_turtle_control) by extensions ['ignore', 'ignore_ament_install']
[1.088s] Level 1:colcon.colcon_core.package_identification:_identify(src/exam1_turtle_control) by extension 'ignore'
[1.088s] Level 1:colcon.colcon_core.package_identification:_identify(src/exam1_turtle_control) by extension 'ignore_ament_install'
[1.088s] Level 1:colcon.colcon_core.package_identification:_identify(src/exam1_turtle_control) by extensions ['colcon_pkg']
[1.088s] Level 1:colcon.colcon_core.package_identification:_identify(src/exam1_turtle_control) by extension 'colcon_pkg'
[1.088s] Level 1:colcon.colcon_core.package_identification:_identify(src/exam1_turtle_control) by extensions ['colcon_meta']
[1.088s] Level 1:colcon.colcon_core.package_identification:_identify(src/exam1_turtle_control) by extension 'colcon_meta'
[1.089s] Level 1:colcon.colcon_core.package_identification:_identify(src/exam1_turtle_control) by extensions ['ros']
[1.089s] Level 1:colcon.colcon_core.package_identification:_identify(src/exam1_turtle_control) by extension 'ros'
[1.095s] DEBUG:colcon.colcon_core.package_identification:Package 'src/exam1_turtle_control' with type 'ros.ament_cmake' and name 'exam1_turtle_control'
[1.095s] Level 1:colcon.colcon_core.package_discovery:discover_packages(recursive) using defaults
[1.095s] Level 1:colcon.colcon_core.package_discovery:discover_packages(ignore) discover
[1.096s] Level 1:colcon.colcon_core.package_discovery:discover_packages(ignore) using defaults
[1.096s] Level 1:colcon.colcon_core.package_discovery:discover_packages(path) discover
[1.096s] Level 1:colcon.colcon_core.package_discovery:discover_packages(path) using defaults
[1.164s] Level 1:colcon.colcon_core.package_discovery:discover_packages(prefix_path) check parameters
[1.165s] Level 1:colcon.colcon_core.package_discovery:discover_packages(prefix_path) discover
[1.173s] DEBUG:colcon.colcon_installed_package_information.package_discovery:Found 1 installed packages in /home/peerawat/Documents/GitHub/FRA501_exam1_6443_6471/FRA501_6443_6471_WS/install
[1.176s] DEBUG:colcon.colcon_installed_package_information.package_discovery:Found 7 installed packages in /home/peerawat/fra501_ws/install
[1.180s] DEBUG:colcon.colcon_installed_package_information.package_discovery:Found 270 installed packages in /opt/ros/humble
[1.184s] Level 1:colcon.colcon_core.package_discovery:discover_packages(prefix_path) using defaults
[1.305s] Level 5:colcon.colcon_core.verb:set package 'exam1_turtle_control' build argument 'cmake_args' from command line to 'None'
[1.305s] Level 5:colcon.colcon_core.verb:set package 'exam1_turtle_control' build argument 'cmake_target' from command line to 'None'
[1.305s] Level 5:colcon.colcon_core.verb:set package 'exam1_turtle_control' build argument 'cmake_target_skip_unavailable' from command line to 'False'
[1.305s] Level 5:colcon.colcon_core.verb:set package 'exam1_turtle_control' build argument 'cmake_clean_cache' from command line to 'False'
[1.306s] Level 5:colcon.colcon_core.verb:set package 'exam1_turtle_control' build argument 'cmake_clean_first' from command line to 'False'
[1.306s] Level 5:colcon.colcon_core.verb:set package 'exam1_turtle_control' build argument 'cmake_force_configure' from command line to 'False'
[1.306s] Level 5:colcon.colcon_core.verb:set package 'exam1_turtle_control' build argument 'ament_cmake_args' from command line to 'None'
[1.306s] Level 5:colcon.colcon_core.verb:set package 'exam1_turtle_control' build argument 'catkin_cmake_args' from command line to 'None'
[1.306s] Level 5:colcon.colcon_core.verb:set package 'exam1_turtle_control' build argument 'catkin_skip_building_tests' from command line to 'False'
[1.306s] DEBUG:colcon.colcon_core.verb:Building package 'exam1_turtle_control' with the following arguments: {'ament_cmake_args': None, 'build_base': '/home/peerawat/Documents/GitHub/FRA501_exam1_6443_6471/FRA501_6443_6471_WS/build/exam1_turtle_control', 'catkin_cmake_args': None, 'catkin_skip_building_tests': False, 'cmake_args': None, 'cmake_clean_cache': False, 'cmake_clean_first': False, 'cmake_force_configure': False, 'cmake_target': None, 'cmake_target_skip_unavailable': False, 'install_base': '/home/peerawat/Documents/GitHub/FRA501_exam1_6443_6471/FRA501_6443_6471_WS/install/exam1_turtle_control', 'merge_install': False, 'path': '/home/peerawat/Documents/GitHub/FRA501_exam1_6443_6471/FRA501_6443_6471_WS/src/exam1_turtle_control', 'symlink_install': False, 'test_result_base': None}
[1.308s] INFO:colcon.colcon_core.executor:Executing jobs using 'parallel' executor
[1.314s] DEBUG:colcon.colcon_parallel_executor.executor.parallel:run_until_complete
[1.315s] INFO:colcon.colcon_ros.task.ament_cmake.build:Building ROS package in '/home/peerawat/Documents/GitHub/FRA501_exam1_6443_6471/FRA501_6443_6471_WS/src/exam1_turtle_control' with build type 'ament_cmake'
[1.318s] INFO:colcon.colcon_cmake.task.cmake.build:Building CMake package in '/home/peerawat/Documents/GitHub/FRA501_exam1_6443_6471/FRA501_6443_6471_WS/src/exam1_turtle_control'
[1.332s] INFO:colcon.colcon_core.plugin_system:Skipping extension 'colcon_core.shell.bat': Not used on non-Windows systems
[1.332s] INFO:colcon.colcon_core.shell:Skip shell extension 'powershell' for command environment: Not usable outside of PowerShell
[1.333s] DEBUG:colcon.colcon_core.shell:Skip shell extension 'dsv' for command environment
[1.382s] DEBUG:colcon.colcon_core.event_handler.log_command:Invoking command in '/home/peerawat/Documents/GitHub/FRA501_exam1_6443_6471/FRA501_6443_6471_WS/build/exam1_turtle_control': CMAKE_PREFIX_PATH=${CMAKE_PREFIX_PATH}:/home/peerawat/fra501_ws/install/pkg1:/opt/ros/humble /usr/bin/cmake --build /home/peerawat/Documents/GitHub/FRA501_exam1_6443_6471/FRA501_6443_6471_WS/build/exam1_turtle_control -- -j2 -l2
[2.330s] DEBUG:colcon.colcon_core.event_handler.log_command:Invoked command in '/home/peerawat/Documents/GitHub/FRA501_exam1_6443_6471/FRA501_6443_6471_WS/build/exam1_turtle_control' returned '0': CMAKE_PREFIX_PATH=${CMAKE_PREFIX_PATH}:/home/peerawat/fra501_ws/install/pkg1:/opt/ros/humble /usr/bin/cmake --build /home/peerawat/Documents/GitHub/FRA501_exam1_6443_6471/FRA501_6443_6471_WS/build/exam1_turtle_control -- -j2 -l2
[2.454s] DEBUG:colcon.colcon_core.event_handler.log_command:Invoking command in '/home/peerawat/Documents/GitHub/FRA501_exam1_6443_6471/FRA501_6443_6471_WS/build/exam1_turtle_control': CMAKE_PREFIX_PATH=${CMAKE_PREFIX_PATH}:/home/peerawat/fra501_ws/install/pkg1:/opt/ros/humble /usr/bin/cmake --install /home/peerawat/Documents/GitHub/FRA501_exam1_6443_6471/FRA501_6443_6471_WS/build/exam1_turtle_control
[2.614s] Level 1:colcon.colcon_core.environment:create_environment_scripts_only(exam1_turtle_control)
[2.615s] DEBUG:colcon.colcon_core.event_handler.log_command:Invoked command in '/home/peerawat/Documents/GitHub/FRA501_exam1_6443_6471/FRA501_6443_6471_WS/build/exam1_turtle_control' returned '0': CMAKE_PREFIX_PATH=${CMAKE_PREFIX_PATH}:/home/peerawat/fra501_ws/install/pkg1:/opt/ros/humble /usr/bin/cmake --install /home/peerawat/Documents/GitHub/FRA501_exam1_6443_6471/FRA501_6443_6471_WS/build/exam1_turtle_control
[2.632s] Level 1:colcon.colcon_core.environment:checking '/home/peerawat/Documents/GitHub/FRA501_exam1_6443_6471/FRA501_6443_6471_WS/install/exam1_turtle_control' for CMake module files
[2.633s] Level 1:colcon.colcon_core.environment:checking '/home/peerawat/Documents/GitHub/FRA501_exam1_6443_6471/FRA501_6443_6471_WS/install/exam1_turtle_control' for CMake config files
[2.634s] Level 1:colcon.colcon_core.shell:create_environment_hook('exam1_turtle_control', 'cmake_prefix_path')
[2.638s] INFO:colcon.colcon_core.shell:Creating environment hook '/home/peerawat/Documents/GitHub/FRA501_exam1_6443_6471/FRA501_6443_6471_WS/install/exam1_turtle_control/share/exam1_turtle_control/hook/cmake_prefix_path.ps1'
[2.642s] INFO:colcon.colcon_core.shell:Creating environment descriptor '/home/peerawat/Documents/GitHub/FRA501_exam1_6443_6471/FRA501_6443_6471_WS/install/exam1_turtle_control/share/exam1_turtle_control/hook/cmake_prefix_path.dsv'
[2.644s] INFO:colcon.colcon_core.shell:Creating environment hook '/home/peerawat/Documents/GitHub/FRA501_exam1_6443_6471/FRA501_6443_6471_WS/install/exam1_turtle_control/share/exam1_turtle_control/hook/cmake_prefix_path.sh'
[2.646s] Level 1:colcon.colcon_core.environment:checking '/home/peerawat/Documents/GitHub/FRA501_exam1_6443_6471/FRA501_6443_6471_WS/install/exam1_turtle_control/lib'
[2.646s] Level 1:colcon.colcon_core.environment:checking '/home/peerawat/Documents/GitHub/FRA501_exam1_6443_6471/FRA501_6443_6471_WS/install/exam1_turtle_control/bin'
[2.646s] Level 1:colcon.colcon_core.environment:checking '/home/peerawat/Documents/GitHub/FRA501_exam1_6443_6471/FRA501_6443_6471_WS/install/exam1_turtle_control/lib/pkgconfig/exam1_turtle_control.pc'
[2.647s] Level 1:colcon.colcon_core.environment:checking '/home/peerawat/Documents/GitHub/FRA501_exam1_6443_6471/FRA501_6443_6471_WS/install/exam1_turtle_control/lib/python3.10/site-packages'
[2.648s] Level 1:colcon.colcon_core.environment:checking '/home/peerawat/Documents/GitHub/FRA501_exam1_6443_6471/FRA501_6443_6471_WS/install/exam1_turtle_control/bin'
[2.652s] INFO:colcon.colcon_core.shell:Creating package script '/home/peerawat/Documents/GitHub/FRA501_exam1_6443_6471/FRA501_6443_6471_WS/install/exam1_turtle_control/share/exam1_turtle_control/package.ps1'
[2.653s] INFO:colcon.colcon_core.shell:Creating package descriptor '/home/peerawat/Documents/GitHub/FRA501_exam1_6443_6471/FRA501_6443_6471_WS/install/exam1_turtle_control/share/exam1_turtle_control/package.dsv'
[2.654s] INFO:colcon.colcon_core.shell:Creating package script '/home/peerawat/Documents/GitHub/FRA501_exam1_6443_6471/FRA501_6443_6471_WS/install/exam1_turtle_control/share/exam1_turtle_control/package.sh'
[2.656s] INFO:colcon.colcon_core.shell:Creating package script '/home/peerawat/Documents/GitHub/FRA501_exam1_6443_6471/FRA501_6443_6471_WS/install/exam1_turtle_control/share/exam1_turtle_control/package.bash'
[2.661s] INFO:colcon.colcon_core.shell:Creating package script '/home/peerawat/Documents/GitHub/FRA501_exam1_6443_6471/FRA501_6443_6471_WS/install/exam1_turtle_control/share/exam1_turtle_control/package.zsh'
[2.662s] Level 1:colcon.colcon_core.environment:create_file_with_runtime_dependencies(/home/peerawat/Documents/GitHub/FRA501_exam1_6443_6471/FRA501_6443_6471_WS/install/exam1_turtle_control/share/colcon-core/packages/exam1_turtle_control)
[2.787s] Level 1:colcon.colcon_core.environment:create_environment_scripts_only(exam1_turtle_control)
[2.790s] Level 1:colcon.colcon_core.environment:checking '/home/peerawat/Documents/GitHub/FRA501_exam1_6443_6471/FRA501_6443_6471_WS/install/exam1_turtle_control' for CMake module files
[2.791s] Level 1:colcon.colcon_core.environment:checking '/home/peerawat/Documents/GitHub/FRA501_exam1_6443_6471/FRA501_6443_6471_WS/install/exam1_turtle_control' for CMake config files
[2.792s] Level 1:colcon.colcon_core.shell:create_environment_hook('exam1_turtle_control', 'cmake_prefix_path')
[2.793s] INFO:colcon.colcon_core.shell:Creating environment hook '/home/peerawat/Documents/GitHub/FRA501_exam1_6443_6471/FRA501_6443_6471_WS/install/exam1_turtle_control/share/exam1_turtle_control/hook/cmake_prefix_path.ps1'
[2.794s] INFO:colcon.colcon_core.shell:Creating environment descriptor '/home/peerawat/Documents/GitHub/FRA501_exam1_6443_6471/FRA501_6443_6471_WS/install/exam1_turtle_control/share/exam1_turtle_control/hook/cmake_prefix_path.dsv'
[2.796s] INFO:colcon.colcon_core.shell:Creating environment hook '/home/peerawat/Documents/GitHub/FRA501_exam1_6443_6471/FRA501_6443_6471_WS/install/exam1_turtle_control/share/exam1_turtle_control/hook/cmake_prefix_path.sh'
[2.797s] Level 1:colcon.colcon_core.environment:checking '/home/peerawat/Documents/GitHub/FRA501_exam1_6443_6471/FRA501_6443_6471_WS/install/exam1_turtle_control/lib'
[2.797s] Level 1:colcon.colcon_core.environment:checking '/home/peerawat/Documents/GitHub/FRA501_exam1_6443_6471/FRA501_6443_6471_WS/install/exam1_turtle_control/bin'
[2.797s] Level 1:colcon.colcon_core.environment:checking '/home/peerawat/Documents/GitHub/FRA501_exam1_6443_6471/FRA501_6443_6471_WS/install/exam1_turtle_control/lib/pkgconfig/exam1_turtle_control.pc'
[2.797s] Level 1:colcon.colcon_core.environment:checking '/home/peerawat/Documents/GitHub/FRA501_exam1_6443_6471/FRA501_6443_6471_WS/install/exam1_turtle_control/lib/python3.10/site-packages'
[2.797s] Level 1:colcon.colcon_core.environment:checking '/home/peerawat/Documents/GitHub/FRA501_exam1_6443_6471/FRA501_6443_6471_WS/install/exam1_turtle_control/bin'
[2.805s] INFO:colcon.colcon_core.shell:Creating package script '/home/peerawat/Documents/GitHub/FRA501_exam1_6443_6471/FRA501_6443_6471_WS/install/exam1_turtle_control/share/exam1_turtle_control/package.ps1'
[2.806s] INFO:colcon.colcon_core.shell:Creating package descriptor '/home/peerawat/Documents/GitHub/FRA501_exam1_6443_6471/FRA501_6443_6471_WS/install/exam1_turtle_control/share/exam1_turtle_control/package.dsv'
[2.812s] INFO:colcon.colcon_core.shell:Creating package script '/home/peerawat/Documents/GitHub/FRA501_exam1_6443_6471/FRA501_6443_6471_WS/install/exam1_turtle_control/share/exam1_turtle_control/package.sh'
[2.812s] INFO:colcon.colcon_core.shell:Creating package script '/home/peerawat/Documents/GitHub/FRA501_exam1_6443_6471/FRA501_6443_6471_WS/install/exam1_turtle_control/share/exam1_turtle_control/package.bash'
[2.813s] INFO:colcon.colcon_core.shell:Creating package script '/home/peerawat/Documents/GitHub/FRA501_exam1_6443_6471/FRA501_6443_6471_WS/install/exam1_turtle_control/share/exam1_turtle_control/package.zsh'
[2.813s] Level 1:colcon.colcon_core.environment:create_file_with_runtime_dependencies(/home/peerawat/Documents/GitHub/FRA501_exam1_6443_6471/FRA501_6443_6471_WS/install/exam1_turtle_control/share/colcon-core/packages/exam1_turtle_control)
[2.814s] DEBUG:colcon.colcon_parallel_executor.executor.parallel:closing loop
[2.814s] DEBUG:colcon.colcon_parallel_executor.executor.parallel:loop closed
[2.814s] DEBUG:colcon.colcon_parallel_executor.executor.parallel:run_until_complete finished with '0'
[2.814s] DEBUG:colcon.colcon_core.event_reactor:joining thread
[2.823s] INFO:colcon.colcon_core.plugin_system:Skipping extension 'colcon_notification.desktop_notification.terminal_notifier': Not used on non-Darwin systems
[2.823s] INFO:colcon.colcon_core.plugin_system:Skipping extension 'colcon_notification.desktop_notification.win32': Not used on non-Windows systems
[2.824s] INFO:colcon.colcon_notification.desktop_notification:Sending desktop notification using 'notify2'
[2.871s] DEBUG:colcon.colcon_core.event_reactor:joined thread
[2.874s] INFO:colcon.colcon_core.shell:Creating prefix script '/home/peerawat/Documents/GitHub/FRA501_exam1_6443_6471/FRA501_6443_6471_WS/install/local_setup.ps1'
[2.878s] INFO:colcon.colcon_core.shell:Creating prefix util module '/home/peerawat/Documents/GitHub/FRA501_exam1_6443_6471/FRA501_6443_6471_WS/install/_local_setup_util_ps1.py'
[2.883s] INFO:colcon.colcon_core.shell:Creating prefix chain script '/home/peerawat/Documents/GitHub/FRA501_exam1_6443_6471/FRA501_6443_6471_WS/install/setup.ps1'
[2.895s] INFO:colcon.colcon_core.shell:Creating prefix script '/home/peerawat/Documents/GitHub/FRA501_exam1_6443_6471/FRA501_6443_6471_WS/install/local_setup.sh'
[2.898s] INFO:colcon.colcon_core.shell:Creating prefix util module '/home/peerawat/Documents/GitHub/FRA501_exam1_6443_6471/FRA501_6443_6471_WS/install/_local_setup_util_sh.py'
[2.899s] INFO:colcon.colcon_core.shell:Creating prefix chain script '/home/peerawat/Documents/GitHub/FRA501_exam1_6443_6471/FRA501_6443_6471_WS/install/setup.sh'
[2.903s] INFO:colcon.colcon_core.shell:Creating prefix script '/home/peerawat/Documents/GitHub/FRA501_exam1_6443_6471/FRA501_6443_6471_WS/install/local_setup.bash'
[2.904s] INFO:colcon.colcon_core.shell:Creating prefix chain script '/home/peerawat/Documents/GitHub/FRA501_exam1_6443_6471/FRA501_6443_6471_WS/install/setup.bash'
[2.908s] INFO:colcon.colcon_core.shell:Creating prefix script '/home/peerawat/Documents/GitHub/FRA501_exam1_6443_6471/FRA501_6443_6471_WS/install/local_setup.zsh'
[2.910s] INFO:colcon.colcon_core.shell:Creating prefix chain script '/home/peerawat/Documents/GitHub/FRA501_exam1_6443_6471/FRA501_6443_6471_WS/install/setup.zsh'
