[0.063s] Invoking command in '/home/kkwxnn/Documents/GitHub/FRA501_exam1_6443_6471/FRA501_6443_6471_WS/build/turtlesim_plus': CMAKE_PREFIX_PATH=${CMAKE_PREFIX_PATH}:/opt/ros/humble /usr/bin/cmake /home/kkwxnn/Documents/GitHub/FRA501_exam1_6443_6471/FRA501_6443_6471_WS/src/turtlesim_plus/turtlesim_plus -DCMAKE_INSTALL_PREFIX=/home/kkwxnn/Documents/GitHub/FRA501_exam1_6443_6471/FRA501_6443_6471_WS/install/turtlesim_plus
[0.519s] -- The C compiler identification is GNU 11.4.0
[0.817s] -- The CXX compiler identification is GNU 11.4.0
[0.850s] -- Detecting C compiler ABI info
[1.044s] -- Detecting C compiler ABI info - done
[1.073s] -- Check for working C compiler: /usr/bin/cc - skipped
[1.073s] -- Detecting C compile features
[1.078s] -- Detecting C compile features - done
[1.092s] -- Detecting CXX compiler ABI info
[1.315s] -- Detecting CXX compiler ABI info - done
[1.346s] -- Check for working CXX compiler: /usr/bin/c++ - skipped
[1.347s] -- Detecting CXX compile features
[1.348s] -- Detecting CXX compile features - done
[1.358s] -- Found ament_cmake: 1.3.5 (/opt/ros/humble/share/ament_cmake/cmake)
[1.949s] -- Found Python3: /usr/bin/python3.10 (found version "3.10.12") found components: Interpreter 
[2.228s] -- Found rclcpp: 16.0.5 (/opt/ros/humble/share/rclcpp/cmake)
[2.442s] -- Found rosidl_generator_c: 3.1.5 (/opt/ros/humble/share/rosidl_generator_c/cmake)
[2.452s] -- Found rosidl_adapter: 3.1.5 (/opt/ros/humble/share/rosidl_adapter/cmake)
[2.483s] -- Found rosidl_generator_cpp: 3.1.5 (/opt/ros/humble/share/rosidl_generator_cpp/cmake)
[2.539s] -- Using all available rosidl_typesupport_c: rosidl_typesupport_fastrtps_c;rosidl_typesupport_introspection_c
[2.583s] -- Using all available rosidl_typesupport_cpp: rosidl_typesupport_fastrtps_cpp;rosidl_typesupport_introspection_cpp
[2.854s] -- Found rmw_implementation_cmake: 6.1.1 (/opt/ros/humble/share/rmw_implementation_cmake/cmake)
[2.871s] -- Found rmw_fastrtps_cpp: 6.2.3 (/opt/ros/humble/share/rmw_fastrtps_cpp/cmake)
[3.168s] -- Found OpenSSL: /usr/lib/x86_64-linux-gnu/libcrypto.so (found version "3.0.2")  
[3.225s] -- Found FastRTPS: /opt/ros/humble/include  
[3.328s] -- Using RMW implementation 'rmw_fastrtps_cpp' as default
[3.370s] -- Looking for pthread.h
[3.556s] -- Looking for pthread.h - found
[3.560s] -- Performing Test CMAKE_HAVE_LIBC_PTHREAD
[3.752s] -- Performing Test CMAKE_HAVE_LIBC_PTHREAD - Success
[3.752s] -- Found Threads: TRUE  
[4.194s] -- Found rclpy: 3.3.9 (/opt/ros/humble/share/rclpy/cmake)
[4.548s] -- Configuring done
[4.552s] -- Generating done
[4.564s] -- Build files have been written to: /home/kkwxnn/Documents/GitHub/FRA501_exam1_6443_6471/FRA501_6443_6471_WS/build/turtlesim_plus
[4.579s] Invoked command in '/home/kkwxnn/Documents/GitHub/FRA501_exam1_6443_6471/FRA501_6443_6471_WS/build/turtlesim_plus' returned '0': CMAKE_PREFIX_PATH=${CMAKE_PREFIX_PATH}:/opt/ros/humble /usr/bin/cmake /home/kkwxnn/Documents/GitHub/FRA501_exam1_6443_6471/FRA501_6443_6471_WS/src/turtlesim_plus/turtlesim_plus -DCMAKE_INSTALL_PREFIX=/home/kkwxnn/Documents/GitHub/FRA501_exam1_6443_6471/FRA501_6443_6471_WS/install/turtlesim_plus
[4.582s] Invoking command in '/home/kkwxnn/Documents/GitHub/FRA501_exam1_6443_6471/FRA501_6443_6471_WS/build/turtlesim_plus': CMAKE_PREFIX_PATH=${CMAKE_PREFIX_PATH}:/opt/ros/humble /usr/bin/cmake --build /home/kkwxnn/Documents/GitHub/FRA501_exam1_6443_6471/FRA501_6443_6471_WS/build/turtlesim_plus -- -j2 -l2
[4.774s] Built target ament_cmake_python_copy_turtlesim_plus
[5.878s] running egg_info
[5.882s] creating turtlesim_plus.egg-info
[5.884s] writing turtlesim_plus.egg-info/PKG-INFO
[5.886s] writing dependency_links to turtlesim_plus.egg-info/dependency_links.txt
[5.888s] writing top-level names to turtlesim_plus.egg-info/top_level.txt
[5.890s] writing manifest file 'turtlesim_plus.egg-info/SOURCES.txt'
[5.902s] reading manifest file 'turtlesim_plus.egg-info/SOURCES.txt'
[5.904s] writing manifest file 'turtlesim_plus.egg-info/SOURCES.txt'
[5.983s] Built target ament_cmake_python_build_turtlesim_plus_egg
[6.013s] Invoked command in '/home/kkwxnn/Documents/GitHub/FRA501_exam1_6443_6471/FRA501_6443_6471_WS/build/turtlesim_plus' returned '0': CMAKE_PREFIX_PATH=${CMAKE_PREFIX_PATH}:/opt/ros/humble /usr/bin/cmake --build /home/kkwxnn/Documents/GitHub/FRA501_exam1_6443_6471/FRA501_6443_6471_WS/build/turtlesim_plus -- -j2 -l2
[6.097s] Invoking command in '/home/kkwxnn/Documents/GitHub/FRA501_exam1_6443_6471/FRA501_6443_6471_WS/build/turtlesim_plus': CMAKE_PREFIX_PATH=${CMAKE_PREFIX_PATH}:/opt/ros/humble /usr/bin/cmake --install /home/kkwxnn/Documents/GitHub/FRA501_exam1_6443_6471/FRA501_6443_6471_WS/build/turtlesim_plus
[6.115s] -- Install configuration: ""
[6.117s] -- Installing: /home/kkwxnn/Documents/GitHub/FRA501_exam1_6443_6471/FRA501_6443_6471_WS/install/turtlesim_plus/share/turtlesim_plus/environment/pythonpath.sh
[6.119s] -- Installing: /home/kkwxnn/Documents/GitHub/FRA501_exam1_6443_6471/FRA501_6443_6471_WS/install/turtlesim_plus/share/turtlesim_plus/environment/pythonpath.dsv
[6.123s] -- Installing: /home/kkwxnn/Documents/GitHub/FRA501_exam1_6443_6471/FRA501_6443_6471_WS/install/turtlesim_plus/local/lib/python3.10/dist-packages/turtlesim_plus-1.0.0-py3.10.egg-info
[6.127s] -- Installing: /home/kkwxnn/Documents/GitHub/FRA501_exam1_6443_6471/FRA501_6443_6471_WS/install/turtlesim_plus/local/lib/python3.10/dist-packages/turtlesim_plus-1.0.0-py3.10.egg-info/SOURCES.txt
[6.130s] -- Installing: /home/kkwxnn/Documents/GitHub/FRA501_exam1_6443_6471/FRA501_6443_6471_WS/install/turtlesim_plus/local/lib/python3.10/dist-packages/turtlesim_plus-1.0.0-py3.10.egg-info/PKG-INFO
[6.133s] -- Installing: /home/kkwxnn/Documents/GitHub/FRA501_exam1_6443_6471/FRA501_6443_6471_WS/install/turtlesim_plus/local/lib/python3.10/dist-packages/turtlesim_plus-1.0.0-py3.10.egg-info/top_level.txt
[6.136s] -- Installing: /home/kkwxnn/Documents/GitHub/FRA501_exam1_6443_6471/FRA501_6443_6471_WS/install/turtlesim_plus/local/lib/python3.10/dist-packages/turtlesim_plus-1.0.0-py3.10.egg-info/dependency_links.txt
[6.139s] -- Installing: /home/kkwxnn/Documents/GitHub/FRA501_exam1_6443_6471/FRA501_6443_6471_WS/install/turtlesim_plus/local/lib/python3.10/dist-packages/turtlesim_plus
[6.140s] -- Installing: /home/kkwxnn/Documents/GitHub/FRA501_exam1_6443_6471/FRA501_6443_6471_WS/install/turtlesim_plus/local/lib/python3.10/dist-packages/turtlesim_plus/entity.py
[6.143s] -- Installing: /home/kkwxnn/Documents/GitHub/FRA501_exam1_6443_6471/FRA501_6443_6471_WS/install/turtlesim_plus/local/lib/python3.10/dist-packages/turtlesim_plus/__init__.py
[6.145s] -- Installing: /home/kkwxnn/Documents/GitHub/FRA501_exam1_6443_6471/FRA501_6443_6471_WS/install/turtlesim_plus/local/lib/python3.10/dist-packages/turtlesim_plus/image
[6.146s] -- Installing: /home/kkwxnn/Documents/GitHub/FRA501_exam1_6443_6471/FRA501_6443_6471_WS/install/turtlesim_plus/local/lib/python3.10/dist-packages/turtlesim_plus/image/map
[6.149s] -- Installing: /home/kkwxnn/Documents/GitHub/FRA501_exam1_6443_6471/FRA501_6443_6471_WS/install/turtlesim_plus/local/lib/python3.10/dist-packages/turtlesim_plus/image/map/map.png
[6.152s] -- Installing: /home/kkwxnn/Documents/GitHub/FRA501_exam1_6443_6471/FRA501_6443_6471_WS/install/turtlesim_plus/local/lib/python3.10/dist-packages/turtlesim_plus/image/object
[6.154s] -- Installing: /home/kkwxnn/Documents/GitHub/FRA501_exam1_6443_6471/FRA501_6443_6471_WS/install/turtlesim_plus/local/lib/python3.10/dist-packages/turtlesim_plus/image/object/pizza.png
[6.157s] -- Installing: /home/kkwxnn/Documents/GitHub/FRA501_exam1_6443_6471/FRA501_6443_6471_WS/install/turtlesim_plus/local/lib/python3.10/dist-packages/turtlesim_plus/image/object/parcel.png
[6.160s] -- Installing: /home/kkwxnn/Documents/GitHub/FRA501_exam1_6443_6471/FRA501_6443_6471_WS/install/turtlesim_plus/local/lib/python3.10/dist-packages/turtlesim_plus/image/turtle
[6.162s] -- Installing: /home/kkwxnn/Documents/GitHub/FRA501_exam1_6443_6471/FRA501_6443_6471_WS/install/turtlesim_plus/local/lib/python3.10/dist-packages/turtlesim_plus/image/turtle/humble.png
[6.164s] -- Installing: /home/kkwxnn/Documents/GitHub/FRA501_exam1_6443_6471/FRA501_6443_6471_WS/install/turtlesim_plus/local/lib/python3.10/dist-packages/turtlesim_plus/image/turtle/bouncy.png
[6.170s] -- Installing: /home/kkwxnn/Documents/GitHub/FRA501_exam1_6443_6471/FRA501_6443_6471_WS/install/turtlesim_plus/local/lib/python3.10/dist-packages/turtlesim_plus/image/turtle/rolling.png
[6.173s] -- Installing: /home/kkwxnn/Documents/GitHub/FRA501_exam1_6443_6471/FRA501_6443_6471_WS/install/turtlesim_plus/local/lib/python3.10/dist-packages/turtlesim_plus/image/turtle/crystal.png
[6.176s] -- Installing: /home/kkwxnn/Documents/GitHub/FRA501_exam1_6443_6471/FRA501_6443_6471_WS/install/turtlesim_plus/local/lib/python3.10/dist-packages/turtlesim_plus/image/turtle/otto.png
[6.181s] -- Installing: /home/kkwxnn/Documents/GitHub/FRA501_exam1_6443_6471/FRA501_6443_6471_WS/install/turtlesim_plus/local/lib/python3.10/dist-packages/turtlesim_plus/image/turtle/galactic.png
[6.184s] -- Installing: /home/kkwxnn/Documents/GitHub/FRA501_exam1_6443_6471/FRA501_6443_6471_WS/install/turtlesim_plus/local/lib/python3.10/dist-packages/turtlesim_plus/image/turtle/eloquent.png
[6.186s] -- Installing: /home/kkwxnn/Documents/GitHub/FRA501_exam1_6443_6471/FRA501_6443_6471_WS/install/turtlesim_plus/local/lib/python3.10/dist-packages/turtlesim_plus/image/turtle/dashing.png
[6.194s] -- Installing: /home/kkwxnn/Documents/GitHub/FRA501_exam1_6443_6471/FRA501_6443_6471_WS/install/turtlesim_plus/local/lib/python3.10/dist-packages/turtlesim_plus/image/turtle/foxy.png
[6.195s] -- Installing: /home/kkwxnn/Documents/GitHub/FRA501_exam1_6443_6471/FRA501_6443_6471_WS/install/turtlesim_plus/local/lib/python3.10/dist-packages/turtlesim_plus/image/turtle/ardent.png
[6.200s] -- Installing: /home/kkwxnn/Documents/GitHub/FRA501_exam1_6443_6471/FRA501_6443_6471_WS/install/turtlesim_plus/local/lib/python3.10/dist-packages/turtlesim_plus/ros2_plugins.py
[6.325s] Listing '/home/kkwxnn/Documents/GitHub/FRA501_exam1_6443_6471/FRA501_6443_6471_WS/install/turtlesim_plus/local/lib/python3.10/dist-packages/turtlesim_plus'...
[6.326s] Compiling '/home/kkwxnn/Documents/GitHub/FRA501_exam1_6443_6471/FRA501_6443_6471_WS/install/turtlesim_plus/local/lib/python3.10/dist-packages/turtlesim_plus/__init__.py'...
[6.327s] Compiling '/home/kkwxnn/Documents/GitHub/FRA501_exam1_6443_6471/FRA501_6443_6471_WS/install/turtlesim_plus/local/lib/python3.10/dist-packages/turtlesim_plus/entity.py'...
[6.327s] Listing '/home/kkwxnn/Documents/GitHub/FRA501_exam1_6443_6471/FRA501_6443_6471_WS/install/turtlesim_plus/local/lib/python3.10/dist-packages/turtlesim_plus/image'...
[6.328s] Listing '/home/kkwxnn/Documents/GitHub/FRA501_exam1_6443_6471/FRA501_6443_6471_WS/install/turtlesim_plus/local/lib/python3.10/dist-packages/turtlesim_plus/image/map'...
[6.329s] Listing '/home/kkwxnn/Documents/GitHub/FRA501_exam1_6443_6471/FRA501_6443_6471_WS/install/turtlesim_plus/local/lib/python3.10/dist-packages/turtlesim_plus/image/object'...
[6.329s] Listing '/home/kkwxnn/Documents/GitHub/FRA501_exam1_6443_6471/FRA501_6443_6471_WS/install/turtlesim_plus/local/lib/python3.10/dist-packages/turtlesim_plus/image/turtle'...
[6.330s] Compiling '/home/kkwxnn/Documents/GitHub/FRA501_exam1_6443_6471/FRA501_6443_6471_WS/install/turtlesim_plus/local/lib/python3.10/dist-packages/turtlesim_plus/ros2_plugins.py'...
[6.350s] -- Installing: /home/kkwxnn/Documents/GitHub/FRA501_exam1_6443_6471/FRA501_6443_6471_WS/install/turtlesim_plus/lib/turtlesim_plus/turtlesim_plus_node.py
[6.353s] -- Installing: /home/kkwxnn/Documents/GitHub/FRA501_exam1_6443_6471/FRA501_6443_6471_WS/install/turtlesim_plus/lib/turtlesim_plus/pizza_on_click.py
[6.360s] -- Up-to-date: /home/kkwxnn/Documents/GitHub/FRA501_exam1_6443_6471/FRA501_6443_6471_WS/install/turtlesim_plus/share/turtlesim_plus
[6.365s] -- Installing: /home/kkwxnn/Documents/GitHub/FRA501_exam1_6443_6471/FRA501_6443_6471_WS/install/turtlesim_plus/share/ament_index/resource_index/package_run_dependencies/turtlesim_plus
[6.369s] -- Installing: /home/kkwxnn/Documents/GitHub/FRA501_exam1_6443_6471/FRA501_6443_6471_WS/install/turtlesim_plus/share/ament_index/resource_index/parent_prefix_path/turtlesim_plus
[6.372s] -- Installing: /home/kkwxnn/Documents/GitHub/FRA501_exam1_6443_6471/FRA501_6443_6471_WS/install/turtlesim_plus/share/turtlesim_plus/environment/ament_prefix_path.sh
[6.376s] -- Installing: /home/kkwxnn/Documents/GitHub/FRA501_exam1_6443_6471/FRA501_6443_6471_WS/install/turtlesim_plus/share/turtlesim_plus/environment/ament_prefix_path.dsv
[6.379s] -- Installing: /home/kkwxnn/Documents/GitHub/FRA501_exam1_6443_6471/FRA501_6443_6471_WS/install/turtlesim_plus/share/turtlesim_plus/environment/path.sh
[6.382s] -- Installing: /home/kkwxnn/Documents/GitHub/FRA501_exam1_6443_6471/FRA501_6443_6471_WS/install/turtlesim_plus/share/turtlesim_plus/environment/path.dsv
[6.386s] -- Installing: /home/kkwxnn/Documents/GitHub/FRA501_exam1_6443_6471/FRA501_6443_6471_WS/install/turtlesim_plus/share/turtlesim_plus/local_setup.bash
[6.389s] -- Installing: /home/kkwxnn/Documents/GitHub/FRA501_exam1_6443_6471/FRA501_6443_6471_WS/install/turtlesim_plus/share/turtlesim_plus/local_setup.sh
[6.393s] -- Installing: /home/kkwxnn/Documents/GitHub/FRA501_exam1_6443_6471/FRA501_6443_6471_WS/install/turtlesim_plus/share/turtlesim_plus/local_setup.zsh
[6.397s] -- Installing: /home/kkwxnn/Documents/GitHub/FRA501_exam1_6443_6471/FRA501_6443_6471_WS/install/turtlesim_plus/share/turtlesim_plus/local_setup.dsv
[6.401s] -- Installing: /home/kkwxnn/Documents/GitHub/FRA501_exam1_6443_6471/FRA501_6443_6471_WS/install/turtlesim_plus/share/turtlesim_plus/package.dsv
[6.405s] -- Installing: /home/kkwxnn/Documents/GitHub/FRA501_exam1_6443_6471/FRA501_6443_6471_WS/install/turtlesim_plus/share/ament_index/resource_index/packages/turtlesim_plus
[6.414s] -- Installing: /home/kkwxnn/Documents/GitHub/FRA501_exam1_6443_6471/FRA501_6443_6471_WS/install/turtlesim_plus/share/turtlesim_plus/cmake/turtlesim_plusConfig.cmake
[6.426s] -- Installing: /home/kkwxnn/Documents/GitHub/FRA501_exam1_6443_6471/FRA501_6443_6471_WS/install/turtlesim_plus/share/turtlesim_plus/cmake/turtlesim_plusConfig-version.cmake
[6.429s] -- Installing: /home/kkwxnn/Documents/GitHub/FRA501_exam1_6443_6471/FRA501_6443_6471_WS/install/turtlesim_plus/share/turtlesim_plus/package.xml
[6.431s] Invoked command in '/home/kkwxnn/Documents/GitHub/FRA501_exam1_6443_6471/FRA501_6443_6471_WS/build/turtlesim_plus' returned '0': CMAKE_PREFIX_PATH=${CMAKE_PREFIX_PATH}:/opt/ros/humble /usr/bin/cmake --install /home/kkwxnn/Documents/GitHub/FRA501_exam1_6443_6471/FRA501_6443_6471_WS/build/turtlesim_plus
