[0.039s] Invoking command in '/home/kkwxnn/Documents/GitHub/FRA501_exam1_6443_6471/FRA501_6443_6471_WS/build/turtlesimplus_control_exam1': CMAKE_PREFIX_PATH=${CMAKE_PREFIX_PATH}:/opt/ros/humble /usr/bin/cmake --build /home/kkwxnn/Documents/GitHub/FRA501_exam1_6443_6471/FRA501_6443_6471_WS/build/turtlesimplus_control_exam1 -- -j2 -l2
[0.114s] Invoked command in '/home/kkwxnn/Documents/GitHub/FRA501_exam1_6443_6471/FRA501_6443_6471_WS/build/turtlesimplus_control_exam1' returned '0': CMAKE_PREFIX_PATH=${CMAKE_PREFIX_PATH}:/opt/ros/humble /usr/bin/cmake --build /home/kkwxnn/Documents/GitHub/FRA501_exam1_6443_6471/FRA501_6443_6471_WS/build/turtlesimplus_control_exam1 -- -j2 -l2
[0.176s] Invoking command in '/home/kkwxnn/Documents/GitHub/FRA501_exam1_6443_6471/FRA501_6443_6471_WS/build/turtlesimplus_control_exam1': CMAKE_PREFIX_PATH=${CMAKE_PREFIX_PATH}:/opt/ros/humble /usr/bin/cmake --install /home/kkwxnn/Documents/GitHub/FRA501_exam1_6443_6471/FRA501_6443_6471_WS/build/turtlesimplus_control_exam1
[0.190s] -- Install configuration: ""
[0.191s] -- Up-to-date: /home/kkwxnn/Documents/GitHub/FRA501_exam1_6443_6471/FRA501_6443_6471_WS/install/turtlesimplus_control_exam1/share/ament_index/resource_index/package_run_dependencies/turtlesimplus_control_exam1
[0.192s] -- Up-to-date: /home/kkwxnn/Documents/GitHub/FRA501_exam1_6443_6471/FRA501_6443_6471_WS/install/turtlesimplus_control_exam1/share/ament_index/resource_index/parent_prefix_path/turtlesimplus_control_exam1
[0.193s] -- Up-to-date: /home/kkwxnn/Documents/GitHub/FRA501_exam1_6443_6471/FRA501_6443_6471_WS/install/turtlesimplus_control_exam1/share/turtlesimplus_control_exam1/environment/ament_prefix_path.sh
[0.193s] -- Up-to-date: /home/kkwxnn/Documents/GitHub/FRA501_exam1_6443_6471/FRA501_6443_6471_WS/install/turtlesimplus_control_exam1/share/turtlesimplus_control_exam1/environment/ament_prefix_path.dsv
[0.194s] -- Up-to-date: /home/kkwxnn/Documents/GitHub/FRA501_exam1_6443_6471/FRA501_6443_6471_WS/install/turtlesimplus_control_exam1/share/turtlesimplus_control_exam1/environment/path.sh
[0.194s] -- Up-to-date: /home/kkwxnn/Documents/GitHub/FRA501_exam1_6443_6471/FRA501_6443_6471_WS/install/turtlesimplus_control_exam1/share/turtlesimplus_control_exam1/environment/path.dsv
[0.195s] -- Up-to-date: /home/kkwxnn/Documents/GitHub/FRA501_exam1_6443_6471/FRA501_6443_6471_WS/install/turtlesimplus_control_exam1/share/turtlesimplus_control_exam1/local_setup.bash
[0.196s] -- Up-to-date: /home/kkwxnn/Documents/GitHub/FRA501_exam1_6443_6471/FRA501_6443_6471_WS/install/turtlesimplus_control_exam1/share/turtlesimplus_control_exam1/local_setup.sh
[0.197s] -- Up-to-date: /home/kkwxnn/Documents/GitHub/FRA501_exam1_6443_6471/FRA501_6443_6471_WS/install/turtlesimplus_control_exam1/share/turtlesimplus_control_exam1/local_setup.zsh
[0.197s] -- Up-to-date: /home/kkwxnn/Documents/GitHub/FRA501_exam1_6443_6471/FRA501_6443_6471_WS/install/turtlesimplus_control_exam1/share/turtlesimplus_control_exam1/local_setup.dsv
[0.197s] -- Installing: /home/kkwxnn/Documents/GitHub/FRA501_exam1_6443_6471/FRA501_6443_6471_WS/install/turtlesimplus_control_exam1/share/turtlesimplus_control_exam1/package.dsv
[0.200s] -- Up-to-date: /home/kkwxnn/Documents/GitHub/FRA501_exam1_6443_6471/FRA501_6443_6471_WS/install/turtlesimplus_control_exam1/share/ament_index/resource_index/packages/turtlesimplus_control_exam1
[0.200s] -- Up-to-date: /home/kkwxnn/Documents/GitHub/FRA501_exam1_6443_6471/FRA501_6443_6471_WS/install/turtlesimplus_control_exam1/share/turtlesimplus_control_exam1/cmake/turtlesimplus_control_exam1Config.cmake
[0.200s] -- Up-to-date: /home/kkwxnn/Documents/GitHub/FRA501_exam1_6443_6471/FRA501_6443_6471_WS/install/turtlesimplus_control_exam1/share/turtlesimplus_control_exam1/cmake/turtlesimplus_control_exam1Config-version.cmake
[0.200s] -- Up-to-date: /home/kkwxnn/Documents/GitHub/FRA501_exam1_6443_6471/FRA501_6443_6471_WS/install/turtlesimplus_control_exam1/share/turtlesimplus_control_exam1/package.xml
[0.206s] Invoked command in '/home/kkwxnn/Documents/GitHub/FRA501_exam1_6443_6471/FRA501_6443_6471_WS/build/turtlesimplus_control_exam1' returned '0': CMAKE_PREFIX_PATH=${CMAKE_PREFIX_PATH}:/opt/ros/humble /usr/bin/cmake --install /home/kkwxnn/Documents/GitHub/FRA501_exam1_6443_6471/FRA501_6443_6471_WS/build/turtlesimplus_control_exam1
