[0.043s] Invoking command in '/home/kkwxnn/Documents/GitHub/FRA501_exam1_6443_6471/FRA501_6443_6471_WS/build/turtlesim_plus_interfaces': CMAKE_PREFIX_PATH=${CMAKE_PREFIX_PATH}:/opt/ros/humble /usr/bin/cmake /home/kkwxnn/Documents/GitHub/FRA501_exam1_6443_6471/FRA501_6443_6471_WS/src/turtlesim_plus/turtlesim_plus_interfaces -DCMAKE_INSTALL_PREFIX=/home/kkwxnn/Documents/GitHub/FRA501_exam1_6443_6471/FRA501_6443_6471_WS/install/turtlesim_plus_interfaces
[0.487s] -- The C compiler identification is GNU 11.4.0
[0.779s] -- The CXX compiler identification is GNU 11.4.0
[0.815s] -- Detecting C compiler ABI info
[1.026s] -- Detecting C compiler ABI info - done
[1.048s] -- Check for working C compiler: /usr/bin/cc - skipped
[1.049s] -- Detecting C compile features
[1.050s] -- Detecting C compile features - done
[1.058s] -- Detecting CXX compiler ABI info
[1.258s] -- Detecting CXX compiler ABI info - done
[1.277s] -- Check for working CXX compiler: /usr/bin/c++ - skipped
[1.280s] -- Detecting CXX compile features
[1.280s] -- Detecting CXX compile features - done
[1.323s] -- Found ament_cmake: 1.3.5 (/opt/ros/humble/share/ament_cmake/cmake)
[1.833s] -- Found Python3: /usr/bin/python3.10 (found version "3.10.12") found components: Interpreter 
[2.106s] -- Found ament_lint_auto: 0.12.7 (/opt/ros/humble/share/ament_lint_auto/cmake)
[2.297s] -- Found rosidl_default_generators: 1.2.0 (/opt/ros/humble/share/rosidl_default_generators/cmake)
[2.314s] -- Using all available rosidl_typesupport_c: rosidl_typesupport_fastrtps_c;rosidl_typesupport_introspection_c
[2.357s] -- Found rosidl_adapter: 3.1.5 (/opt/ros/humble/share/rosidl_adapter/cmake)
[2.487s] -- Using all available rosidl_typesupport_cpp: rosidl_typesupport_fastrtps_cpp;rosidl_typesupport_introspection_cpp
[3.266s] -- Found ament_cmake_ros: 0.10.0 (/opt/ros/humble/share/ament_cmake_ros/cmake)
[3.898s] -- Using all available rosidl_typesupport_c: rosidl_typesupport_fastrtps_c;rosidl_typesupport_introspection_c
[4.558s] -- Using all available rosidl_typesupport_cpp: rosidl_typesupport_fastrtps_cpp;rosidl_typesupport_introspection_cpp
[4.617s] -- Found PythonInterp: /usr/bin/python3 (found suitable version "3.10.12", minimum required is "3.6") 
[4.622s] -- Found python_cmake_module: 0.10.0 (/opt/ros/humble/share/python_cmake_module/cmake)
[4.699s] -- Found PythonLibs: /usr/lib/x86_64-linux-gnu/libpython3.10.so (found suitable version "3.10.12", minimum required is "3.5") 
[4.699s] -- Using PYTHON_EXECUTABLE: /usr/bin/python3
[4.699s] -- Using PYTHON_INCLUDE_DIRS: /usr/include/python3.10
[4.700s] -- Using PYTHON_LIBRARIES: /usr/lib/x86_64-linux-gnu/libpython3.10.so
[4.739s] -- Found PythonExtra: .so  
[4.859s] -- Added test 'lint_cmake' to check CMake code style
[4.863s] -- Added test 'xmllint' to check XML markup files
[4.892s] -- Configuring done
[4.989s] -- Generating done
[4.989s] -- Build files have been written to: /home/kkwxnn/Documents/GitHub/FRA501_exam1_6443_6471/FRA501_6443_6471_WS/build/turtlesim_plus_interfaces
[5.016s] Invoked command in '/home/kkwxnn/Documents/GitHub/FRA501_exam1_6443_6471/FRA501_6443_6471_WS/build/turtlesim_plus_interfaces' returned '0': CMAKE_PREFIX_PATH=${CMAKE_PREFIX_PATH}:/opt/ros/humble /usr/bin/cmake /home/kkwxnn/Documents/GitHub/FRA501_exam1_6443_6471/FRA501_6443_6471_WS/src/turtlesim_plus/turtlesim_plus_interfaces -DCMAKE_INSTALL_PREFIX=/home/kkwxnn/Documents/GitHub/FRA501_exam1_6443_6471/FRA501_6443_6471_WS/install/turtlesim_plus_interfaces
[5.017s] Invoking command in '/home/kkwxnn/Documents/GitHub/FRA501_exam1_6443_6471/FRA501_6443_6471_WS/build/turtlesim_plus_interfaces': CMAKE_PREFIX_PATH=${CMAKE_PREFIX_PATH}:/opt/ros/humble /usr/bin/cmake --build /home/kkwxnn/Documents/GitHub/FRA501_exam1_6443_6471/FRA501_6443_6471_WS/build/turtlesim_plus_interfaces -- -j2 -l2
[5.169s] [  1%] [34m[1mGenerating C code for ROS interfaces[0m
[5.192s] [  3%] [34m[1mGenerating C++ code for ROS interfaces[0m
[8.073s] [  3%] Built target turtlesim_plus_interfaces__cpp
[8.203s] [  3%] Built target ament_cmake_python_copy_turtlesim_plus_interfaces
[8.249s] [  7%] [32mBuilding C object CMakeFiles/turtlesim_plus_interfaces__rosidl_generator_c.dir/rosidl_generator_c/turtlesim_plus_interfaces/msg/detail/scanner_data__functions.c.o[0m
[8.249s] [  7%] [34m[1mGenerating C++ type support dispatch for ROS interfaces[0m
[8.617s] [  9%] [32mBuilding C object CMakeFiles/turtlesim_plus_interfaces__rosidl_generator_c.dir/rosidl_generator_c/turtlesim_plus_interfaces/msg/detail/scanner_data_array__functions.c.o[0m
[8.833s] [ 10%] [32mBuilding C object CMakeFiles/turtlesim_plus_interfaces__rosidl_generator_c.dir/rosidl_generator_c/turtlesim_plus_interfaces/srv/detail/give_position__functions.c.o[0m
[9.058s] [ 12%] [32mBuilding C object CMakeFiles/turtlesim_plus_interfaces__rosidl_generator_c.dir/rosidl_generator_c/turtlesim_plus_interfaces/action/detail/get_data__functions.c.o[0m
[9.538s] [ 14%] [32m[1mLinking C shared library libturtlesim_plus_interfaces__rosidl_generator_c.so[0m
[9.668s] [ 16%] [32mBuilding CXX object CMakeFiles/turtlesim_plus_interfaces__rosidl_typesupport_cpp.dir/rosidl_typesupport_cpp/turtlesim_plus_interfaces/msg/scanner_data__type_support.cpp.o[0m
[9.733s] [ 16%] Built target turtlesim_plus_interfaces__rosidl_generator_c
[9.778s] [ 18%] [34m[1mGenerating C++ type support for eProsima Fast-RTPS[0m
[10.647s] [ 20%] [32mBuilding CXX object CMakeFiles/turtlesim_plus_interfaces__rosidl_typesupport_cpp.dir/rosidl_typesupport_cpp/turtlesim_plus_interfaces/msg/scanner_data_array__type_support.cpp.o[0m
[11.602s] [ 21%] [32mBuilding CXX object CMakeFiles/turtlesim_plus_interfaces__rosidl_typesupport_cpp.dir/rosidl_typesupport_cpp/turtlesim_plus_interfaces/srv/give_position__type_support.cpp.o[0m
[11.815s] [ 23%] [32mBuilding CXX object CMakeFiles/turtlesim_plus_interfaces__rosidl_typesupport_fastrtps_cpp.dir/rosidl_typesupport_fastrtps_cpp/turtlesim_plus_interfaces/msg/detail/dds_fastrtps/scanner_data__type_support.cpp.o[0m
[12.799s] [ 25%] [32mBuilding CXX object CMakeFiles/turtlesim_plus_interfaces__rosidl_typesupport_cpp.dir/rosidl_typesupport_cpp/turtlesim_plus_interfaces/action/get_data__type_support.cpp.o[0m
[13.563s] [ 27%] [32mBuilding CXX object CMakeFiles/turtlesim_plus_interfaces__rosidl_typesupport_fastrtps_cpp.dir/rosidl_typesupport_fastrtps_cpp/turtlesim_plus_interfaces/msg/detail/dds_fastrtps/scanner_data_array__type_support.cpp.o[0m
[14.145s] [ 29%] [32m[1mLinking CXX shared library libturtlesim_plus_interfaces__rosidl_typesupport_cpp.so[0m
[14.275s] [ 29%] Built target turtlesim_plus_interfaces__rosidl_typesupport_cpp
[14.318s] [ 30%] [34m[1mGenerating C++ introspection for ROS interfaces[0m
[14.700s] [ 32%] [32mBuilding CXX object CMakeFiles/turtlesim_plus_interfaces__rosidl_typesupport_fastrtps_cpp.dir/rosidl_typesupport_fastrtps_cpp/turtlesim_plus_interfaces/srv/detail/dds_fastrtps/give_position__type_support.cpp.o[0m
[15.343s] [ 34%] [32mBuilding CXX object CMakeFiles/turtlesim_plus_interfaces__rosidl_typesupport_introspection_cpp.dir/rosidl_typesupport_introspection_cpp/turtlesim_plus_interfaces/msg/detail/scanner_data__type_support.cpp.o[0m
[15.591s] [ 36%] [32mBuilding CXX object CMakeFiles/turtlesim_plus_interfaces__rosidl_typesupport_fastrtps_cpp.dir/rosidl_typesupport_fastrtps_cpp/turtlesim_plus_interfaces/action/detail/dds_fastrtps/get_data__type_support.cpp.o[0m
[16.418s] [ 38%] [32mBuilding CXX object CMakeFiles/turtlesim_plus_interfaces__rosidl_typesupport_introspection_cpp.dir/rosidl_typesupport_introspection_cpp/turtlesim_plus_interfaces/msg/detail/scanner_data_array__type_support.cpp.o[0m
[17.193s] [ 40%] [32m[1mLinking CXX shared library libturtlesim_plus_interfaces__rosidl_typesupport_fastrtps_cpp.so[0m
[17.419s] [ 40%] Built target turtlesim_plus_interfaces__rosidl_typesupport_fastrtps_cpp
[17.435s] [ 41%] [32mBuilding CXX object CMakeFiles/turtlesim_plus_interfaces__rosidl_typesupport_introspection_cpp.dir/rosidl_typesupport_introspection_cpp/turtlesim_plus_interfaces/srv/detail/give_position__type_support.cpp.o[0m
[18.032s] running egg_info
[18.033s] creating turtlesim_plus_interfaces.egg-info
[18.035s] writing turtlesim_plus_interfaces.egg-info/PKG-INFO
[18.036s] writing dependency_links to turtlesim_plus_interfaces.egg-info/dependency_links.txt
[18.038s] writing top-level names to turtlesim_plus_interfaces.egg-info/top_level.txt
[18.039s] writing manifest file 'turtlesim_plus_interfaces.egg-info/SOURCES.txt'
[18.041s] reading manifest file 'turtlesim_plus_interfaces.egg-info/SOURCES.txt'
[18.043s] writing manifest file 'turtlesim_plus_interfaces.egg-info/SOURCES.txt'
[18.119s] [ 41%] Built target ament_cmake_python_build_turtlesim_plus_interfaces_egg
[18.144s] [ 43%] [32mBuilding CXX object CMakeFiles/turtlesim_plus_interfaces__rosidl_typesupport_introspection_cpp.dir/rosidl_typesupport_introspection_cpp/turtlesim_plus_interfaces/action/detail/get_data__type_support.cpp.o[0m
[18.270s] [ 45%] [34m[1mGenerating C type support for eProsima Fast-RTPS[0m
[19.412s] [ 47%] [32m[1mLinking CXX shared library libturtlesim_plus_interfaces__rosidl_typesupport_introspection_cpp.so[0m
[19.466s] [ 49%] [32mBuilding CXX object CMakeFiles/turtlesim_plus_interfaces__rosidl_typesupport_fastrtps_c.dir/rosidl_typesupport_fastrtps_c/turtlesim_plus_interfaces/msg/detail/scanner_data__type_support_c.cpp.o[0m
[19.745s] [ 49%] Built target turtlesim_plus_interfaces__rosidl_typesupport_introspection_cpp
[19.781s] [ 50%] [34m[1mGenerating C introspection for ROS interfaces[0m
[20.196s] [ 52%] [32mBuilding CXX object CMakeFiles/turtlesim_plus_interfaces__rosidl_typesupport_fastrtps_c.dir/rosidl_typesupport_fastrtps_c/turtlesim_plus_interfaces/msg/detail/scanner_data_array__type_support_c.cpp.o[0m
[20.842s] [ 54%] [32mBuilding CXX object CMakeFiles/turtlesim_plus_interfaces__rosidl_typesupport_fastrtps_c.dir/rosidl_typesupport_fastrtps_c/turtlesim_plus_interfaces/srv/detail/give_position__type_support_c.cpp.o[0m
[20.872s] [ 56%] [32mBuilding C object CMakeFiles/turtlesim_plus_interfaces__rosidl_typesupport_introspection_c.dir/rosidl_typesupport_introspection_c/turtlesim_plus_interfaces/msg/detail/scanner_data__type_support.c.o[0m
[20.940s] [ 58%] [32mBuilding C object CMakeFiles/turtlesim_plus_interfaces__rosidl_typesupport_introspection_c.dir/rosidl_typesupport_introspection_c/turtlesim_plus_interfaces/msg/detail/scanner_data_array__type_support.c.o[0m
[21.012s] [ 60%] [32mBuilding C object CMakeFiles/turtlesim_plus_interfaces__rosidl_typesupport_introspection_c.dir/rosidl_typesupport_introspection_c/turtlesim_plus_interfaces/srv/detail/give_position__type_support.c.o[0m
[21.086s] [ 61%] [32mBuilding C object CMakeFiles/turtlesim_plus_interfaces__rosidl_typesupport_introspection_c.dir/rosidl_typesupport_introspection_c/turtlesim_plus_interfaces/action/detail/get_data__type_support.c.o[0m
[21.170s] [ 63%] [32m[1mLinking C shared library libturtlesim_plus_interfaces__rosidl_typesupport_introspection_c.so[0m
[21.258s] [ 63%] Built target turtlesim_plus_interfaces__rosidl_typesupport_introspection_c
[21.274s] [ 65%] [34m[1mGenerating C type support dispatch for ROS interfaces[0m
[21.556s] [ 67%] [32mBuilding CXX object CMakeFiles/turtlesim_plus_interfaces__rosidl_typesupport_fastrtps_c.dir/rosidl_typesupport_fastrtps_c/turtlesim_plus_interfaces/action/detail/get_data__type_support_c.cpp.o[0m
[22.071s] [ 69%] [32mBuilding CXX object CMakeFiles/turtlesim_plus_interfaces__rosidl_typesupport_c.dir/rosidl_typesupport_c/turtlesim_plus_interfaces/msg/scanner_data__type_support.cpp.o[0m
[22.140s] [ 70%] [32mBuilding CXX object CMakeFiles/turtlesim_plus_interfaces__rosidl_typesupport_c.dir/rosidl_typesupport_c/turtlesim_plus_interfaces/msg/scanner_data_array__type_support.cpp.o[0m
[22.205s] [ 72%] [32mBuilding CXX object CMakeFiles/turtlesim_plus_interfaces__rosidl_typesupport_c.dir/rosidl_typesupport_c/turtlesim_plus_interfaces/srv/give_position__type_support.cpp.o[0m
[22.258s] [ 74%] [32mBuilding CXX object CMakeFiles/turtlesim_plus_interfaces__rosidl_typesupport_c.dir/rosidl_typesupport_c/turtlesim_plus_interfaces/action/get_data__type_support.cpp.o[0m
[22.340s] [ 76%] [32m[1mLinking CXX shared library libturtlesim_plus_interfaces__rosidl_typesupport_fastrtps_c.so[0m
[22.361s] [ 78%] [32m[1mLinking CXX shared library libturtlesim_plus_interfaces__rosidl_typesupport_c.so[0m
[22.462s] [ 78%] Built target turtlesim_plus_interfaces__rosidl_typesupport_c
[22.546s] [ 78%] Built target turtlesim_plus_interfaces__rosidl_typesupport_fastrtps_c
[22.594s] [ 78%] Built target turtlesim_plus_interfaces
[22.637s] [ 80%] [34m[1mGenerating Python code for ROS interfaces[0m
[24.518s] [ 80%] Built target turtlesim_plus_interfaces__py
[24.587s] [ 81%] [32mBuilding C object CMakeFiles/turtlesim_plus_interfaces__rosidl_generator_py.dir/rosidl_generator_py/turtlesim_plus_interfaces/msg/_scanner_data_s.c.o[0m
[24.592s] [ 83%] [32mBuilding C object CMakeFiles/turtlesim_plus_interfaces__rosidl_generator_py.dir/rosidl_generator_py/turtlesim_plus_interfaces/msg/_scanner_data_array_s.c.o[0m
[24.897s] [ 85%] [32mBuilding C object CMakeFiles/turtlesim_plus_interfaces__rosidl_generator_py.dir/rosidl_generator_py/turtlesim_plus_interfaces/srv/_give_position_s.c.o[0m
[25.060s] [ 87%] [32mBuilding C object CMakeFiles/turtlesim_plus_interfaces__rosidl_generator_py.dir/rosidl_generator_py/turtlesim_plus_interfaces/action/_get_data_s.c.o[0m
[25.291s] [ 89%] [32m[1mLinking C shared library rosidl_generator_py/turtlesim_plus_interfaces/libturtlesim_plus_interfaces__rosidl_generator_py.so[0m
[25.371s] [ 89%] Built target turtlesim_plus_interfaces__rosidl_generator_py
[25.419s] [ 90%] [32mBuilding C object CMakeFiles/turtlesim_plus_interfaces__rosidl_typesupport_fastrtps_c__pyext.dir/rosidl_generator_py/turtlesim_plus_interfaces/_turtlesim_plus_interfaces_s.ep.rosidl_typesupport_fastrtps_c.c.o[0m
[25.634s] [ 92%] [32m[1mLinking C shared library rosidl_generator_py/turtlesim_plus_interfaces/turtlesim_plus_interfaces_s__rosidl_typesupport_fastrtps_c.cpython-310-x86_64-linux-gnu.so[0m
[25.708s] [ 92%] Built target turtlesim_plus_interfaces__rosidl_typesupport_fastrtps_c__pyext
[25.746s] [ 94%] [32mBuilding C object CMakeFiles/turtlesim_plus_interfaces__rosidl_typesupport_introspection_c__pyext.dir/rosidl_generator_py/turtlesim_plus_interfaces/_turtlesim_plus_interfaces_s.ep.rosidl_typesupport_introspection_c.c.o[0m
[25.995s] [ 96%] [32m[1mLinking C shared library rosidl_generator_py/turtlesim_plus_interfaces/turtlesim_plus_interfaces_s__rosidl_typesupport_introspection_c.cpython-310-x86_64-linux-gnu.so[0m
[26.069s] [ 96%] Built target turtlesim_plus_interfaces__rosidl_typesupport_introspection_c__pyext
[26.109s] [ 98%] [32mBuilding C object CMakeFiles/turtlesim_plus_interfaces__rosidl_typesupport_c__pyext.dir/rosidl_generator_py/turtlesim_plus_interfaces/_turtlesim_plus_interfaces_s.ep.rosidl_typesupport_c.c.o[0m
[26.331s] [100%] [32m[1mLinking C shared library rosidl_generator_py/turtlesim_plus_interfaces/turtlesim_plus_interfaces_s__rosidl_typesupport_c.cpython-310-x86_64-linux-gnu.so[0m
[26.420s] [100%] Built target turtlesim_plus_interfaces__rosidl_typesupport_c__pyext
[26.453s] Invoked command in '/home/kkwxnn/Documents/GitHub/FRA501_exam1_6443_6471/FRA501_6443_6471_WS/build/turtlesim_plus_interfaces' returned '0': CMAKE_PREFIX_PATH=${CMAKE_PREFIX_PATH}:/opt/ros/humble /usr/bin/cmake --build /home/kkwxnn/Documents/GitHub/FRA501_exam1_6443_6471/FRA501_6443_6471_WS/build/turtlesim_plus_interfaces -- -j2 -l2
[26.771s] Invoking command in '/home/kkwxnn/Documents/GitHub/FRA501_exam1_6443_6471/FRA501_6443_6471_WS/build/turtlesim_plus_interfaces': CMAKE_PREFIX_PATH=${CMAKE_PREFIX_PATH}:/opt/ros/humble /usr/bin/cmake --install /home/kkwxnn/Documents/GitHub/FRA501_exam1_6443_6471/FRA501_6443_6471_WS/build/turtlesim_plus_interfaces
[26.785s] -- Install configuration: ""
[26.787s] -- Installing: /home/kkwxnn/Documents/GitHub/FRA501_exam1_6443_6471/FRA501_6443_6471_WS/install/turtlesim_plus_interfaces/share/ament_index/resource_index/rosidl_interfaces/turtlesim_plus_interfaces
[26.793s] -- Installing: /home/kkwxnn/Documents/GitHub/FRA501_exam1_6443_6471/FRA501_6443_6471_WS/install/turtlesim_plus_interfaces/include/turtlesim_plus_interfaces/turtlesim_plus_interfaces
[26.795s] -- Installing: /home/kkwxnn/Documents/GitHub/FRA501_exam1_6443_6471/FRA501_6443_6471_WS/install/turtlesim_plus_interfaces/include/turtlesim_plus_interfaces/turtlesim_plus_interfaces/msg
[26.797s] -- Installing: /home/kkwxnn/Documents/GitHub/FRA501_exam1_6443_6471/FRA501_6443_6471_WS/install/turtlesim_plus_interfaces/include/turtlesim_plus_interfaces/turtlesim_plus_interfaces/msg/rosidl_generator_c__visibility_control.h
[26.799s] -- Installing: /home/kkwxnn/Documents/GitHub/FRA501_exam1_6443_6471/FRA501_6443_6471_WS/install/turtlesim_plus_interfaces/include/turtlesim_plus_interfaces/turtlesim_plus_interfaces/msg/detail
[26.801s] -- Installing: /home/kkwxnn/Documents/GitHub/FRA501_exam1_6443_6471/FRA501_6443_6471_WS/install/turtlesim_plus_interfaces/include/turtlesim_plus_interfaces/turtlesim_plus_interfaces/msg/detail/scanner_data_array__functions.h
[26.803s] -- Installing: /home/kkwxnn/Documents/GitHub/FRA501_exam1_6443_6471/FRA501_6443_6471_WS/install/turtlesim_plus_interfaces/include/turtlesim_plus_interfaces/turtlesim_plus_interfaces/msg/detail/scanner_data_array__struct.h
[26.803s] -- Installing: /home/kkwxnn/Documents/GitHub/FRA501_exam1_6443_6471/FRA501_6443_6471_WS/install/turtlesim_plus_interfaces/include/turtlesim_plus_interfaces/turtlesim_plus_interfaces/msg/detail/scanner_data__type_support.h
[26.807s] -- Installing: /home/kkwxnn/Documents/GitHub/FRA501_exam1_6443_6471/FRA501_6443_6471_WS/install/turtlesim_plus_interfaces/include/turtlesim_plus_interfaces/turtlesim_plus_interfaces/msg/detail/scanner_data_array__functions.c
[26.807s] -- Installing: /home/kkwxnn/Documents/GitHub/FRA501_exam1_6443_6471/FRA501_6443_6471_WS/install/turtlesim_plus_interfaces/include/turtlesim_plus_interfaces/turtlesim_plus_interfaces/msg/detail/scanner_data__functions.h
[26.807s] -- Installing: /home/kkwxnn/Documents/GitHub/FRA501_exam1_6443_6471/FRA501_6443_6471_WS/install/turtlesim_plus_interfaces/include/turtlesim_plus_interfaces/turtlesim_plus_interfaces/msg/detail/scanner_data__functions.c
[26.813s] -- Installing: /home/kkwxnn/Documents/GitHub/FRA501_exam1_6443_6471/FRA501_6443_6471_WS/install/turtlesim_plus_interfaces/include/turtlesim_plus_interfaces/turtlesim_plus_interfaces/msg/detail/scanner_data_array__type_support.h
[26.813s] -- Installing: /home/kkwxnn/Documents/GitHub/FRA501_exam1_6443_6471/FRA501_6443_6471_WS/install/turtlesim_plus_interfaces/include/turtlesim_plus_interfaces/turtlesim_plus_interfaces/msg/detail/scanner_data__struct.h
[26.813s] -- Installing: /home/kkwxnn/Documents/GitHub/FRA501_exam1_6443_6471/FRA501_6443_6471_WS/install/turtlesim_plus_interfaces/include/turtlesim_plus_interfaces/turtlesim_plus_interfaces/msg/scanner_data.h
[26.813s] -- Installing: /home/kkwxnn/Documents/GitHub/FRA501_exam1_6443_6471/FRA501_6443_6471_WS/install/turtlesim_plus_interfaces/include/turtlesim_plus_interfaces/turtlesim_plus_interfaces/msg/scanner_data_array.h
[26.813s] -- Installing: /home/kkwxnn/Documents/GitHub/FRA501_exam1_6443_6471/FRA501_6443_6471_WS/install/turtlesim_plus_interfaces/include/turtlesim_plus_interfaces/turtlesim_plus_interfaces/action
[26.813s] -- Installing: /home/kkwxnn/Documents/GitHub/FRA501_exam1_6443_6471/FRA501_6443_6471_WS/install/turtlesim_plus_interfaces/include/turtlesim_plus_interfaces/turtlesim_plus_interfaces/action/detail
[26.814s] -- Installing: /home/kkwxnn/Documents/GitHub/FRA501_exam1_6443_6471/FRA501_6443_6471_WS/install/turtlesim_plus_interfaces/include/turtlesim_plus_interfaces/turtlesim_plus_interfaces/action/detail/get_data__type_support.h
[26.814s] -- Installing: /home/kkwxnn/Documents/GitHub/FRA501_exam1_6443_6471/FRA501_6443_6471_WS/install/turtlesim_plus_interfaces/include/turtlesim_plus_interfaces/turtlesim_plus_interfaces/action/detail/get_data__functions.c
[26.814s] -- Installing: /home/kkwxnn/Documents/GitHub/FRA501_exam1_6443_6471/FRA501_6443_6471_WS/install/turtlesim_plus_interfaces/include/turtlesim_plus_interfaces/turtlesim_plus_interfaces/action/detail/get_data__functions.h
[26.814s] -- Installing: /home/kkwxnn/Documents/GitHub/FRA501_exam1_6443_6471/FRA501_6443_6471_WS/install/turtlesim_plus_interfaces/include/turtlesim_plus_interfaces/turtlesim_plus_interfaces/action/detail/get_data__struct.h
[26.814s] -- Installing: /home/kkwxnn/Documents/GitHub/FRA501_exam1_6443_6471/FRA501_6443_6471_WS/install/turtlesim_plus_interfaces/include/turtlesim_plus_interfaces/turtlesim_plus_interfaces/action/get_data.h
[26.814s] -- Installing: /home/kkwxnn/Documents/GitHub/FRA501_exam1_6443_6471/FRA501_6443_6471_WS/install/turtlesim_plus_interfaces/include/turtlesim_plus_interfaces/turtlesim_plus_interfaces/srv
[26.814s] -- Installing: /home/kkwxnn/Documents/GitHub/FRA501_exam1_6443_6471/FRA501_6443_6471_WS/install/turtlesim_plus_interfaces/include/turtlesim_plus_interfaces/turtlesim_plus_interfaces/srv/detail
[26.814s] -- Installing: /home/kkwxnn/Documents/GitHub/FRA501_exam1_6443_6471/FRA501_6443_6471_WS/install/turtlesim_plus_interfaces/include/turtlesim_plus_interfaces/turtlesim_plus_interfaces/srv/detail/give_position__struct.h
[26.814s] -- Installing: /home/kkwxnn/Documents/GitHub/FRA501_exam1_6443_6471/FRA501_6443_6471_WS/install/turtlesim_plus_interfaces/include/turtlesim_plus_interfaces/turtlesim_plus_interfaces/srv/detail/give_position__type_support.h
[26.814s] -- Installing: /home/kkwxnn/Documents/GitHub/FRA501_exam1_6443_6471/FRA501_6443_6471_WS/install/turtlesim_plus_interfaces/include/turtlesim_plus_interfaces/turtlesim_plus_interfaces/srv/detail/give_position__functions.c
[26.815s] -- Installing: /home/kkwxnn/Documents/GitHub/FRA501_exam1_6443_6471/FRA501_6443_6471_WS/install/turtlesim_plus_interfaces/include/turtlesim_plus_interfaces/turtlesim_plus_interfaces/srv/detail/give_position__functions.h
[26.815s] -- Installing: /home/kkwxnn/Documents/GitHub/FRA501_exam1_6443_6471/FRA501_6443_6471_WS/install/turtlesim_plus_interfaces/include/turtlesim_plus_interfaces/turtlesim_plus_interfaces/srv/give_position.h
[26.815s] -- Installing: /home/kkwxnn/Documents/GitHub/FRA501_exam1_6443_6471/FRA501_6443_6471_WS/install/turtlesim_plus_interfaces/share/turtlesim_plus_interfaces/environment/library_path.sh
[26.816s] -- Installing: /home/kkwxnn/Documents/GitHub/FRA501_exam1_6443_6471/FRA501_6443_6471_WS/install/turtlesim_plus_interfaces/share/turtlesim_plus_interfaces/environment/library_path.dsv
[26.817s] -- Installing: /home/kkwxnn/Documents/GitHub/FRA501_exam1_6443_6471/FRA501_6443_6471_WS/install/turtlesim_plus_interfaces/lib/libturtlesim_plus_interfaces__rosidl_generator_c.so
[26.817s] -- Set runtime path of "/home/kkwxnn/Documents/GitHub/FRA501_exam1_6443_6471/FRA501_6443_6471_WS/install/turtlesim_plus_interfaces/lib/libturtlesim_plus_interfaces__rosidl_generator_c.so" to ""
[26.818s] -- Up-to-date: /home/kkwxnn/Documents/GitHub/FRA501_exam1_6443_6471/FRA501_6443_6471_WS/install/turtlesim_plus_interfaces/include/turtlesim_plus_interfaces/turtlesim_plus_interfaces
[26.818s] -- Up-to-date: /home/kkwxnn/Documents/GitHub/FRA501_exam1_6443_6471/FRA501_6443_6471_WS/install/turtlesim_plus_interfaces/include/turtlesim_plus_interfaces/turtlesim_plus_interfaces/msg
[26.819s] -- Up-to-date: /home/kkwxnn/Documents/GitHub/FRA501_exam1_6443_6471/FRA501_6443_6471_WS/install/turtlesim_plus_interfaces/include/turtlesim_plus_interfaces/turtlesim_plus_interfaces/msg/detail
[26.819s] -- Installing: /home/kkwxnn/Documents/GitHub/FRA501_exam1_6443_6471/FRA501_6443_6471_WS/install/turtlesim_plus_interfaces/include/turtlesim_plus_interfaces/turtlesim_plus_interfaces/msg/detail/scanner_data_array__rosidl_typesupport_fastrtps_c.h
[26.820s] -- Installing: /home/kkwxnn/Documents/GitHub/FRA501_exam1_6443_6471/FRA501_6443_6471_WS/install/turtlesim_plus_interfaces/include/turtlesim_plus_interfaces/turtlesim_plus_interfaces/msg/detail/scanner_data__rosidl_typesupport_fastrtps_c.h
[26.820s] -- Installing: /home/kkwxnn/Documents/GitHub/FRA501_exam1_6443_6471/FRA501_6443_6471_WS/install/turtlesim_plus_interfaces/include/turtlesim_plus_interfaces/turtlesim_plus_interfaces/msg/rosidl_typesupport_fastrtps_c__visibility_control.h
[26.820s] -- Up-to-date: /home/kkwxnn/Documents/GitHub/FRA501_exam1_6443_6471/FRA501_6443_6471_WS/install/turtlesim_plus_interfaces/include/turtlesim_plus_interfaces/turtlesim_plus_interfaces/action
[26.821s] -- Up-to-date: /home/kkwxnn/Documents/GitHub/FRA501_exam1_6443_6471/FRA501_6443_6471_WS/install/turtlesim_plus_interfaces/include/turtlesim_plus_interfaces/turtlesim_plus_interfaces/action/detail
[26.822s] -- Installing: /home/kkwxnn/Documents/GitHub/FRA501_exam1_6443_6471/FRA501_6443_6471_WS/install/turtlesim_plus_interfaces/include/turtlesim_plus_interfaces/turtlesim_plus_interfaces/action/detail/get_data__rosidl_typesupport_fastrtps_c.h
[26.823s] -- Up-to-date: /home/kkwxnn/Documents/GitHub/FRA501_exam1_6443_6471/FRA501_6443_6471_WS/install/turtlesim_plus_interfaces/include/turtlesim_plus_interfaces/turtlesim_plus_interfaces/srv
[26.823s] -- Up-to-date: /home/kkwxnn/Documents/GitHub/FRA501_exam1_6443_6471/FRA501_6443_6471_WS/install/turtlesim_plus_interfaces/include/turtlesim_plus_interfaces/turtlesim_plus_interfaces/srv/detail
[26.823s] -- Installing: /home/kkwxnn/Documents/GitHub/FRA501_exam1_6443_6471/FRA501_6443_6471_WS/install/turtlesim_plus_interfaces/include/turtlesim_plus_interfaces/turtlesim_plus_interfaces/srv/detail/give_position__rosidl_typesupport_fastrtps_c.h
[26.824s] -- Installing: /home/kkwxnn/Documents/GitHub/FRA501_exam1_6443_6471/FRA501_6443_6471_WS/install/turtlesim_plus_interfaces/lib/libturtlesim_plus_interfaces__rosidl_typesupport_fastrtps_c.so
[26.824s] -- Set runtime path of "/home/kkwxnn/Documents/GitHub/FRA501_exam1_6443_6471/FRA501_6443_6471_WS/install/turtlesim_plus_interfaces/lib/libturtlesim_plus_interfaces__rosidl_typesupport_fastrtps_c.so" to ""
[26.824s] -- Up-to-date: /home/kkwxnn/Documents/GitHub/FRA501_exam1_6443_6471/FRA501_6443_6471_WS/install/turtlesim_plus_interfaces/include/turtlesim_plus_interfaces/turtlesim_plus_interfaces
[26.825s] -- Up-to-date: /home/kkwxnn/Documents/GitHub/FRA501_exam1_6443_6471/FRA501_6443_6471_WS/install/turtlesim_plus_interfaces/include/turtlesim_plus_interfaces/turtlesim_plus_interfaces/msg
[26.825s] -- Up-to-date: /home/kkwxnn/Documents/GitHub/FRA501_exam1_6443_6471/FRA501_6443_6471_WS/install/turtlesim_plus_interfaces/include/turtlesim_plus_interfaces/turtlesim_plus_interfaces/msg/detail
[26.825s] -- Installing: /home/kkwxnn/Documents/GitHub/FRA501_exam1_6443_6471/FRA501_6443_6471_WS/install/turtlesim_plus_interfaces/include/turtlesim_plus_interfaces/turtlesim_plus_interfaces/msg/detail/scanner_data_array__type_support.c
[26.826s] -- Installing: /home/kkwxnn/Documents/GitHub/FRA501_exam1_6443_6471/FRA501_6443_6471_WS/install/turtlesim_plus_interfaces/include/turtlesim_plus_interfaces/turtlesim_plus_interfaces/msg/detail/scanner_data_array__rosidl_typesupport_introspection_c.h
[26.826s] -- Installing: /home/kkwxnn/Documents/GitHub/FRA501_exam1_6443_6471/FRA501_6443_6471_WS/install/turtlesim_plus_interfaces/include/turtlesim_plus_interfaces/turtlesim_plus_interfaces/msg/detail/scanner_data__type_support.c
[26.826s] -- Installing: /home/kkwxnn/Documents/GitHub/FRA501_exam1_6443_6471/FRA501_6443_6471_WS/install/turtlesim_plus_interfaces/include/turtlesim_plus_interfaces/turtlesim_plus_interfaces/msg/detail/scanner_data__rosidl_typesupport_introspection_c.h
[26.827s] -- Installing: /home/kkwxnn/Documents/GitHub/FRA501_exam1_6443_6471/FRA501_6443_6471_WS/install/turtlesim_plus_interfaces/include/turtlesim_plus_interfaces/turtlesim_plus_interfaces/msg/rosidl_typesupport_introspection_c__visibility_control.h
[26.827s] -- Up-to-date: /home/kkwxnn/Documents/GitHub/FRA501_exam1_6443_6471/FRA501_6443_6471_WS/install/turtlesim_plus_interfaces/include/turtlesim_plus_interfaces/turtlesim_plus_interfaces/action
[26.827s] -- Up-to-date: /home/kkwxnn/Documents/GitHub/FRA501_exam1_6443_6471/FRA501_6443_6471_WS/install/turtlesim_plus_interfaces/include/turtlesim_plus_interfaces/turtlesim_plus_interfaces/action/detail
[26.828s] -- Installing: /home/kkwxnn/Documents/GitHub/FRA501_exam1_6443_6471/FRA501_6443_6471_WS/install/turtlesim_plus_interfaces/include/turtlesim_plus_interfaces/turtlesim_plus_interfaces/action/detail/get_data__type_support.c
[26.828s] -- Installing: /home/kkwxnn/Documents/GitHub/FRA501_exam1_6443_6471/FRA501_6443_6471_WS/install/turtlesim_plus_interfaces/include/turtlesim_plus_interfaces/turtlesim_plus_interfaces/action/detail/get_data__rosidl_typesupport_introspection_c.h
[26.829s] -- Up-to-date: /home/kkwxnn/Documents/GitHub/FRA501_exam1_6443_6471/FRA501_6443_6471_WS/install/turtlesim_plus_interfaces/include/turtlesim_plus_interfaces/turtlesim_plus_interfaces/srv
[26.829s] -- Up-to-date: /home/kkwxnn/Documents/GitHub/FRA501_exam1_6443_6471/FRA501_6443_6471_WS/install/turtlesim_plus_interfaces/include/turtlesim_plus_interfaces/turtlesim_plus_interfaces/srv/detail
[26.829s] -- Installing: /home/kkwxnn/Documents/GitHub/FRA501_exam1_6443_6471/FRA501_6443_6471_WS/install/turtlesim_plus_interfaces/include/turtlesim_plus_interfaces/turtlesim_plus_interfaces/srv/detail/give_position__rosidl_typesupport_introspection_c.h
[26.829s] -- Installing: /home/kkwxnn/Documents/GitHub/FRA501_exam1_6443_6471/FRA501_6443_6471_WS/install/turtlesim_plus_interfaces/include/turtlesim_plus_interfaces/turtlesim_plus_interfaces/srv/detail/give_position__type_support.c
[26.830s] -- Installing: /home/kkwxnn/Documents/GitHub/FRA501_exam1_6443_6471/FRA501_6443_6471_WS/install/turtlesim_plus_interfaces/lib/libturtlesim_plus_interfaces__rosidl_typesupport_introspection_c.so
[26.833s] -- Set runtime path of "/home/kkwxnn/Documents/GitHub/FRA501_exam1_6443_6471/FRA501_6443_6471_WS/install/turtlesim_plus_interfaces/lib/libturtlesim_plus_interfaces__rosidl_typesupport_introspection_c.so" to ""
[26.834s] -- Installing: /home/kkwxnn/Documents/GitHub/FRA501_exam1_6443_6471/FRA501_6443_6471_WS/install/turtlesim_plus_interfaces/lib/libturtlesim_plus_interfaces__rosidl_typesupport_c.so
[26.835s] -- Set runtime path of "/home/kkwxnn/Documents/GitHub/FRA501_exam1_6443_6471/FRA501_6443_6471_WS/install/turtlesim_plus_interfaces/lib/libturtlesim_plus_interfaces__rosidl_typesupport_c.so" to ""
[26.836s] -- Up-to-date: /home/kkwxnn/Documents/GitHub/FRA501_exam1_6443_6471/FRA501_6443_6471_WS/install/turtlesim_plus_interfaces/include/turtlesim_plus_interfaces/turtlesim_plus_interfaces
[26.836s] -- Up-to-date: /home/kkwxnn/Documents/GitHub/FRA501_exam1_6443_6471/FRA501_6443_6471_WS/install/turtlesim_plus_interfaces/include/turtlesim_plus_interfaces/turtlesim_plus_interfaces/msg
[26.836s] -- Up-to-date: /home/kkwxnn/Documents/GitHub/FRA501_exam1_6443_6471/FRA501_6443_6471_WS/install/turtlesim_plus_interfaces/include/turtlesim_plus_interfaces/turtlesim_plus_interfaces/msg/detail
[26.837s] -- Installing: /home/kkwxnn/Documents/GitHub/FRA501_exam1_6443_6471/FRA501_6443_6471_WS/install/turtlesim_plus_interfaces/include/turtlesim_plus_interfaces/turtlesim_plus_interfaces/msg/detail/scanner_data_array__builder.hpp
[26.837s] -- Installing: /home/kkwxnn/Documents/GitHub/FRA501_exam1_6443_6471/FRA501_6443_6471_WS/install/turtlesim_plus_interfaces/include/turtlesim_plus_interfaces/turtlesim_plus_interfaces/msg/detail/scanner_data__traits.hpp
[26.837s] -- Installing: /home/kkwxnn/Documents/GitHub/FRA501_exam1_6443_6471/FRA501_6443_6471_WS/install/turtlesim_plus_interfaces/include/turtlesim_plus_interfaces/turtlesim_plus_interfaces/msg/detail/scanner_data_array__struct.hpp
[26.838s] -- Installing: /home/kkwxnn/Documents/GitHub/FRA501_exam1_6443_6471/FRA501_6443_6471_WS/install/turtlesim_plus_interfaces/include/turtlesim_plus_interfaces/turtlesim_plus_interfaces/msg/detail/scanner_data_array__traits.hpp
[26.838s] -- Installing: /home/kkwxnn/Documents/GitHub/FRA501_exam1_6443_6471/FRA501_6443_6471_WS/install/turtlesim_plus_interfaces/include/turtlesim_plus_interfaces/turtlesim_plus_interfaces/msg/detail/scanner_data__struct.hpp
[26.839s] -- Installing: /home/kkwxnn/Documents/GitHub/FRA501_exam1_6443_6471/FRA501_6443_6471_WS/install/turtlesim_plus_interfaces/include/turtlesim_plus_interfaces/turtlesim_plus_interfaces/msg/detail/scanner_data__builder.hpp
[26.839s] -- Installing: /home/kkwxnn/Documents/GitHub/FRA501_exam1_6443_6471/FRA501_6443_6471_WS/install/turtlesim_plus_interfaces/include/turtlesim_plus_interfaces/turtlesim_plus_interfaces/msg/scanner_data.hpp
[26.839s] -- Installing: /home/kkwxnn/Documents/GitHub/FRA501_exam1_6443_6471/FRA501_6443_6471_WS/install/turtlesim_plus_interfaces/include/turtlesim_plus_interfaces/turtlesim_plus_interfaces/msg/scanner_data_array.hpp
[26.840s] -- Up-to-date: /home/kkwxnn/Documents/GitHub/FRA501_exam1_6443_6471/FRA501_6443_6471_WS/install/turtlesim_plus_interfaces/include/turtlesim_plus_interfaces/turtlesim_plus_interfaces/action
[26.840s] -- Installing: /home/kkwxnn/Documents/GitHub/FRA501_exam1_6443_6471/FRA501_6443_6471_WS/install/turtlesim_plus_interfaces/include/turtlesim_plus_interfaces/turtlesim_plus_interfaces/action/get_data.hpp
[26.841s] -- Up-to-date: /home/kkwxnn/Documents/GitHub/FRA501_exam1_6443_6471/FRA501_6443_6471_WS/install/turtlesim_plus_interfaces/include/turtlesim_plus_interfaces/turtlesim_plus_interfaces/action/detail
[26.841s] -- Installing: /home/kkwxnn/Documents/GitHub/FRA501_exam1_6443_6471/FRA501_6443_6471_WS/install/turtlesim_plus_interfaces/include/turtlesim_plus_interfaces/turtlesim_plus_interfaces/action/detail/get_data__struct.hpp
[26.841s] -- Installing: /home/kkwxnn/Documents/GitHub/FRA501_exam1_6443_6471/FRA501_6443_6471_WS/install/turtlesim_plus_interfaces/include/turtlesim_plus_interfaces/turtlesim_plus_interfaces/action/detail/get_data__traits.hpp
[26.842s] -- Installing: /home/kkwxnn/Documents/GitHub/FRA501_exam1_6443_6471/FRA501_6443_6471_WS/install/turtlesim_plus_interfaces/include/turtlesim_plus_interfaces/turtlesim_plus_interfaces/action/detail/get_data__builder.hpp
[26.842s] -- Up-to-date: /home/kkwxnn/Documents/GitHub/FRA501_exam1_6443_6471/FRA501_6443_6471_WS/install/turtlesim_plus_interfaces/include/turtlesim_plus_interfaces/turtlesim_plus_interfaces/srv
[26.843s] -- Installing: /home/kkwxnn/Documents/GitHub/FRA501_exam1_6443_6471/FRA501_6443_6471_WS/install/turtlesim_plus_interfaces/include/turtlesim_plus_interfaces/turtlesim_plus_interfaces/srv/give_position.hpp
[26.843s] -- Up-to-date: /home/kkwxnn/Documents/GitHub/FRA501_exam1_6443_6471/FRA501_6443_6471_WS/install/turtlesim_plus_interfaces/include/turtlesim_plus_interfaces/turtlesim_plus_interfaces/srv/detail
[26.843s] -- Installing: /home/kkwxnn/Documents/GitHub/FRA501_exam1_6443_6471/FRA501_6443_6471_WS/install/turtlesim_plus_interfaces/include/turtlesim_plus_interfaces/turtlesim_plus_interfaces/srv/detail/give_position__struct.hpp
[26.844s] -- Installing: /home/kkwxnn/Documents/GitHub/FRA501_exam1_6443_6471/FRA501_6443_6471_WS/install/turtlesim_plus_interfaces/include/turtlesim_plus_interfaces/turtlesim_plus_interfaces/srv/detail/give_position__traits.hpp
[26.844s] -- Installing: /home/kkwxnn/Documents/GitHub/FRA501_exam1_6443_6471/FRA501_6443_6471_WS/install/turtlesim_plus_interfaces/include/turtlesim_plus_interfaces/turtlesim_plus_interfaces/srv/detail/give_position__builder.hpp
[26.844s] -- Up-to-date: /home/kkwxnn/Documents/GitHub/FRA501_exam1_6443_6471/FRA501_6443_6471_WS/install/turtlesim_plus_interfaces/include/turtlesim_plus_interfaces/turtlesim_plus_interfaces
[26.845s] -- Up-to-date: /home/kkwxnn/Documents/GitHub/FRA501_exam1_6443_6471/FRA501_6443_6471_WS/install/turtlesim_plus_interfaces/include/turtlesim_plus_interfaces/turtlesim_plus_interfaces/msg
[26.845s] -- Installing: /home/kkwxnn/Documents/GitHub/FRA501_exam1_6443_6471/FRA501_6443_6471_WS/install/turtlesim_plus_interfaces/include/turtlesim_plus_interfaces/turtlesim_plus_interfaces/msg/rosidl_typesupport_fastrtps_cpp__visibility_control.h
[26.845s] -- Up-to-date: /home/kkwxnn/Documents/GitHub/FRA501_exam1_6443_6471/FRA501_6443_6471_WS/install/turtlesim_plus_interfaces/include/turtlesim_plus_interfaces/turtlesim_plus_interfaces/msg/detail
[26.849s] -- Installing: /home/kkwxnn/Documents/GitHub/FRA501_exam1_6443_6471/FRA501_6443_6471_WS/install/turtlesim_plus_interfaces/include/turtlesim_plus_interfaces/turtlesim_plus_interfaces/msg/detail/scanner_data_array__rosidl_typesupport_fastrtps_cpp.hpp
[26.850s] -- Installing: /home/kkwxnn/Documents/GitHub/FRA501_exam1_6443_6471/FRA501_6443_6471_WS/install/turtlesim_plus_interfaces/include/turtlesim_plus_interfaces/turtlesim_plus_interfaces/msg/detail/dds_fastrtps
[26.851s] -- Installing: /home/kkwxnn/Documents/GitHub/FRA501_exam1_6443_6471/FRA501_6443_6471_WS/install/turtlesim_plus_interfaces/include/turtlesim_plus_interfaces/turtlesim_plus_interfaces/msg/detail/scanner_data__rosidl_typesupport_fastrtps_cpp.hpp
[26.852s] -- Up-to-date: /home/kkwxnn/Documents/GitHub/FRA501_exam1_6443_6471/FRA501_6443_6471_WS/install/turtlesim_plus_interfaces/include/turtlesim_plus_interfaces/turtlesim_plus_interfaces/action
[26.852s] -- Up-to-date: /home/kkwxnn/Documents/GitHub/FRA501_exam1_6443_6471/FRA501_6443_6471_WS/install/turtlesim_plus_interfaces/include/turtlesim_plus_interfaces/turtlesim_plus_interfaces/action/detail
[26.852s] -- Installing: /home/kkwxnn/Documents/GitHub/FRA501_exam1_6443_6471/FRA501_6443_6471_WS/install/turtlesim_plus_interfaces/include/turtlesim_plus_interfaces/turtlesim_plus_interfaces/action/detail/get_data__rosidl_typesupport_fastrtps_cpp.hpp
[26.852s] -- Installing: /home/kkwxnn/Documents/GitHub/FRA501_exam1_6443_6471/FRA501_6443_6471_WS/install/turtlesim_plus_interfaces/include/turtlesim_plus_interfaces/turtlesim_plus_interfaces/action/detail/dds_fastrtps
[26.853s] -- Up-to-date: /home/kkwxnn/Documents/GitHub/FRA501_exam1_6443_6471/FRA501_6443_6471_WS/install/turtlesim_plus_interfaces/include/turtlesim_plus_interfaces/turtlesim_plus_interfaces/srv
[26.853s] -- Up-to-date: /home/kkwxnn/Documents/GitHub/FRA501_exam1_6443_6471/FRA501_6443_6471_WS/install/turtlesim_plus_interfaces/include/turtlesim_plus_interfaces/turtlesim_plus_interfaces/srv/detail
[26.854s] -- Installing: /home/kkwxnn/Documents/GitHub/FRA501_exam1_6443_6471/FRA501_6443_6471_WS/install/turtlesim_plus_interfaces/include/turtlesim_plus_interfaces/turtlesim_plus_interfaces/srv/detail/give_position__rosidl_typesupport_fastrtps_cpp.hpp
[26.854s] -- Installing: /home/kkwxnn/Documents/GitHub/FRA501_exam1_6443_6471/FRA501_6443_6471_WS/install/turtlesim_plus_interfaces/include/turtlesim_plus_interfaces/turtlesim_plus_interfaces/srv/detail/dds_fastrtps
[26.855s] -- Installing: /home/kkwxnn/Documents/GitHub/FRA501_exam1_6443_6471/FRA501_6443_6471_WS/install/turtlesim_plus_interfaces/lib/libturtlesim_plus_interfaces__rosidl_typesupport_fastrtps_cpp.so
[26.856s] -- Set runtime path of "/home/kkwxnn/Documents/GitHub/FRA501_exam1_6443_6471/FRA501_6443_6471_WS/install/turtlesim_plus_interfaces/lib/libturtlesim_plus_interfaces__rosidl_typesupport_fastrtps_cpp.so" to ""
[26.856s] -- Up-to-date: /home/kkwxnn/Documents/GitHub/FRA501_exam1_6443_6471/FRA501_6443_6471_WS/install/turtlesim_plus_interfaces/include/turtlesim_plus_interfaces/turtlesim_plus_interfaces
[26.857s] -- Up-to-date: /home/kkwxnn/Documents/GitHub/FRA501_exam1_6443_6471/FRA501_6443_6471_WS/install/turtlesim_plus_interfaces/include/turtlesim_plus_interfaces/turtlesim_plus_interfaces/msg
[26.857s] -- Up-to-date: /home/kkwxnn/Documents/GitHub/FRA501_exam1_6443_6471/FRA501_6443_6471_WS/install/turtlesim_plus_interfaces/include/turtlesim_plus_interfaces/turtlesim_plus_interfaces/msg/detail
[26.857s] -- Installing: /home/kkwxnn/Documents/GitHub/FRA501_exam1_6443_6471/FRA501_6443_6471_WS/install/turtlesim_plus_interfaces/include/turtlesim_plus_interfaces/turtlesim_plus_interfaces/msg/detail/scanner_data__type_support.cpp
[26.857s] -- Installing: /home/kkwxnn/Documents/GitHub/FRA501_exam1_6443_6471/FRA501_6443_6471_WS/install/turtlesim_plus_interfaces/include/turtlesim_plus_interfaces/turtlesim_plus_interfaces/msg/detail/scanner_data__rosidl_typesupport_introspection_cpp.hpp
[26.858s] -- Installing: /home/kkwxnn/Documents/GitHub/FRA501_exam1_6443_6471/FRA501_6443_6471_WS/install/turtlesim_plus_interfaces/include/turtlesim_plus_interfaces/turtlesim_plus_interfaces/msg/detail/scanner_data_array__type_support.cpp
[26.858s] -- Installing: /home/kkwxnn/Documents/GitHub/FRA501_exam1_6443_6471/FRA501_6443_6471_WS/install/turtlesim_plus_interfaces/include/turtlesim_plus_interfaces/turtlesim_plus_interfaces/msg/detail/scanner_data_array__rosidl_typesupport_introspection_cpp.hpp
[26.859s] -- Up-to-date: /home/kkwxnn/Documents/GitHub/FRA501_exam1_6443_6471/FRA501_6443_6471_WS/install/turtlesim_plus_interfaces/include/turtlesim_plus_interfaces/turtlesim_plus_interfaces/action
[26.859s] -- Up-to-date: /home/kkwxnn/Documents/GitHub/FRA501_exam1_6443_6471/FRA501_6443_6471_WS/install/turtlesim_plus_interfaces/include/turtlesim_plus_interfaces/turtlesim_plus_interfaces/action/detail
[26.859s] -- Installing: /home/kkwxnn/Documents/GitHub/FRA501_exam1_6443_6471/FRA501_6443_6471_WS/install/turtlesim_plus_interfaces/include/turtlesim_plus_interfaces/turtlesim_plus_interfaces/action/detail/get_data__rosidl_typesupport_introspection_cpp.hpp
[26.860s] -- Installing: /home/kkwxnn/Documents/GitHub/FRA501_exam1_6443_6471/FRA501_6443_6471_WS/install/turtlesim_plus_interfaces/include/turtlesim_plus_interfaces/turtlesim_plus_interfaces/action/detail/get_data__type_support.cpp
[26.860s] -- Up-to-date: /home/kkwxnn/Documents/GitHub/FRA501_exam1_6443_6471/FRA501_6443_6471_WS/install/turtlesim_plus_interfaces/include/turtlesim_plus_interfaces/turtlesim_plus_interfaces/srv
[26.861s] -- Up-to-date: /home/kkwxnn/Documents/GitHub/FRA501_exam1_6443_6471/FRA501_6443_6471_WS/install/turtlesim_plus_interfaces/include/turtlesim_plus_interfaces/turtlesim_plus_interfaces/srv/detail
[26.862s] -- Installing: /home/kkwxnn/Documents/GitHub/FRA501_exam1_6443_6471/FRA501_6443_6471_WS/install/turtlesim_plus_interfaces/include/turtlesim_plus_interfaces/turtlesim_plus_interfaces/srv/detail/give_position__type_support.cpp
[26.864s] -- Installing: /home/kkwxnn/Documents/GitHub/FRA501_exam1_6443_6471/FRA501_6443_6471_WS/install/turtlesim_plus_interfaces/include/turtlesim_plus_interfaces/turtlesim_plus_interfaces/srv/detail/give_position__rosidl_typesupport_introspection_cpp.hpp
[26.865s] -- Installing: /home/kkwxnn/Documents/GitHub/FRA501_exam1_6443_6471/FRA501_6443_6471_WS/install/turtlesim_plus_interfaces/lib/libturtlesim_plus_interfaces__rosidl_typesupport_introspection_cpp.so
[26.866s] -- Set runtime path of "/home/kkwxnn/Documents/GitHub/FRA501_exam1_6443_6471/FRA501_6443_6471_WS/install/turtlesim_plus_interfaces/lib/libturtlesim_plus_interfaces__rosidl_typesupport_introspection_cpp.so" to ""
[26.866s] -- Installing: /home/kkwxnn/Documents/GitHub/FRA501_exam1_6443_6471/FRA501_6443_6471_WS/install/turtlesim_plus_interfaces/lib/libturtlesim_plus_interfaces__rosidl_typesupport_cpp.so
[26.867s] -- Set runtime path of "/home/kkwxnn/Documents/GitHub/FRA501_exam1_6443_6471/FRA501_6443_6471_WS/install/turtlesim_plus_interfaces/lib/libturtlesim_plus_interfaces__rosidl_typesupport_cpp.so" to ""
[26.868s] -- Installing: /home/kkwxnn/Documents/GitHub/FRA501_exam1_6443_6471/FRA501_6443_6471_WS/install/turtlesim_plus_interfaces/share/turtlesim_plus_interfaces/environment/pythonpath.sh
[26.869s] -- Installing: /home/kkwxnn/Documents/GitHub/FRA501_exam1_6443_6471/FRA501_6443_6471_WS/install/turtlesim_plus_interfaces/share/turtlesim_plus_interfaces/environment/pythonpath.dsv
[26.870s] -- Installing: /home/kkwxnn/Documents/GitHub/FRA501_exam1_6443_6471/FRA501_6443_6471_WS/install/turtlesim_plus_interfaces/local/lib/python3.10/dist-packages/turtlesim_plus_interfaces-0.0.0-py3.10.egg-info
[26.871s] -- Installing: /home/kkwxnn/Documents/GitHub/FRA501_exam1_6443_6471/FRA501_6443_6471_WS/install/turtlesim_plus_interfaces/local/lib/python3.10/dist-packages/turtlesim_plus_interfaces-0.0.0-py3.10.egg-info/SOURCES.txt
[26.871s] -- Installing: /home/kkwxnn/Documents/GitHub/FRA501_exam1_6443_6471/FRA501_6443_6471_WS/install/turtlesim_plus_interfaces/local/lib/python3.10/dist-packages/turtlesim_plus_interfaces-0.0.0-py3.10.egg-info/PKG-INFO
[26.872s] -- Installing: /home/kkwxnn/Documents/GitHub/FRA501_exam1_6443_6471/FRA501_6443_6471_WS/install/turtlesim_plus_interfaces/local/lib/python3.10/dist-packages/turtlesim_plus_interfaces-0.0.0-py3.10.egg-info/top_level.txt
[26.872s] -- Installing: /home/kkwxnn/Documents/GitHub/FRA501_exam1_6443_6471/FRA501_6443_6471_WS/install/turtlesim_plus_interfaces/local/lib/python3.10/dist-packages/turtlesim_plus_interfaces-0.0.0-py3.10.egg-info/dependency_links.txt
[26.873s] -- Installing: /home/kkwxnn/Documents/GitHub/FRA501_exam1_6443_6471/FRA501_6443_6471_WS/install/turtlesim_plus_interfaces/local/lib/python3.10/dist-packages/turtlesim_plus_interfaces
[26.873s] -- Installing: /home/kkwxnn/Documents/GitHub/FRA501_exam1_6443_6471/FRA501_6443_6471_WS/install/turtlesim_plus_interfaces/local/lib/python3.10/dist-packages/turtlesim_plus_interfaces/turtlesim_plus_interfaces_s__rosidl_typesupport_introspection_c.cpython-310-x86_64-linux-gnu.so
[26.874s] -- Installing: /home/kkwxnn/Documents/GitHub/FRA501_exam1_6443_6471/FRA501_6443_6471_WS/install/turtlesim_plus_interfaces/local/lib/python3.10/dist-packages/turtlesim_plus_interfaces/msg
[26.874s] -- Installing: /home/kkwxnn/Documents/GitHub/FRA501_exam1_6443_6471/FRA501_6443_6471_WS/install/turtlesim_plus_interfaces/local/lib/python3.10/dist-packages/turtlesim_plus_interfaces/msg/_scanner_data_s.c
[26.875s] -- Installing: /home/kkwxnn/Documents/GitHub/FRA501_exam1_6443_6471/FRA501_6443_6471_WS/install/turtlesim_plus_interfaces/local/lib/python3.10/dist-packages/turtlesim_plus_interfaces/msg/_scanner_data_array.py
[26.875s] -- Installing: /home/kkwxnn/Documents/GitHub/FRA501_exam1_6443_6471/FRA501_6443_6471_WS/install/turtlesim_plus_interfaces/local/lib/python3.10/dist-packages/turtlesim_plus_interfaces/msg/_scanner_data.py
[26.876s] -- Installing: /home/kkwxnn/Documents/GitHub/FRA501_exam1_6443_6471/FRA501_6443_6471_WS/install/turtlesim_plus_interfaces/local/lib/python3.10/dist-packages/turtlesim_plus_interfaces/msg/__init__.py
[26.876s] -- Installing: /home/kkwxnn/Documents/GitHub/FRA501_exam1_6443_6471/FRA501_6443_6471_WS/install/turtlesim_plus_interfaces/local/lib/python3.10/dist-packages/turtlesim_plus_interfaces/msg/_scanner_data_array_s.c
[26.877s] -- Installing: /home/kkwxnn/Documents/GitHub/FRA501_exam1_6443_6471/FRA501_6443_6471_WS/install/turtlesim_plus_interfaces/local/lib/python3.10/dist-packages/turtlesim_plus_interfaces/action
[26.877s] -- Installing: /home/kkwxnn/Documents/GitHub/FRA501_exam1_6443_6471/FRA501_6443_6471_WS/install/turtlesim_plus_interfaces/local/lib/python3.10/dist-packages/turtlesim_plus_interfaces/action/_get_data_s.c
[26.879s] -- Installing: /home/kkwxnn/Documents/GitHub/FRA501_exam1_6443_6471/FRA501_6443_6471_WS/install/turtlesim_plus_interfaces/local/lib/python3.10/dist-packages/turtlesim_plus_interfaces/action/__init__.py
[26.879s] -- Installing: /home/kkwxnn/Documents/GitHub/FRA501_exam1_6443_6471/FRA501_6443_6471_WS/install/turtlesim_plus_interfaces/local/lib/python3.10/dist-packages/turtlesim_plus_interfaces/action/_get_data.py
[26.882s] -- Installing: /home/kkwxnn/Documents/GitHub/FRA501_exam1_6443_6471/FRA501_6443_6471_WS/install/turtlesim_plus_interfaces/local/lib/python3.10/dist-packages/turtlesim_plus_interfaces/_turtlesim_plus_interfaces_s.ep.rosidl_typesupport_fastrtps_c.c
[26.882s] -- Installing: /home/kkwxnn/Documents/GitHub/FRA501_exam1_6443_6471/FRA501_6443_6471_WS/install/turtlesim_plus_interfaces/local/lib/python3.10/dist-packages/turtlesim_plus_interfaces/__init__.py
[26.882s] -- Installing: /home/kkwxnn/Documents/GitHub/FRA501_exam1_6443_6471/FRA501_6443_6471_WS/install/turtlesim_plus_interfaces/local/lib/python3.10/dist-packages/turtlesim_plus_interfaces/_turtlesim_plus_interfaces_s.ep.rosidl_typesupport_c.c
[26.882s] -- Installing: /home/kkwxnn/Documents/GitHub/FRA501_exam1_6443_6471/FRA501_6443_6471_WS/install/turtlesim_plus_interfaces/local/lib/python3.10/dist-packages/turtlesim_plus_interfaces/srv
[26.882s] -- Installing: /home/kkwxnn/Documents/GitHub/FRA501_exam1_6443_6471/FRA501_6443_6471_WS/install/turtlesim_plus_interfaces/local/lib/python3.10/dist-packages/turtlesim_plus_interfaces/srv/__init__.py
[26.883s] -- Installing: /home/kkwxnn/Documents/GitHub/FRA501_exam1_6443_6471/FRA501_6443_6471_WS/install/turtlesim_plus_interfaces/local/lib/python3.10/dist-packages/turtlesim_plus_interfaces/srv/_give_position_s.c
[26.883s] -- Installing: /home/kkwxnn/Documents/GitHub/FRA501_exam1_6443_6471/FRA501_6443_6471_WS/install/turtlesim_plus_interfaces/local/lib/python3.10/dist-packages/turtlesim_plus_interfaces/srv/_give_position.py
[26.884s] -- Installing: /home/kkwxnn/Documents/GitHub/FRA501_exam1_6443_6471/FRA501_6443_6471_WS/install/turtlesim_plus_interfaces/local/lib/python3.10/dist-packages/turtlesim_plus_interfaces/_turtlesim_plus_interfaces_s.ep.rosidl_typesupport_introspection_c.c
[26.884s] -- Installing: /home/kkwxnn/Documents/GitHub/FRA501_exam1_6443_6471/FRA501_6443_6471_WS/install/turtlesim_plus_interfaces/local/lib/python3.10/dist-packages/turtlesim_plus_interfaces/turtlesim_plus_interfaces_s__rosidl_typesupport_c.cpython-310-x86_64-linux-gnu.so
[26.885s] -- Installing: /home/kkwxnn/Documents/GitHub/FRA501_exam1_6443_6471/FRA501_6443_6471_WS/install/turtlesim_plus_interfaces/local/lib/python3.10/dist-packages/turtlesim_plus_interfaces/libturtlesim_plus_interfaces__rosidl_generator_py.so
[26.885s] -- Installing: /home/kkwxnn/Documents/GitHub/FRA501_exam1_6443_6471/FRA501_6443_6471_WS/install/turtlesim_plus_interfaces/local/lib/python3.10/dist-packages/turtlesim_plus_interfaces/turtlesim_plus_interfaces_s__rosidl_typesupport_fastrtps_c.cpython-310-x86_64-linux-gnu.so
[26.991s] Listing '/home/kkwxnn/Documents/GitHub/FRA501_exam1_6443_6471/FRA501_6443_6471_WS/install/turtlesim_plus_interfaces/local/lib/python3.10/dist-packages/turtlesim_plus_interfaces'...
[26.992s] Compiling '/home/kkwxnn/Documents/GitHub/FRA501_exam1_6443_6471/FRA501_6443_6471_WS/install/turtlesim_plus_interfaces/local/lib/python3.10/dist-packages/turtlesim_plus_interfaces/__init__.py'...
[26.993s] Listing '/home/kkwxnn/Documents/GitHub/FRA501_exam1_6443_6471/FRA501_6443_6471_WS/install/turtlesim_plus_interfaces/local/lib/python3.10/dist-packages/turtlesim_plus_interfaces/action'...
[26.993s] Compiling '/home/kkwxnn/Documents/GitHub/FRA501_exam1_6443_6471/FRA501_6443_6471_WS/install/turtlesim_plus_interfaces/local/lib/python3.10/dist-packages/turtlesim_plus_interfaces/action/__init__.py'...
[26.993s] Compiling '/home/kkwxnn/Documents/GitHub/FRA501_exam1_6443_6471/FRA501_6443_6471_WS/install/turtlesim_plus_interfaces/local/lib/python3.10/dist-packages/turtlesim_plus_interfaces/action/_get_data.py'...
[26.993s] Listing '/home/kkwxnn/Documents/GitHub/FRA501_exam1_6443_6471/FRA501_6443_6471_WS/install/turtlesim_plus_interfaces/local/lib/python3.10/dist-packages/turtlesim_plus_interfaces/msg'...
[26.993s] Compiling '/home/kkwxnn/Documents/GitHub/FRA501_exam1_6443_6471/FRA501_6443_6471_WS/install/turtlesim_plus_interfaces/local/lib/python3.10/dist-packages/turtlesim_plus_interfaces/msg/__init__.py'...
[26.994s] Compiling '/home/kkwxnn/Documents/GitHub/FRA501_exam1_6443_6471/FRA501_6443_6471_WS/install/turtlesim_plus_interfaces/local/lib/python3.10/dist-packages/turtlesim_plus_interfaces/msg/_scanner_data.py'...
[26.994s] Compiling '/home/kkwxnn/Documents/GitHub/FRA501_exam1_6443_6471/FRA501_6443_6471_WS/install/turtlesim_plus_interfaces/local/lib/python3.10/dist-packages/turtlesim_plus_interfaces/msg/_scanner_data_array.py'...
[26.994s] Listing '/home/kkwxnn/Documents/GitHub/FRA501_exam1_6443_6471/FRA501_6443_6471_WS/install/turtlesim_plus_interfaces/local/lib/python3.10/dist-packages/turtlesim_plus_interfaces/srv'...
[26.994s] Compiling '/home/kkwxnn/Documents/GitHub/FRA501_exam1_6443_6471/FRA501_6443_6471_WS/install/turtlesim_plus_interfaces/local/lib/python3.10/dist-packages/turtlesim_plus_interfaces/srv/__init__.py'...
[26.994s] Compiling '/home/kkwxnn/Documents/GitHub/FRA501_exam1_6443_6471/FRA501_6443_6471_WS/install/turtlesim_plus_interfaces/local/lib/python3.10/dist-packages/turtlesim_plus_interfaces/srv/_give_position.py'...
[27.014s] -- Installing: /home/kkwxnn/Documents/GitHub/FRA501_exam1_6443_6471/FRA501_6443_6471_WS/install/turtlesim_plus_interfaces/local/lib/python3.10/dist-packages/turtlesim_plus_interfaces/turtlesim_plus_interfaces_s__rosidl_typesupport_fastrtps_c.cpython-310-x86_64-linux-gnu.so
[27.014s] -- Set runtime path of "/home/kkwxnn/Documents/GitHub/FRA501_exam1_6443_6471/FRA501_6443_6471_WS/install/turtlesim_plus_interfaces/local/lib/python3.10/dist-packages/turtlesim_plus_interfaces/turtlesim_plus_interfaces_s__rosidl_typesupport_fastrtps_c.cpython-310-x86_64-linux-gnu.so" to ""
[27.014s] -- Installing: /home/kkwxnn/Documents/GitHub/FRA501_exam1_6443_6471/FRA501_6443_6471_WS/install/turtlesim_plus_interfaces/local/lib/python3.10/dist-packages/turtlesim_plus_interfaces/turtlesim_plus_interfaces_s__rosidl_typesupport_introspection_c.cpython-310-x86_64-linux-gnu.so
[27.014s] -- Set runtime path of "/home/kkwxnn/Documents/GitHub/FRA501_exam1_6443_6471/FRA501_6443_6471_WS/install/turtlesim_plus_interfaces/local/lib/python3.10/dist-packages/turtlesim_plus_interfaces/turtlesim_plus_interfaces_s__rosidl_typesupport_introspection_c.cpython-310-x86_64-linux-gnu.so" to ""
[27.014s] -- Installing: /home/kkwxnn/Documents/GitHub/FRA501_exam1_6443_6471/FRA501_6443_6471_WS/install/turtlesim_plus_interfaces/local/lib/python3.10/dist-packages/turtlesim_plus_interfaces/turtlesim_plus_interfaces_s__rosidl_typesupport_c.cpython-310-x86_64-linux-gnu.so
[27.014s] -- Set runtime path of "/home/kkwxnn/Documents/GitHub/FRA501_exam1_6443_6471/FRA501_6443_6471_WS/install/turtlesim_plus_interfaces/local/lib/python3.10/dist-packages/turtlesim_plus_interfaces/turtlesim_plus_interfaces_s__rosidl_typesupport_c.cpython-310-x86_64-linux-gnu.so" to ""
[27.014s] -- Installing: /home/kkwxnn/Documents/GitHub/FRA501_exam1_6443_6471/FRA501_6443_6471_WS/install/turtlesim_plus_interfaces/lib/libturtlesim_plus_interfaces__rosidl_generator_py.so
[27.014s] -- Set runtime path of "/home/kkwxnn/Documents/GitHub/FRA501_exam1_6443_6471/FRA501_6443_6471_WS/install/turtlesim_plus_interfaces/lib/libturtlesim_plus_interfaces__rosidl_generator_py.so" to ""
[27.014s] -- Installing: /home/kkwxnn/Documents/GitHub/FRA501_exam1_6443_6471/FRA501_6443_6471_WS/install/turtlesim_plus_interfaces/share/turtlesim_plus_interfaces/msg/ScannerData.idl
[27.014s] -- Installing: /home/kkwxnn/Documents/GitHub/FRA501_exam1_6443_6471/FRA501_6443_6471_WS/install/turtlesim_plus_interfaces/share/turtlesim_plus_interfaces/msg/ScannerDataArray.idl
[27.014s] -- Installing: /home/kkwxnn/Documents/GitHub/FRA501_exam1_6443_6471/FRA501_6443_6471_WS/install/turtlesim_plus_interfaces/share/turtlesim_plus_interfaces/srv/GivePosition.idl
[27.014s] -- Installing: /home/kkwxnn/Documents/GitHub/FRA501_exam1_6443_6471/FRA501_6443_6471_WS/install/turtlesim_plus_interfaces/share/turtlesim_plus_interfaces/action/GetData.idl
[27.015s] -- Installing: /home/kkwxnn/Documents/GitHub/FRA501_exam1_6443_6471/FRA501_6443_6471_WS/install/turtlesim_plus_interfaces/share/turtlesim_plus_interfaces/msg/ScannerData.msg
[27.015s] -- Installing: /home/kkwxnn/Documents/GitHub/FRA501_exam1_6443_6471/FRA501_6443_6471_WS/install/turtlesim_plus_interfaces/share/turtlesim_plus_interfaces/msg/ScannerDataArray.msg
[27.015s] -- Installing: /home/kkwxnn/Documents/GitHub/FRA501_exam1_6443_6471/FRA501_6443_6471_WS/install/turtlesim_plus_interfaces/share/turtlesim_plus_interfaces/srv/GivePosition.srv
[27.015s] -- Installing: /home/kkwxnn/Documents/GitHub/FRA501_exam1_6443_6471/FRA501_6443_6471_WS/install/turtlesim_plus_interfaces/share/turtlesim_plus_interfaces/srv/GivePosition_Request.msg
[27.015s] -- Installing: /home/kkwxnn/Documents/GitHub/FRA501_exam1_6443_6471/FRA501_6443_6471_WS/install/turtlesim_plus_interfaces/share/turtlesim_plus_interfaces/srv/GivePosition_Response.msg
[27.015s] -- Installing: /home/kkwxnn/Documents/GitHub/FRA501_exam1_6443_6471/FRA501_6443_6471_WS/install/turtlesim_plus_interfaces/share/turtlesim_plus_interfaces/action/GetData.action
[27.015s] -- Installing: /home/kkwxnn/Documents/GitHub/FRA501_exam1_6443_6471/FRA501_6443_6471_WS/install/turtlesim_plus_interfaces/share/ament_index/resource_index/package_run_dependencies/turtlesim_plus_interfaces
[27.016s] -- Installing: /home/kkwxnn/Documents/GitHub/FRA501_exam1_6443_6471/FRA501_6443_6471_WS/install/turtlesim_plus_interfaces/share/ament_index/resource_index/parent_prefix_path/turtlesim_plus_interfaces
[27.016s] -- Installing: /home/kkwxnn/Documents/GitHub/FRA501_exam1_6443_6471/FRA501_6443_6471_WS/install/turtlesim_plus_interfaces/share/turtlesim_plus_interfaces/environment/ament_prefix_path.sh
[27.017s] -- Installing: /home/kkwxnn/Documents/GitHub/FRA501_exam1_6443_6471/FRA501_6443_6471_WS/install/turtlesim_plus_interfaces/share/turtlesim_plus_interfaces/environment/ament_prefix_path.dsv
[27.018s] -- Installing: /home/kkwxnn/Documents/GitHub/FRA501_exam1_6443_6471/FRA501_6443_6471_WS/install/turtlesim_plus_interfaces/share/turtlesim_plus_interfaces/environment/path.sh
[27.019s] -- Installing: /home/kkwxnn/Documents/GitHub/FRA501_exam1_6443_6471/FRA501_6443_6471_WS/install/turtlesim_plus_interfaces/share/turtlesim_plus_interfaces/environment/path.dsv
[27.020s] -- Installing: /home/kkwxnn/Documents/GitHub/FRA501_exam1_6443_6471/FRA501_6443_6471_WS/install/turtlesim_plus_interfaces/share/turtlesim_plus_interfaces/local_setup.bash
[27.022s] -- Installing: /home/kkwxnn/Documents/GitHub/FRA501_exam1_6443_6471/FRA501_6443_6471_WS/install/turtlesim_plus_interfaces/share/turtlesim_plus_interfaces/local_setup.sh
[27.023s] -- Installing: /home/kkwxnn/Documents/GitHub/FRA501_exam1_6443_6471/FRA501_6443_6471_WS/install/turtlesim_plus_interfaces/share/turtlesim_plus_interfaces/local_setup.zsh
[27.025s] -- Installing: /home/kkwxnn/Documents/GitHub/FRA501_exam1_6443_6471/FRA501_6443_6471_WS/install/turtlesim_plus_interfaces/share/turtlesim_plus_interfaces/local_setup.dsv
[27.025s] -- Installing: /home/kkwxnn/Documents/GitHub/FRA501_exam1_6443_6471/FRA501_6443_6471_WS/install/turtlesim_plus_interfaces/share/turtlesim_plus_interfaces/package.dsv
[27.026s] -- Installing: /home/kkwxnn/Documents/GitHub/FRA501_exam1_6443_6471/FRA501_6443_6471_WS/install/turtlesim_plus_interfaces/share/ament_index/resource_index/packages/turtlesim_plus_interfaces
[27.028s] -- Installing: /home/kkwxnn/Documents/GitHub/FRA501_exam1_6443_6471/FRA501_6443_6471_WS/install/turtlesim_plus_interfaces/share/turtlesim_plus_interfaces/cmake/export_turtlesim_plus_interfaces__rosidl_generator_cExport.cmake
[27.030s] -- Installing: /home/kkwxnn/Documents/GitHub/FRA501_exam1_6443_6471/FRA501_6443_6471_WS/install/turtlesim_plus_interfaces/share/turtlesim_plus_interfaces/cmake/export_turtlesim_plus_interfaces__rosidl_generator_cExport-noconfig.cmake
[27.032s] -- Installing: /home/kkwxnn/Documents/GitHub/FRA501_exam1_6443_6471/FRA501_6443_6471_WS/install/turtlesim_plus_interfaces/share/turtlesim_plus_interfaces/cmake/export_turtlesim_plus_interfaces__rosidl_typesupport_fastrtps_cExport.cmake
[27.034s] -- Installing: /home/kkwxnn/Documents/GitHub/FRA501_exam1_6443_6471/FRA501_6443_6471_WS/install/turtlesim_plus_interfaces/share/turtlesim_plus_interfaces/cmake/export_turtlesim_plus_interfaces__rosidl_typesupport_fastrtps_cExport-noconfig.cmake
[27.035s] -- Installing: /home/kkwxnn/Documents/GitHub/FRA501_exam1_6443_6471/FRA501_6443_6471_WS/install/turtlesim_plus_interfaces/share/turtlesim_plus_interfaces/cmake/turtlesim_plus_interfaces__rosidl_typesupport_introspection_cExport.cmake
[27.036s] -- Installing: /home/kkwxnn/Documents/GitHub/FRA501_exam1_6443_6471/FRA501_6443_6471_WS/install/turtlesim_plus_interfaces/share/turtlesim_plus_interfaces/cmake/turtlesim_plus_interfaces__rosidl_typesupport_introspection_cExport-noconfig.cmake
[27.037s] -- Installing: /home/kkwxnn/Documents/GitHub/FRA501_exam1_6443_6471/FRA501_6443_6471_WS/install/turtlesim_plus_interfaces/share/turtlesim_plus_interfaces/cmake/turtlesim_plus_interfaces__rosidl_typesupport_cExport.cmake
[27.038s] -- Installing: /home/kkwxnn/Documents/GitHub/FRA501_exam1_6443_6471/FRA501_6443_6471_WS/install/turtlesim_plus_interfaces/share/turtlesim_plus_interfaces/cmake/turtlesim_plus_interfaces__rosidl_typesupport_cExport-noconfig.cmake
[27.040s] -- Installing: /home/kkwxnn/Documents/GitHub/FRA501_exam1_6443_6471/FRA501_6443_6471_WS/install/turtlesim_plus_interfaces/share/turtlesim_plus_interfaces/cmake/export_turtlesim_plus_interfaces__rosidl_generator_cppExport.cmake
[27.041s] -- Installing: /home/kkwxnn/Documents/GitHub/FRA501_exam1_6443_6471/FRA501_6443_6471_WS/install/turtlesim_plus_interfaces/share/turtlesim_plus_interfaces/cmake/export_turtlesim_plus_interfaces__rosidl_typesupport_fastrtps_cppExport.cmake
[27.043s] -- Installing: /home/kkwxnn/Documents/GitHub/FRA501_exam1_6443_6471/FRA501_6443_6471_WS/install/turtlesim_plus_interfaces/share/turtlesim_plus_interfaces/cmake/export_turtlesim_plus_interfaces__rosidl_typesupport_fastrtps_cppExport-noconfig.cmake
[27.045s] -- Installing: /home/kkwxnn/Documents/GitHub/FRA501_exam1_6443_6471/FRA501_6443_6471_WS/install/turtlesim_plus_interfaces/share/turtlesim_plus_interfaces/cmake/turtlesim_plus_interfaces__rosidl_typesupport_introspection_cppExport.cmake
[27.046s] -- Installing: /home/kkwxnn/Documents/GitHub/FRA501_exam1_6443_6471/FRA501_6443_6471_WS/install/turtlesim_plus_interfaces/share/turtlesim_plus_interfaces/cmake/turtlesim_plus_interfaces__rosidl_typesupport_introspection_cppExport-noconfig.cmake
[27.048s] -- Installing: /home/kkwxnn/Documents/GitHub/FRA501_exam1_6443_6471/FRA501_6443_6471_WS/install/turtlesim_plus_interfaces/share/turtlesim_plus_interfaces/cmake/turtlesim_plus_interfaces__rosidl_typesupport_cppExport.cmake
[27.050s] -- Installing: /home/kkwxnn/Documents/GitHub/FRA501_exam1_6443_6471/FRA501_6443_6471_WS/install/turtlesim_plus_interfaces/share/turtlesim_plus_interfaces/cmake/turtlesim_plus_interfaces__rosidl_typesupport_cppExport-noconfig.cmake
[27.055s] -- Installing: /home/kkwxnn/Documents/GitHub/FRA501_exam1_6443_6471/FRA501_6443_6471_WS/install/turtlesim_plus_interfaces/share/turtlesim_plus_interfaces/cmake/export_turtlesim_plus_interfaces__rosidl_generator_pyExport.cmake
[27.056s] -- Installing: /home/kkwxnn/Documents/GitHub/FRA501_exam1_6443_6471/FRA501_6443_6471_WS/install/turtlesim_plus_interfaces/share/turtlesim_plus_interfaces/cmake/export_turtlesim_plus_interfaces__rosidl_generator_pyExport-noconfig.cmake
[27.058s] -- Installing: /home/kkwxnn/Documents/GitHub/FRA501_exam1_6443_6471/FRA501_6443_6471_WS/install/turtlesim_plus_interfaces/share/turtlesim_plus_interfaces/cmake/rosidl_cmake-extras.cmake
[27.060s] -- Installing: /home/kkwxnn/Documents/GitHub/FRA501_exam1_6443_6471/FRA501_6443_6471_WS/install/turtlesim_plus_interfaces/share/turtlesim_plus_interfaces/cmake/ament_cmake_export_dependencies-extras.cmake
[27.063s] -- Installing: /home/kkwxnn/Documents/GitHub/FRA501_exam1_6443_6471/FRA501_6443_6471_WS/install/turtlesim_plus_interfaces/share/turtlesim_plus_interfaces/cmake/ament_cmake_export_include_directories-extras.cmake
[27.064s] -- Installing: /home/kkwxnn/Documents/GitHub/FRA501_exam1_6443_6471/FRA501_6443_6471_WS/install/turtlesim_plus_interfaces/share/turtlesim_plus_interfaces/cmake/ament_cmake_export_libraries-extras.cmake
[27.065s] -- Installing: /home/kkwxnn/Documents/GitHub/FRA501_exam1_6443_6471/FRA501_6443_6471_WS/install/turtlesim_plus_interfaces/share/turtlesim_plus_interfaces/cmake/ament_cmake_export_targets-extras.cmake
[27.066s] -- Installing: /home/kkwxnn/Documents/GitHub/FRA501_exam1_6443_6471/FRA501_6443_6471_WS/install/turtlesim_plus_interfaces/share/turtlesim_plus_interfaces/cmake/rosidl_cmake_export_typesupport_targets-extras.cmake
[27.067s] -- Installing: /home/kkwxnn/Documents/GitHub/FRA501_exam1_6443_6471/FRA501_6443_6471_WS/install/turtlesim_plus_interfaces/share/turtlesim_plus_interfaces/cmake/rosidl_cmake_export_typesupport_libraries-extras.cmake
[27.067s] -- Installing: /home/kkwxnn/Documents/GitHub/FRA501_exam1_6443_6471/FRA501_6443_6471_WS/install/turtlesim_plus_interfaces/share/turtlesim_plus_interfaces/cmake/turtlesim_plus_interfacesConfig.cmake
[27.068s] -- Installing: /home/kkwxnn/Documents/GitHub/FRA501_exam1_6443_6471/FRA501_6443_6471_WS/install/turtlesim_plus_interfaces/share/turtlesim_plus_interfaces/cmake/turtlesim_plus_interfacesConfig-version.cmake
[27.069s] -- Installing: /home/kkwxnn/Documents/GitHub/FRA501_exam1_6443_6471/FRA501_6443_6471_WS/install/turtlesim_plus_interfaces/share/turtlesim_plus_interfaces/package.xml
[27.082s] Invoked command in '/home/kkwxnn/Documents/GitHub/FRA501_exam1_6443_6471/FRA501_6443_6471_WS/build/turtlesim_plus_interfaces' returned '0': CMAKE_PREFIX_PATH=${CMAKE_PREFIX_PATH}:/opt/ros/humble /usr/bin/cmake --install /home/kkwxnn/Documents/GitHub/FRA501_exam1_6443_6471/FRA501_6443_6471_WS/build/turtlesim_plus_interfaces
