[0.042s] Invoking command in '/home/kkwxnn/Documents/GitHub/FRA501_exam1_6443_6471/FRA501_6443_6471_WS/build/turtlesimplus_control_exam1': CMAKE_PREFIX_PATH=${CMAKE_PREFIX_PATH}:/opt/ros/humble /usr/bin/cmake --build /home/kkwxnn/Documents/GitHub/FRA501_exam1_6443_6471/FRA501_6443_6471_WS/build/turtlesimplus_control_exam1 -- -j2 -l2
[0.173s] Invoked command in '/home/kkwxnn/Documents/GitHub/FRA501_exam1_6443_6471/FRA501_6443_6471_WS/build/turtlesimplus_control_exam1' returned '0': CMAKE_PREFIX_PATH=${CMAKE_PREFIX_PATH}:/opt/ros/humble /usr/bin/cmake --build /home/kkwxnn/Documents/GitHub/FRA501_exam1_6443_6471/FRA501_6443_6471_WS/build/turtlesimplus_control_exam1 -- -j2 -l2
[0.258s] Invoking command in '/home/kkwxnn/Documents/GitHub/FRA501_exam1_6443_6471/FRA501_6443_6471_WS/build/turtlesimplus_control_exam1': CMAKE_PREFIX_PATH=${CMAKE_PREFIX_PATH}:/opt/ros/humble /usr/bin/cmake --install /home/kkwxnn/Documents/GitHub/FRA501_exam1_6443_6471/FRA501_6443_6471_WS/build/turtlesimplus_control_exam1
[0.271s] -- Install configuration: ""
[0.273s] -- Up-to-date: /home/kkwxnn/Documents/GitHub/FRA501_exam1_6443_6471/FRA501_6443_6471_WS/install/turtlesimplus_control_exam1/share/ament_index/resource_index/package_run_dependencies/turtlesimplus_control_exam1
[0.274s] -- Up-to-date: /home/kkwxnn/Documents/GitHub/FRA501_exam1_6443_6471/FRA501_6443_6471_WS/install/turtlesimplus_control_exam1/share/ament_index/resource_index/parent_prefix_path/turtlesimplus_control_exam1
[0.278s] -- Up-to-date: /home/kkwxnn/Documents/GitHub/FRA501_exam1_6443_6471/FRA501_6443_6471_WS/install/turtlesimplus_control_exam1/share/turtlesimplus_control_exam1/environment/ament_prefix_path.sh
[0.282s] -- Up-to-date: /home/kkwxnn/Documents/GitHub/FRA501_exam1_6443_6471/FRA501_6443_6471_WS/install/turtlesimplus_control_exam1/share/turtlesimplus_control_exam1/environment/ament_prefix_path.dsv
[0.283s] -- Up-to-date: /home/kkwxnn/Documents/GitHub/FRA501_exam1_6443_6471/FRA501_6443_6471_WS/install/turtlesimplus_control_exam1/share/turtlesimplus_control_exam1/environment/path.sh
[0.286s] -- Up-to-date: /home/kkwxnn/Documents/GitHub/FRA501_exam1_6443_6471/FRA501_6443_6471_WS/install/turtlesimplus_control_exam1/share/turtlesimplus_control_exam1/environment/path.dsv
[0.288s] -- Up-to-date: /home/kkwxnn/Documents/GitHub/FRA501_exam1_6443_6471/FRA501_6443_6471_WS/install/turtlesimplus_control_exam1/share/turtlesimplus_control_exam1/local_setup.bash
[0.291s] -- Up-to-date: /home/kkwxnn/Documents/GitHub/FRA501_exam1_6443_6471/FRA501_6443_6471_WS/install/turtlesimplus_control_exam1/share/turtlesimplus_control_exam1/local_setup.sh
[0.293s] -- Up-to-date: /home/kkwxnn/Documents/GitHub/FRA501_exam1_6443_6471/FRA501_6443_6471_WS/install/turtlesimplus_control_exam1/share/turtlesimplus_control_exam1/local_setup.zsh
[0.297s] -- Up-to-date: /home/kkwxnn/Documents/GitHub/FRA501_exam1_6443_6471/FRA501_6443_6471_WS/install/turtlesimplus_control_exam1/share/turtlesimplus_control_exam1/local_setup.dsv
[0.300s] -- Up-to-date: /home/kkwxnn/Documents/GitHub/FRA501_exam1_6443_6471/FRA501_6443_6471_WS/install/turtlesimplus_control_exam1/share/turtlesimplus_control_exam1/package.dsv
[0.301s] -- Up-to-date: /home/kkwxnn/Documents/GitHub/FRA501_exam1_6443_6471/FRA501_6443_6471_WS/install/turtlesimplus_control_exam1/share/ament_index/resource_index/packages/turtlesimplus_control_exam1
[0.302s] -- Up-to-date: /home/kkwxnn/Documents/GitHub/FRA501_exam1_6443_6471/FRA501_6443_6471_WS/install/turtlesimplus_control_exam1/share/turtlesimplus_control_exam1/cmake/turtlesimplus_control_exam1Config.cmake
[0.303s] -- Up-to-date: /home/kkwxnn/Documents/GitHub/FRA501_exam1_6443_6471/FRA501_6443_6471_WS/install/turtlesimplus_control_exam1/share/turtlesimplus_control_exam1/cmake/turtlesimplus_control_exam1Config-version.cmake
[0.303s] -- Up-to-date: /home/kkwxnn/Documents/GitHub/FRA501_exam1_6443_6471/FRA501_6443_6471_WS/install/turtlesimplus_control_exam1/share/turtlesimplus_control_exam1/package.xml
[0.304s] Invoked command in '/home/kkwxnn/Documents/GitHub/FRA501_exam1_6443_6471/FRA501_6443_6471_WS/build/turtlesimplus_control_exam1' returned '0': CMAKE_PREFIX_PATH=${CMAKE_PREFIX_PATH}:/opt/ros/humble /usr/bin/cmake --install /home/kkwxnn/Documents/GitHub/FRA501_exam1_6443_6471/FRA501_6443_6471_WS/build/turtlesimplus_control_exam1
