[0.479s] DEBUG:colcon:Command line arguments: ['/usr/bin/colcon', 'build']
[0.480s] DEBUG:colcon:Parsed command line arguments: Namespace(log_base=None, log_level=None, verb_name='build', build_base='build', install_base='install', merge_install=False, symlink_install=False, test_result_base=None, continue_on_error=False, executor='parallel', parallel_workers=2, event_handlers=None, ignore_user_meta=False, metas=['./colcon.meta'], base_paths=['.'], packages_ignore=None, packages_ignore_regex=None, paths=None, packages_up_to=None, packages_up_to_regex=None, packages_above=None, packages_above_and_dependencies=None, packages_above_depth=None, packages_select_by_dep=None, packages_skip_by_dep=None, packages_skip_up_to=None, packages_select_build_failed=False, packages_skip_build_finished=False, packages_select_test_failures=False, packages_skip_test_passed=False, packages_select=None, packages_skip=None, packages_select_regex=None, packages_skip_regex=None, packages_start=None, packages_end=None, allow_overriding=[], cmake_args=None, cmake_target=None, cmake_target_skip_unavailable=False, cmake_clean_cache=False, cmake_clean_first=False, cmake_force_configure=False, ament_cmake_args=None, catkin_cmake_args=None, catkin_skip_building_tests=False, verb_parser=<colcon_defaults.argument_parser.defaults.DefaultArgumentsDecorator object at 0x7f05eecc6110>, verb_extension=<colcon_core.verb.build.BuildVerb object at 0x7f05eedd15d0>, main=<bound method BuildVerb.main of <colcon_core.verb.build.BuildVerb object at 0x7f05eedd15d0>>)
[0.530s] Level 1:colcon.colcon_core.package_discovery:discover_packages(colcon_meta) check parameters
[0.530s] Level 1:colcon.colcon_core.package_discovery:discover_packages(recursive) check parameters
[0.531s] Level 1:colcon.colcon_core.package_discovery:discover_packages(ignore) check parameters
[0.531s] Level 1:colcon.colcon_core.package_discovery:discover_packages(path) check parameters
[0.531s] Level 1:colcon.colcon_core.package_discovery:discover_packages(colcon_meta) discover
[0.532s] Level 1:colcon.colcon_core.package_discovery:discover_packages(recursive) discover
[0.532s] INFO:colcon.colcon_core.package_discovery:Crawling recursively for packages in '/home/kkwxnn/Documents/GitHub/FRA501_exam1_6443_6471/FRA501_6443_6471_WS'
[0.532s] Level 1:colcon.colcon_core.package_identification:_identify(.) by extensions ['ignore', 'ignore_ament_install']
[0.533s] Level 1:colcon.colcon_core.package_identification:_identify(.) by extension 'ignore'
[0.533s] Level 1:colcon.colcon_core.package_identification:_identify(.) by extension 'ignore_ament_install'
[0.533s] Level 1:colcon.colcon_core.package_identification:_identify(.) by extensions ['colcon_pkg']
[0.534s] Level 1:colcon.colcon_core.package_identification:_identify(.) by extension 'colcon_pkg'
[0.534s] Level 1:colcon.colcon_core.package_identification:_identify(.) by extensions ['colcon_meta']
[0.534s] Level 1:colcon.colcon_core.package_identification:_identify(.) by extension 'colcon_meta'
[0.534s] Level 1:colcon.colcon_core.package_identification:_identify(.) by extensions ['ros']
[0.535s] Level 1:colcon.colcon_core.package_identification:_identify(.) by extension 'ros'
[0.549s] Level 1:colcon.colcon_core.package_identification:_identify(.) by extensions ['cmake', 'python']
[0.550s] Level 1:colcon.colcon_core.package_identification:_identify(.) by extension 'cmake'
[0.550s] Level 1:colcon.colcon_core.package_identification:_identify(.) by extension 'python'
[0.550s] Level 1:colcon.colcon_core.package_identification:_identify(.) by extensions ['python_setup_py']
[0.550s] Level 1:colcon.colcon_core.package_identification:_identify(.) by extension 'python_setup_py'
[0.551s] Level 1:colcon.colcon_core.package_identification:_identify(build) by extensions ['ignore', 'ignore_ament_install']
[0.551s] Level 1:colcon.colcon_core.package_identification:_identify(build) by extension 'ignore'
[0.552s] Level 1:colcon.colcon_core.package_identification:_identify(build) ignored
[0.552s] Level 1:colcon.colcon_core.package_identification:_identify(install) by extensions ['ignore', 'ignore_ament_install']
[0.552s] Level 1:colcon.colcon_core.package_identification:_identify(install) by extension 'ignore'
[0.553s] Level 1:colcon.colcon_core.package_identification:_identify(install) ignored
[0.553s] Level 1:colcon.colcon_core.package_identification:_identify(log) by extensions ['ignore', 'ignore_ament_install']
[0.553s] Level 1:colcon.colcon_core.package_identification:_identify(log) by extension 'ignore'
[0.553s] Level 1:colcon.colcon_core.package_identification:_identify(log) ignored
[0.554s] Level 1:colcon.colcon_core.package_identification:_identify(src) by extensions ['ignore', 'ignore_ament_install']
[0.554s] Level 1:colcon.colcon_core.package_identification:_identify(src) by extension 'ignore'
[0.554s] Level 1:colcon.colcon_core.package_identification:_identify(src) by extension 'ignore_ament_install'
[0.555s] Level 1:colcon.colcon_core.package_identification:_identify(src) by extensions ['colcon_pkg']
[0.555s] Level 1:colcon.colcon_core.package_identification:_identify(src) by extension 'colcon_pkg'
[0.555s] Level 1:colcon.colcon_core.package_identification:_identify(src) by extensions ['colcon_meta']
[0.556s] Level 1:colcon.colcon_core.package_identification:_identify(src) by extension 'colcon_meta'
[0.556s] Level 1:colcon.colcon_core.package_identification:_identify(src) by extensions ['ros']
[0.556s] Level 1:colcon.colcon_core.package_identification:_identify(src) by extension 'ros'
[0.557s] Level 1:colcon.colcon_core.package_identification:_identify(src) by extensions ['cmake', 'python']
[0.557s] Level 1:colcon.colcon_core.package_identification:_identify(src) by extension 'cmake'
[0.558s] Level 1:colcon.colcon_core.package_identification:_identify(src) by extension 'python'
[0.558s] Level 1:colcon.colcon_core.package_identification:_identify(src) by extensions ['python_setup_py']
[0.558s] Level 1:colcon.colcon_core.package_identification:_identify(src) by extension 'python_setup_py'
[0.559s] Level 1:colcon.colcon_core.package_identification:_identify(src/turtlesimplus_control_exam1) by extensions ['ignore', 'ignore_ament_install']
[0.559s] Level 1:colcon.colcon_core.package_identification:_identify(src/turtlesimplus_control_exam1) by extension 'ignore'
[0.560s] Level 1:colcon.colcon_core.package_identification:_identify(src/turtlesimplus_control_exam1) by extension 'ignore_ament_install'
[0.560s] Level 1:colcon.colcon_core.package_identification:_identify(src/turtlesimplus_control_exam1) by extensions ['colcon_pkg']
[0.560s] Level 1:colcon.colcon_core.package_identification:_identify(src/turtlesimplus_control_exam1) by extension 'colcon_pkg'
[0.560s] Level 1:colcon.colcon_core.package_identification:_identify(src/turtlesimplus_control_exam1) by extensions ['colcon_meta']
[0.561s] Level 1:colcon.colcon_core.package_identification:_identify(src/turtlesimplus_control_exam1) by extension 'colcon_meta'
[0.561s] Level 1:colcon.colcon_core.package_identification:_identify(src/turtlesimplus_control_exam1) by extensions ['ros']
[0.561s] Level 1:colcon.colcon_core.package_identification:_identify(src/turtlesimplus_control_exam1) by extension 'ros'
[0.566s] DEBUG:colcon.colcon_core.package_identification:Package 'src/turtlesimplus_control_exam1' with type 'ros.ament_cmake' and name 'turtlesimplus_control_exam1'
[0.567s] Level 1:colcon.colcon_core.package_discovery:discover_packages(recursive) using defaults
[0.567s] Level 1:colcon.colcon_core.package_discovery:discover_packages(ignore) discover
[0.568s] Level 1:colcon.colcon_core.package_discovery:discover_packages(ignore) using defaults
[0.568s] Level 1:colcon.colcon_core.package_discovery:discover_packages(path) discover
[0.568s] Level 1:colcon.colcon_core.package_discovery:discover_packages(path) using defaults
[0.602s] Level 1:colcon.colcon_core.package_discovery:discover_packages(prefix_path) check parameters
[0.602s] Level 1:colcon.colcon_core.package_discovery:discover_packages(prefix_path) discover
[0.607s] DEBUG:colcon.colcon_installed_package_information.package_discovery:Found 2 installed packages in /home/kkwxnn/test_ws/install
[0.609s] DEBUG:colcon.colcon_installed_package_information.package_discovery:Found 6 installed packages in /home/kkwxnn/fra501_ws/install
[0.611s] DEBUG:colcon.colcon_installed_package_information.package_discovery:Found 284 installed packages in /opt/ros/humble
[0.613s] Level 1:colcon.colcon_core.package_discovery:discover_packages(prefix_path) using defaults
[0.686s] Level 5:colcon.colcon_core.verb:set package 'turtlesimplus_control_exam1' build argument 'cmake_args' from command line to 'None'
[0.686s] Level 5:colcon.colcon_core.verb:set package 'turtlesimplus_control_exam1' build argument 'cmake_target' from command line to 'None'
[0.686s] Level 5:colcon.colcon_core.verb:set package 'turtlesimplus_control_exam1' build argument 'cmake_target_skip_unavailable' from command line to 'False'
[0.687s] Level 5:colcon.colcon_core.verb:set package 'turtlesimplus_control_exam1' build argument 'cmake_clean_cache' from command line to 'False'
[0.687s] Level 5:colcon.colcon_core.verb:set package 'turtlesimplus_control_exam1' build argument 'cmake_clean_first' from command line to 'False'
[0.687s] Level 5:colcon.colcon_core.verb:set package 'turtlesimplus_control_exam1' build argument 'cmake_force_configure' from command line to 'False'
[0.687s] Level 5:colcon.colcon_core.verb:set package 'turtlesimplus_control_exam1' build argument 'ament_cmake_args' from command line to 'None'
[0.687s] Level 5:colcon.colcon_core.verb:set package 'turtlesimplus_control_exam1' build argument 'catkin_cmake_args' from command line to 'None'
[0.688s] Level 5:colcon.colcon_core.verb:set package 'turtlesimplus_control_exam1' build argument 'catkin_skip_building_tests' from command line to 'False'
[0.688s] DEBUG:colcon.colcon_core.verb:Building package 'turtlesimplus_control_exam1' with the following arguments: {'ament_cmake_args': None, 'build_base': '/home/kkwxnn/Documents/GitHub/FRA501_exam1_6443_6471/FRA501_6443_6471_WS/build/turtlesimplus_control_exam1', 'catkin_cmake_args': None, 'catkin_skip_building_tests': False, 'cmake_args': None, 'cmake_clean_cache': False, 'cmake_clean_first': False, 'cmake_force_configure': False, 'cmake_target': None, 'cmake_target_skip_unavailable': False, 'install_base': '/home/kkwxnn/Documents/GitHub/FRA501_exam1_6443_6471/FRA501_6443_6471_WS/install/turtlesimplus_control_exam1', 'merge_install': False, 'path': '/home/kkwxnn/Documents/GitHub/FRA501_exam1_6443_6471/FRA501_6443_6471_WS/src/turtlesimplus_control_exam1', 'symlink_install': False, 'test_result_base': None}
[0.689s] INFO:colcon.colcon_core.executor:Executing jobs using 'parallel' executor
[0.694s] DEBUG:colcon.colcon_parallel_executor.executor.parallel:run_until_complete
[0.695s] INFO:colcon.colcon_ros.task.ament_cmake.build:Building ROS package in '/home/kkwxnn/Documents/GitHub/FRA501_exam1_6443_6471/FRA501_6443_6471_WS/src/turtlesimplus_control_exam1' with build type 'ament_cmake'
[0.696s] INFO:colcon.colcon_cmake.task.cmake.build:Building CMake package in '/home/kkwxnn/Documents/GitHub/FRA501_exam1_6443_6471/FRA501_6443_6471_WS/src/turtlesimplus_control_exam1'
[0.701s] INFO:colcon.colcon_core.plugin_system:Skipping extension 'colcon_core.shell.bat': Not used on non-Windows systems
[0.702s] INFO:colcon.colcon_core.shell:Skip shell extension 'powershell' for command environment: Not usable outside of PowerShell
[0.702s] DEBUG:colcon.colcon_core.shell:Skip shell extension 'dsv' for command environment
[0.724s] DEBUG:colcon.colcon_core.event_handler.log_command:Invoking command in '/home/kkwxnn/Documents/GitHub/FRA501_exam1_6443_6471/FRA501_6443_6471_WS/build/turtlesimplus_control_exam1': CMAKE_PREFIX_PATH=${CMAKE_PREFIX_PATH}:/opt/ros/humble /usr/bin/cmake /home/kkwxnn/Documents/GitHub/FRA501_exam1_6443_6471/FRA501_6443_6471_WS/src/turtlesimplus_control_exam1 -DCMAKE_INSTALL_PREFIX=/home/kkwxnn/Documents/GitHub/FRA501_exam1_6443_6471/FRA501_6443_6471_WS/install/turtlesimplus_control_exam1
[2.021s] DEBUG:colcon.colcon_core.event_handler.log_command:Invoked command in '/home/kkwxnn/Documents/GitHub/FRA501_exam1_6443_6471/FRA501_6443_6471_WS/build/turtlesimplus_control_exam1' returned '0': CMAKE_PREFIX_PATH=${CMAKE_PREFIX_PATH}:/opt/ros/humble /usr/bin/cmake /home/kkwxnn/Documents/GitHub/FRA501_exam1_6443_6471/FRA501_6443_6471_WS/src/turtlesimplus_control_exam1 -DCMAKE_INSTALL_PREFIX=/home/kkwxnn/Documents/GitHub/FRA501_exam1_6443_6471/FRA501_6443_6471_WS/install/turtlesimplus_control_exam1
[2.027s] DEBUG:colcon.colcon_core.event_handler.log_command:Invoking command in '/home/kkwxnn/Documents/GitHub/FRA501_exam1_6443_6471/FRA501_6443_6471_WS/build/turtlesimplus_control_exam1': CMAKE_PREFIX_PATH=${CMAKE_PREFIX_PATH}:/opt/ros/humble /usr/bin/cmake --build /home/kkwxnn/Documents/GitHub/FRA501_exam1_6443_6471/FRA501_6443_6471_WS/build/turtlesimplus_control_exam1 -- -j2 -l2
[2.084s] DEBUG:colcon.colcon_core.event_handler.log_command:Invoked command in '/home/kkwxnn/Documents/GitHub/FRA501_exam1_6443_6471/FRA501_6443_6471_WS/build/turtlesimplus_control_exam1' returned '0': CMAKE_PREFIX_PATH=${CMAKE_PREFIX_PATH}:/opt/ros/humble /usr/bin/cmake --build /home/kkwxnn/Documents/GitHub/FRA501_exam1_6443_6471/FRA501_6443_6471_WS/build/turtlesimplus_control_exam1 -- -j2 -l2
[2.141s] DEBUG:colcon.colcon_core.event_handler.log_command:Invoking command in '/home/kkwxnn/Documents/GitHub/FRA501_exam1_6443_6471/FRA501_6443_6471_WS/build/turtlesimplus_control_exam1': CMAKE_PREFIX_PATH=${CMAKE_PREFIX_PATH}:/opt/ros/humble /usr/bin/cmake --install /home/kkwxnn/Documents/GitHub/FRA501_exam1_6443_6471/FRA501_6443_6471_WS/build/turtlesimplus_control_exam1
[2.180s] Level 1:colcon.colcon_core.environment:create_environment_scripts_only(turtlesimplus_control_exam1)
[2.181s] DEBUG:colcon.colcon_core.event_handler.log_command:Invoked command in '/home/kkwxnn/Documents/GitHub/FRA501_exam1_6443_6471/FRA501_6443_6471_WS/build/turtlesimplus_control_exam1' returned '0': CMAKE_PREFIX_PATH=${CMAKE_PREFIX_PATH}:/opt/ros/humble /usr/bin/cmake --install /home/kkwxnn/Documents/GitHub/FRA501_exam1_6443_6471/FRA501_6443_6471_WS/build/turtlesimplus_control_exam1
[2.187s] Level 1:colcon.colcon_core.environment:checking '/home/kkwxnn/Documents/GitHub/FRA501_exam1_6443_6471/FRA501_6443_6471_WS/install/turtlesimplus_control_exam1' for CMake module files
[2.188s] Level 1:colcon.colcon_core.environment:checking '/home/kkwxnn/Documents/GitHub/FRA501_exam1_6443_6471/FRA501_6443_6471_WS/install/turtlesimplus_control_exam1' for CMake config files
[2.188s] Level 1:colcon.colcon_core.shell:create_environment_hook('turtlesimplus_control_exam1', 'cmake_prefix_path')
[2.190s] INFO:colcon.colcon_core.shell:Creating environment hook '/home/kkwxnn/Documents/GitHub/FRA501_exam1_6443_6471/FRA501_6443_6471_WS/install/turtlesimplus_control_exam1/share/turtlesimplus_control_exam1/hook/cmake_prefix_path.ps1'
[2.199s] INFO:colcon.colcon_core.shell:Creating environment descriptor '/home/kkwxnn/Documents/GitHub/FRA501_exam1_6443_6471/FRA501_6443_6471_WS/install/turtlesimplus_control_exam1/share/turtlesimplus_control_exam1/hook/cmake_prefix_path.dsv'
[2.200s] INFO:colcon.colcon_core.shell:Creating environment hook '/home/kkwxnn/Documents/GitHub/FRA501_exam1_6443_6471/FRA501_6443_6471_WS/install/turtlesimplus_control_exam1/share/turtlesimplus_control_exam1/hook/cmake_prefix_path.sh'
[2.201s] Level 1:colcon.colcon_core.environment:checking '/home/kkwxnn/Documents/GitHub/FRA501_exam1_6443_6471/FRA501_6443_6471_WS/install/turtlesimplus_control_exam1/bin'
[2.201s] Level 1:colcon.colcon_core.environment:checking '/home/kkwxnn/Documents/GitHub/FRA501_exam1_6443_6471/FRA501_6443_6471_WS/install/turtlesimplus_control_exam1/lib/pkgconfig/turtlesimplus_control_exam1.pc'
[2.202s] Level 1:colcon.colcon_core.environment:checking '/home/kkwxnn/Documents/GitHub/FRA501_exam1_6443_6471/FRA501_6443_6471_WS/install/turtlesimplus_control_exam1/lib/python3.10/site-packages'
[2.202s] Level 1:colcon.colcon_core.environment:checking '/home/kkwxnn/Documents/GitHub/FRA501_exam1_6443_6471/FRA501_6443_6471_WS/install/turtlesimplus_control_exam1/bin'
[2.212s] INFO:colcon.colcon_core.shell:Creating package script '/home/kkwxnn/Documents/GitHub/FRA501_exam1_6443_6471/FRA501_6443_6471_WS/install/turtlesimplus_control_exam1/share/turtlesimplus_control_exam1/package.ps1'
[2.213s] INFO:colcon.colcon_core.shell:Creating package descriptor '/home/kkwxnn/Documents/GitHub/FRA501_exam1_6443_6471/FRA501_6443_6471_WS/install/turtlesimplus_control_exam1/share/turtlesimplus_control_exam1/package.dsv'
[2.214s] INFO:colcon.colcon_core.shell:Creating package script '/home/kkwxnn/Documents/GitHub/FRA501_exam1_6443_6471/FRA501_6443_6471_WS/install/turtlesimplus_control_exam1/share/turtlesimplus_control_exam1/package.sh'
[2.221s] INFO:colcon.colcon_core.shell:Creating package script '/home/kkwxnn/Documents/GitHub/FRA501_exam1_6443_6471/FRA501_6443_6471_WS/install/turtlesimplus_control_exam1/share/turtlesimplus_control_exam1/package.bash'
[2.222s] INFO:colcon.colcon_core.shell:Creating package script '/home/kkwxnn/Documents/GitHub/FRA501_exam1_6443_6471/FRA501_6443_6471_WS/install/turtlesimplus_control_exam1/share/turtlesimplus_control_exam1/package.zsh'
[2.223s] Level 1:colcon.colcon_core.environment:create_file_with_runtime_dependencies(/home/kkwxnn/Documents/GitHub/FRA501_exam1_6443_6471/FRA501_6443_6471_WS/install/turtlesimplus_control_exam1/share/colcon-core/packages/turtlesimplus_control_exam1)
[2.285s] Level 1:colcon.colcon_core.environment:create_environment_scripts_only(turtlesimplus_control_exam1)
[2.288s] Level 1:colcon.colcon_core.environment:checking '/home/kkwxnn/Documents/GitHub/FRA501_exam1_6443_6471/FRA501_6443_6471_WS/install/turtlesimplus_control_exam1' for CMake module files
[2.290s] Level 1:colcon.colcon_core.environment:checking '/home/kkwxnn/Documents/GitHub/FRA501_exam1_6443_6471/FRA501_6443_6471_WS/install/turtlesimplus_control_exam1' for CMake config files
[2.290s] Level 1:colcon.colcon_core.shell:create_environment_hook('turtlesimplus_control_exam1', 'cmake_prefix_path')
[2.292s] INFO:colcon.colcon_core.shell:Creating environment hook '/home/kkwxnn/Documents/GitHub/FRA501_exam1_6443_6471/FRA501_6443_6471_WS/install/turtlesimplus_control_exam1/share/turtlesimplus_control_exam1/hook/cmake_prefix_path.ps1'
[2.293s] INFO:colcon.colcon_core.shell:Creating environment descriptor '/home/kkwxnn/Documents/GitHub/FRA501_exam1_6443_6471/FRA501_6443_6471_WS/install/turtlesimplus_control_exam1/share/turtlesimplus_control_exam1/hook/cmake_prefix_path.dsv'
[2.295s] INFO:colcon.colcon_core.shell:Creating environment hook '/home/kkwxnn/Documents/GitHub/FRA501_exam1_6443_6471/FRA501_6443_6471_WS/install/turtlesimplus_control_exam1/share/turtlesimplus_control_exam1/hook/cmake_prefix_path.sh'
[2.296s] Level 1:colcon.colcon_core.environment:checking '/home/kkwxnn/Documents/GitHub/FRA501_exam1_6443_6471/FRA501_6443_6471_WS/install/turtlesimplus_control_exam1/bin'
[2.297s] Level 1:colcon.colcon_core.environment:checking '/home/kkwxnn/Documents/GitHub/FRA501_exam1_6443_6471/FRA501_6443_6471_WS/install/turtlesimplus_control_exam1/lib/pkgconfig/turtlesimplus_control_exam1.pc'
[2.297s] Level 1:colcon.colcon_core.environment:checking '/home/kkwxnn/Documents/GitHub/FRA501_exam1_6443_6471/FRA501_6443_6471_WS/install/turtlesimplus_control_exam1/lib/python3.10/site-packages'
[2.297s] Level 1:colcon.colcon_core.environment:checking '/home/kkwxnn/Documents/GitHub/FRA501_exam1_6443_6471/FRA501_6443_6471_WS/install/turtlesimplus_control_exam1/bin'
[2.299s] INFO:colcon.colcon_core.shell:Creating package script '/home/kkwxnn/Documents/GitHub/FRA501_exam1_6443_6471/FRA501_6443_6471_WS/install/turtlesimplus_control_exam1/share/turtlesimplus_control_exam1/package.ps1'
[2.301s] INFO:colcon.colcon_core.shell:Creating package descriptor '/home/kkwxnn/Documents/GitHub/FRA501_exam1_6443_6471/FRA501_6443_6471_WS/install/turtlesimplus_control_exam1/share/turtlesimplus_control_exam1/package.dsv'
[2.302s] INFO:colcon.colcon_core.shell:Creating package script '/home/kkwxnn/Documents/GitHub/FRA501_exam1_6443_6471/FRA501_6443_6471_WS/install/turtlesimplus_control_exam1/share/turtlesimplus_control_exam1/package.sh'
[2.303s] INFO:colcon.colcon_core.shell:Creating package script '/home/kkwxnn/Documents/GitHub/FRA501_exam1_6443_6471/FRA501_6443_6471_WS/install/turtlesimplus_control_exam1/share/turtlesimplus_control_exam1/package.bash'
[2.304s] INFO:colcon.colcon_core.shell:Creating package script '/home/kkwxnn/Documents/GitHub/FRA501_exam1_6443_6471/FRA501_6443_6471_WS/install/turtlesimplus_control_exam1/share/turtlesimplus_control_exam1/package.zsh'
[2.305s] Level 1:colcon.colcon_core.environment:create_file_with_runtime_dependencies(/home/kkwxnn/Documents/GitHub/FRA501_exam1_6443_6471/FRA501_6443_6471_WS/install/turtlesimplus_control_exam1/share/colcon-core/packages/turtlesimplus_control_exam1)
[2.306s] DEBUG:colcon.colcon_parallel_executor.executor.parallel:closing loop
[2.306s] DEBUG:colcon.colcon_parallel_executor.executor.parallel:loop closed
[2.307s] DEBUG:colcon.colcon_parallel_executor.executor.parallel:run_until_complete finished with '0'
[2.307s] DEBUG:colcon.colcon_core.event_reactor:joining thread
[2.315s] INFO:colcon.colcon_core.plugin_system:Skipping extension 'colcon_notification.desktop_notification.terminal_notifier': Not used on non-Darwin systems
[2.315s] INFO:colcon.colcon_core.plugin_system:Skipping extension 'colcon_notification.desktop_notification.win32': Not used on non-Windows systems
[2.315s] INFO:colcon.colcon_notification.desktop_notification:Sending desktop notification using 'notify2'
[2.346s] DEBUG:colcon.colcon_core.event_reactor:joined thread
[2.349s] INFO:colcon.colcon_core.shell:Creating prefix script '/home/kkwxnn/Documents/GitHub/FRA501_exam1_6443_6471/FRA501_6443_6471_WS/install/local_setup.ps1'
[2.353s] INFO:colcon.colcon_core.shell:Creating prefix util module '/home/kkwxnn/Documents/GitHub/FRA501_exam1_6443_6471/FRA501_6443_6471_WS/install/_local_setup_util_ps1.py'
[2.358s] INFO:colcon.colcon_core.shell:Creating prefix chain script '/home/kkwxnn/Documents/GitHub/FRA501_exam1_6443_6471/FRA501_6443_6471_WS/install/setup.ps1'
[2.364s] INFO:colcon.colcon_core.shell:Creating prefix script '/home/kkwxnn/Documents/GitHub/FRA501_exam1_6443_6471/FRA501_6443_6471_WS/install/local_setup.sh'
[2.366s] INFO:colcon.colcon_core.shell:Creating prefix util module '/home/kkwxnn/Documents/GitHub/FRA501_exam1_6443_6471/FRA501_6443_6471_WS/install/_local_setup_util_sh.py'
[2.368s] INFO:colcon.colcon_core.shell:Creating prefix chain script '/home/kkwxnn/Documents/GitHub/FRA501_exam1_6443_6471/FRA501_6443_6471_WS/install/setup.sh'
[2.373s] INFO:colcon.colcon_core.shell:Creating prefix script '/home/kkwxnn/Documents/GitHub/FRA501_exam1_6443_6471/FRA501_6443_6471_WS/install/local_setup.bash'
[2.375s] INFO:colcon.colcon_core.shell:Creating prefix chain script '/home/kkwxnn/Documents/GitHub/FRA501_exam1_6443_6471/FRA501_6443_6471_WS/install/setup.bash'
[2.380s] INFO:colcon.colcon_core.shell:Creating prefix script '/home/kkwxnn/Documents/GitHub/FRA501_exam1_6443_6471/FRA501_6443_6471_WS/install/local_setup.zsh'
[2.382s] INFO:colcon.colcon_core.shell:Creating prefix chain script '/home/kkwxnn/Documents/GitHub/FRA501_exam1_6443_6471/FRA501_6443_6471_WS/install/setup.zsh'
