[0.985s] DEBUG:colcon:Command line arguments: ['/usr/bin/colcon', 'build']
[0.985s] DEBUG:colcon:Parsed command line arguments: Namespace(log_base=None, log_level=None, verb_name='build', build_base='build', install_base='install', merge_install=False, symlink_install=False, test_result_base=None, continue_on_error=False, executor='parallel', parallel_workers=2, event_handlers=None, ignore_user_meta=False, metas=['./colcon.meta'], base_paths=['.'], packages_ignore=None, packages_ignore_regex=None, paths=None, packages_up_to=None, packages_up_to_regex=None, packages_above=None, packages_above_and_dependencies=None, packages_above_depth=None, packages_select_by_dep=None, packages_skip_by_dep=None, packages_skip_up_to=None, packages_select_build_failed=False, packages_skip_build_finished=False, packages_select_test_failures=False, packages_skip_test_passed=False, packages_select=None, packages_skip=None, packages_select_regex=None, packages_skip_regex=None, packages_start=None, packages_end=None, allow_overriding=[], cmake_args=None, cmake_target=None, cmake_target_skip_unavailable=False, cmake_clean_cache=False, cmake_clean_first=False, cmake_force_configure=False, ament_cmake_args=None, catkin_cmake_args=None, catkin_skip_building_tests=False, verb_parser=<colcon_defaults.argument_parser.defaults.DefaultArgumentsDecorator object at 0x7f3bb2ace7d0>, verb_extension=<colcon_core.verb.build.BuildVerb object at 0x7f3bb2bb27d0>, main=<bound method BuildVerb.main of <colcon_core.verb.build.BuildVerb object at 0x7f3bb2bb27d0>>)
[1.049s] Level 1:colcon.colcon_core.package_discovery:discover_packages(colcon_meta) check parameters
[1.049s] Level 1:colcon.colcon_core.package_discovery:discover_packages(recursive) check parameters
[1.050s] Level 1:colcon.colcon_core.package_discovery:discover_packages(ignore) check parameters
[1.050s] Level 1:colcon.colcon_core.package_discovery:discover_packages(path) check parameters
[1.050s] Level 1:colcon.colcon_core.package_discovery:discover_packages(colcon_meta) discover
[1.050s] Level 1:colcon.colcon_core.package_discovery:discover_packages(recursive) discover
[1.050s] INFO:colcon.colcon_core.package_discovery:Crawling recursively for packages in '/home/peerawat/Documents/GitHub/FRA501_exam1_6443_6471/FRA501_6443_6471_WS'
[1.050s] Level 1:colcon.colcon_core.package_identification:_identify(.) by extensions ['ignore', 'ignore_ament_install']
[1.051s] Level 1:colcon.colcon_core.package_identification:_identify(.) by extension 'ignore'
[1.051s] Level 1:colcon.colcon_core.package_identification:_identify(.) by extension 'ignore_ament_install'
[1.051s] Level 1:colcon.colcon_core.package_identification:_identify(.) by extensions ['colcon_pkg']
[1.051s] Level 1:colcon.colcon_core.package_identification:_identify(.) by extension 'colcon_pkg'
[1.051s] Level 1:colcon.colcon_core.package_identification:_identify(.) by extensions ['colcon_meta']
[1.051s] Level 1:colcon.colcon_core.package_identification:_identify(.) by extension 'colcon_meta'
[1.051s] Level 1:colcon.colcon_core.package_identification:_identify(.) by extensions ['ros']
[1.051s] Level 1:colcon.colcon_core.package_identification:_identify(.) by extension 'ros'
[1.084s] Level 1:colcon.colcon_core.package_identification:_identify(.) by extensions ['cmake', 'python']
[1.084s] Level 1:colcon.colcon_core.package_identification:_identify(.) by extension 'cmake'
[1.084s] Level 1:colcon.colcon_core.package_identification:_identify(.) by extension 'python'
[1.084s] Level 1:colcon.colcon_core.package_identification:_identify(.) by extensions ['python_setup_py']
[1.084s] Level 1:colcon.colcon_core.package_identification:_identify(.) by extension 'python_setup_py'
[1.084s] Level 1:colcon.colcon_core.package_identification:_identify(build) by extensions ['ignore', 'ignore_ament_install']
[1.084s] Level 1:colcon.colcon_core.package_identification:_identify(build) by extension 'ignore'
[1.084s] Level 1:colcon.colcon_core.package_identification:_identify(build) ignored
[1.084s] Level 1:colcon.colcon_core.package_identification:_identify(install) by extensions ['ignore', 'ignore_ament_install']
[1.085s] Level 1:colcon.colcon_core.package_identification:_identify(install) by extension 'ignore'
[1.085s] Level 1:colcon.colcon_core.package_identification:_identify(install) ignored
[1.085s] Level 1:colcon.colcon_core.package_identification:_identify(log) by extensions ['ignore', 'ignore_ament_install']
[1.085s] Level 1:colcon.colcon_core.package_identification:_identify(log) by extension 'ignore'
[1.085s] Level 1:colcon.colcon_core.package_identification:_identify(log) ignored
[1.085s] Level 1:colcon.colcon_core.package_identification:_identify(src) by extensions ['ignore', 'ignore_ament_install']
[1.085s] Level 1:colcon.colcon_core.package_identification:_identify(src) by extension 'ignore'
[1.085s] Level 1:colcon.colcon_core.package_identification:_identify(src) by extension 'ignore_ament_install'
[1.085s] Level 1:colcon.colcon_core.package_identification:_identify(src) by extensions ['colcon_pkg']
[1.085s] Level 1:colcon.colcon_core.package_identification:_identify(src) by extension 'colcon_pkg'
[1.085s] Level 1:colcon.colcon_core.package_identification:_identify(src) by extensions ['colcon_meta']
[1.085s] Level 1:colcon.colcon_core.package_identification:_identify(src) by extension 'colcon_meta'
[1.085s] Level 1:colcon.colcon_core.package_identification:_identify(src) by extensions ['ros']
[1.085s] Level 1:colcon.colcon_core.package_identification:_identify(src) by extension 'ros'
[1.085s] Level 1:colcon.colcon_core.package_identification:_identify(src) by extensions ['cmake', 'python']
[1.086s] Level 1:colcon.colcon_core.package_identification:_identify(src) by extension 'cmake'
[1.086s] Level 1:colcon.colcon_core.package_identification:_identify(src) by extension 'python'
[1.087s] Level 1:colcon.colcon_core.package_identification:_identify(src) by extensions ['python_setup_py']
[1.087s] Level 1:colcon.colcon_core.package_identification:_identify(src) by extension 'python_setup_py'
[1.087s] Level 1:colcon.colcon_core.package_identification:_identify(src/exam1_turtle_control) by extensions ['ignore', 'ignore_ament_install']
[1.088s] Level 1:colcon.colcon_core.package_identification:_identify(src/exam1_turtle_control) by extension 'ignore'
[1.088s] Level 1:colcon.colcon_core.package_identification:_identify(src/exam1_turtle_control) by extension 'ignore_ament_install'
[1.088s] Level 1:colcon.colcon_core.package_identification:_identify(src/exam1_turtle_control) by extensions ['colcon_pkg']
[1.088s] Level 1:colcon.colcon_core.package_identification:_identify(src/exam1_turtle_control) by extension 'colcon_pkg'
[1.088s] Level 1:colcon.colcon_core.package_identification:_identify(src/exam1_turtle_control) by extensions ['colcon_meta']
[1.088s] Level 1:colcon.colcon_core.package_identification:_identify(src/exam1_turtle_control) by extension 'colcon_meta'
[1.088s] Level 1:colcon.colcon_core.package_identification:_identify(src/exam1_turtle_control) by extensions ['ros']
[1.088s] Level 1:colcon.colcon_core.package_identification:_identify(src/exam1_turtle_control) by extension 'ros'
[1.099s] DEBUG:colcon.colcon_core.package_identification:Package 'src/exam1_turtle_control' with type 'ros.ament_cmake' and name 'exam1_turtle_control'
[1.099s] Level 1:colcon.colcon_core.package_discovery:discover_packages(recursive) using defaults
[1.099s] Level 1:colcon.colcon_core.package_discovery:discover_packages(ignore) discover
[1.099s] Level 1:colcon.colcon_core.package_discovery:discover_packages(ignore) using defaults
[1.099s] Level 1:colcon.colcon_core.package_discovery:discover_packages(path) discover
[1.099s] Level 1:colcon.colcon_core.package_discovery:discover_packages(path) using defaults
[1.175s] Level 1:colcon.colcon_core.package_discovery:discover_packages(prefix_path) check parameters
[1.176s] Level 1:colcon.colcon_core.package_discovery:discover_packages(prefix_path) discover
[1.180s] WARNING:colcon.colcon_ros.prefix_path.ament:The path '/home/peerawat/Documents/GitHub/FRA501_exam1_6443_6471/FRA501_6443_6471_WS/install/exam1_turtle_control' in the environment variable AMENT_PREFIX_PATH doesn't exist
[1.184s] WARNING:colcon.colcon_ros.prefix_path.ament:The path '/home/peerawat/Documents/GitHub/FRA501_exam1_6443_6471/FRA501_6443_6471_WS/install/TEST02' in the environment variable AMENT_PREFIX_PATH doesn't exist
[1.184s] WARNING:colcon.colcon_ros.prefix_path.ament:The path '/home/peerawat/Documents/GitHub/FRA501_exam1_6443_6471/FRA501_6443_6471_WS/install/TEST01' in the environment variable AMENT_PREFIX_PATH doesn't exist
[1.191s] WARNING:colcon.colcon_ros.prefix_path.catkin:The path '/home/peerawat/Documents/GitHub/FRA501_exam1_6443_6471/FRA501_6443_6471_WS/install/exam1_turtle_control' in the environment variable CMAKE_PREFIX_PATH doesn't exist
[1.194s] WARNING:colcon.colcon_ros.prefix_path.catkin:The path '/home/peerawat/Documents/GitHub/FRA501_exam1_6443_6471/FRA501_6443_6471_WS/install/TEST02' in the environment variable CMAKE_PREFIX_PATH doesn't exist
[1.194s] WARNING:colcon.colcon_ros.prefix_path.catkin:The path '/home/peerawat/Documents/GitHub/FRA501_exam1_6443_6471/FRA501_6443_6471_WS/install/TEST01' in the environment variable CMAKE_PREFIX_PATH doesn't exist
[1.197s] DEBUG:colcon.colcon_installed_package_information.package_discovery:Found 0 installed packages in /home/peerawat/Documents/GitHub/FRA501_exam1_6443_6471/FRA501_6443_6471_WS/install
[1.200s] DEBUG:colcon.colcon_installed_package_information.package_discovery:Found 7 installed packages in /home/peerawat/fra501_ws/install
[1.204s] DEBUG:colcon.colcon_installed_package_information.package_discovery:Found 270 installed packages in /opt/ros/humble
[1.208s] Level 1:colcon.colcon_core.package_discovery:discover_packages(prefix_path) using defaults
[1.377s] Level 5:colcon.colcon_core.verb:set package 'exam1_turtle_control' build argument 'cmake_args' from command line to 'None'
[1.377s] Level 5:colcon.colcon_core.verb:set package 'exam1_turtle_control' build argument 'cmake_target' from command line to 'None'
[1.377s] Level 5:colcon.colcon_core.verb:set package 'exam1_turtle_control' build argument 'cmake_target_skip_unavailable' from command line to 'False'
[1.378s] Level 5:colcon.colcon_core.verb:set package 'exam1_turtle_control' build argument 'cmake_clean_cache' from command line to 'False'
[1.378s] Level 5:colcon.colcon_core.verb:set package 'exam1_turtle_control' build argument 'cmake_clean_first' from command line to 'False'
[1.378s] Level 5:colcon.colcon_core.verb:set package 'exam1_turtle_control' build argument 'cmake_force_configure' from command line to 'False'
[1.378s] Level 5:colcon.colcon_core.verb:set package 'exam1_turtle_control' build argument 'ament_cmake_args' from command line to 'None'
[1.378s] Level 5:colcon.colcon_core.verb:set package 'exam1_turtle_control' build argument 'catkin_cmake_args' from command line to 'None'
[1.378s] Level 5:colcon.colcon_core.verb:set package 'exam1_turtle_control' build argument 'catkin_skip_building_tests' from command line to 'False'
[1.378s] DEBUG:colcon.colcon_core.verb:Building package 'exam1_turtle_control' with the following arguments: {'ament_cmake_args': None, 'build_base': '/home/peerawat/Documents/GitHub/FRA501_exam1_6443_6471/FRA501_6443_6471_WS/build/exam1_turtle_control', 'catkin_cmake_args': None, 'catkin_skip_building_tests': False, 'cmake_args': None, 'cmake_clean_cache': False, 'cmake_clean_first': False, 'cmake_force_configure': False, 'cmake_target': None, 'cmake_target_skip_unavailable': False, 'install_base': '/home/peerawat/Documents/GitHub/FRA501_exam1_6443_6471/FRA501_6443_6471_WS/install/exam1_turtle_control', 'merge_install': False, 'path': '/home/peerawat/Documents/GitHub/FRA501_exam1_6443_6471/FRA501_6443_6471_WS/src/exam1_turtle_control', 'symlink_install': False, 'test_result_base': None}
[1.379s] INFO:colcon.colcon_core.executor:Executing jobs using 'parallel' executor
[1.386s] DEBUG:colcon.colcon_parallel_executor.executor.parallel:run_until_complete
[1.386s] INFO:colcon.colcon_ros.task.ament_cmake.build:Building ROS package in '/home/peerawat/Documents/GitHub/FRA501_exam1_6443_6471/FRA501_6443_6471_WS/src/exam1_turtle_control' with build type 'ament_cmake'
[1.387s] INFO:colcon.colcon_cmake.task.cmake.build:Building CMake package in '/home/peerawat/Documents/GitHub/FRA501_exam1_6443_6471/FRA501_6443_6471_WS/src/exam1_turtle_control'
[1.396s] INFO:colcon.colcon_core.plugin_system:Skipping extension 'colcon_core.shell.bat': Not used on non-Windows systems
[1.397s] INFO:colcon.colcon_core.shell:Skip shell extension 'powershell' for command environment: Not usable outside of PowerShell
[1.397s] DEBUG:colcon.colcon_core.shell:Skip shell extension 'dsv' for command environment
[1.431s] DEBUG:colcon.colcon_core.event_handler.log_command:Invoking command in '/home/peerawat/Documents/GitHub/FRA501_exam1_6443_6471/FRA501_6443_6471_WS/build/exam1_turtle_control': CMAKE_PREFIX_PATH=${CMAKE_PREFIX_PATH}:/home/peerawat/fra501_ws/install/pkg1:/opt/ros/humble /usr/bin/cmake /home/peerawat/Documents/GitHub/FRA501_exam1_6443_6471/FRA501_6443_6471_WS/src/exam1_turtle_control -DCMAKE_INSTALL_PREFIX=/home/peerawat/Documents/GitHub/FRA501_exam1_6443_6471/FRA501_6443_6471_WS/install/exam1_turtle_control
[5.344s] DEBUG:colcon.colcon_core.event_handler.log_command:Invoked command in '/home/peerawat/Documents/GitHub/FRA501_exam1_6443_6471/FRA501_6443_6471_WS/build/exam1_turtle_control' returned '0': CMAKE_PREFIX_PATH=${CMAKE_PREFIX_PATH}:/home/peerawat/fra501_ws/install/pkg1:/opt/ros/humble /usr/bin/cmake /home/peerawat/Documents/GitHub/FRA501_exam1_6443_6471/FRA501_6443_6471_WS/src/exam1_turtle_control -DCMAKE_INSTALL_PREFIX=/home/peerawat/Documents/GitHub/FRA501_exam1_6443_6471/FRA501_6443_6471_WS/install/exam1_turtle_control
[5.345s] DEBUG:colcon.colcon_core.event_handler.log_command:Invoking command in '/home/peerawat/Documents/GitHub/FRA501_exam1_6443_6471/FRA501_6443_6471_WS/build/exam1_turtle_control': CMAKE_PREFIX_PATH=${CMAKE_PREFIX_PATH}:/home/peerawat/fra501_ws/install/pkg1:/opt/ros/humble /usr/bin/cmake --build /home/peerawat/Documents/GitHub/FRA501_exam1_6443_6471/FRA501_6443_6471_WS/build/exam1_turtle_control -- -j2 -l2
[6.426s] DEBUG:colcon.colcon_core.event_handler.log_command:Invoked command in '/home/peerawat/Documents/GitHub/FRA501_exam1_6443_6471/FRA501_6443_6471_WS/build/exam1_turtle_control' returned '0': CMAKE_PREFIX_PATH=${CMAKE_PREFIX_PATH}:/home/peerawat/fra501_ws/install/pkg1:/opt/ros/humble /usr/bin/cmake --build /home/peerawat/Documents/GitHub/FRA501_exam1_6443_6471/FRA501_6443_6471_WS/build/exam1_turtle_control -- -j2 -l2
[6.522s] DEBUG:colcon.colcon_core.event_handler.log_command:Invoking command in '/home/peerawat/Documents/GitHub/FRA501_exam1_6443_6471/FRA501_6443_6471_WS/build/exam1_turtle_control': CMAKE_PREFIX_PATH=${CMAKE_PREFIX_PATH}:/home/peerawat/fra501_ws/install/pkg1:/opt/ros/humble /usr/bin/cmake --install /home/peerawat/Documents/GitHub/FRA501_exam1_6443_6471/FRA501_6443_6471_WS/build/exam1_turtle_control
[6.669s] Level 1:colcon.colcon_core.environment:create_environment_scripts_only(exam1_turtle_control)
[6.681s] Level 1:colcon.colcon_core.environment:checking '/home/peerawat/Documents/GitHub/FRA501_exam1_6443_6471/FRA501_6443_6471_WS/install/exam1_turtle_control' for CMake module files
[6.683s] Level 1:colcon.colcon_core.environment:checking '/home/peerawat/Documents/GitHub/FRA501_exam1_6443_6471/FRA501_6443_6471_WS/install/exam1_turtle_control' for CMake config files
[6.684s] Level 1:colcon.colcon_core.shell:create_environment_hook('exam1_turtle_control', 'cmake_prefix_path')
[6.687s] INFO:colcon.colcon_core.shell:Creating environment hook '/home/peerawat/Documents/GitHub/FRA501_exam1_6443_6471/FRA501_6443_6471_WS/install/exam1_turtle_control/share/exam1_turtle_control/hook/cmake_prefix_path.ps1'
[6.689s] INFO:colcon.colcon_core.shell:Creating environment descriptor '/home/peerawat/Documents/GitHub/FRA501_exam1_6443_6471/FRA501_6443_6471_WS/install/exam1_turtle_control/share/exam1_turtle_control/hook/cmake_prefix_path.dsv'
[6.690s] INFO:colcon.colcon_core.shell:Creating environment hook '/home/peerawat/Documents/GitHub/FRA501_exam1_6443_6471/FRA501_6443_6471_WS/install/exam1_turtle_control/share/exam1_turtle_control/hook/cmake_prefix_path.sh'
[6.693s] Level 1:colcon.colcon_core.environment:checking '/home/peerawat/Documents/GitHub/FRA501_exam1_6443_6471/FRA501_6443_6471_WS/install/exam1_turtle_control/lib'
[6.693s] Level 1:colcon.colcon_core.environment:checking '/home/peerawat/Documents/GitHub/FRA501_exam1_6443_6471/FRA501_6443_6471_WS/install/exam1_turtle_control/bin'
[6.694s] Level 1:colcon.colcon_core.environment:checking '/home/peerawat/Documents/GitHub/FRA501_exam1_6443_6471/FRA501_6443_6471_WS/install/exam1_turtle_control/lib/pkgconfig/exam1_turtle_control.pc'
[6.694s] Level 1:colcon.colcon_core.environment:checking '/home/peerawat/Documents/GitHub/FRA501_exam1_6443_6471/FRA501_6443_6471_WS/install/exam1_turtle_control/lib/python3.10/site-packages'
[6.695s] Level 1:colcon.colcon_core.environment:checking '/home/peerawat/Documents/GitHub/FRA501_exam1_6443_6471/FRA501_6443_6471_WS/install/exam1_turtle_control/bin'
[6.699s] INFO:colcon.colcon_core.shell:Creating package script '/home/peerawat/Documents/GitHub/FRA501_exam1_6443_6471/FRA501_6443_6471_WS/install/exam1_turtle_control/share/exam1_turtle_control/package.ps1'
[6.702s] INFO:colcon.colcon_core.shell:Creating package descriptor '/home/peerawat/Documents/GitHub/FRA501_exam1_6443_6471/FRA501_6443_6471_WS/install/exam1_turtle_control/share/exam1_turtle_control/package.dsv'
[6.703s] INFO:colcon.colcon_core.shell:Creating package script '/home/peerawat/Documents/GitHub/FRA501_exam1_6443_6471/FRA501_6443_6471_WS/install/exam1_turtle_control/share/exam1_turtle_control/package.sh'
[6.705s] INFO:colcon.colcon_core.shell:Creating package script '/home/peerawat/Documents/GitHub/FRA501_exam1_6443_6471/FRA501_6443_6471_WS/install/exam1_turtle_control/share/exam1_turtle_control/package.bash'
[6.706s] INFO:colcon.colcon_core.shell:Creating package script '/home/peerawat/Documents/GitHub/FRA501_exam1_6443_6471/FRA501_6443_6471_WS/install/exam1_turtle_control/share/exam1_turtle_control/package.zsh'
[6.707s] Level 1:colcon.colcon_core.environment:create_file_with_runtime_dependencies(/home/peerawat/Documents/GitHub/FRA501_exam1_6443_6471/FRA501_6443_6471_WS/install/exam1_turtle_control/share/colcon-core/packages/exam1_turtle_control)
[6.717s] DEBUG:colcon.colcon_core.event_handler.log_command:Invoked command in '/home/peerawat/Documents/GitHub/FRA501_exam1_6443_6471/FRA501_6443_6471_WS/build/exam1_turtle_control' returned '0': CMAKE_PREFIX_PATH=${CMAKE_PREFIX_PATH}:/home/peerawat/fra501_ws/install/pkg1:/opt/ros/humble /usr/bin/cmake --install /home/peerawat/Documents/GitHub/FRA501_exam1_6443_6471/FRA501_6443_6471_WS/build/exam1_turtle_control
[6.808s] Level 1:colcon.colcon_core.environment:create_environment_scripts_only(exam1_turtle_control)
[6.811s] Level 1:colcon.colcon_core.environment:checking '/home/peerawat/Documents/GitHub/FRA501_exam1_6443_6471/FRA501_6443_6471_WS/install/exam1_turtle_control' for CMake module files
[6.812s] Level 1:colcon.colcon_core.environment:checking '/home/peerawat/Documents/GitHub/FRA501_exam1_6443_6471/FRA501_6443_6471_WS/install/exam1_turtle_control' for CMake config files
[6.813s] Level 1:colcon.colcon_core.shell:create_environment_hook('exam1_turtle_control', 'cmake_prefix_path')
[6.816s] INFO:colcon.colcon_core.shell:Creating environment hook '/home/peerawat/Documents/GitHub/FRA501_exam1_6443_6471/FRA501_6443_6471_WS/install/exam1_turtle_control/share/exam1_turtle_control/hook/cmake_prefix_path.ps1'
[6.817s] INFO:colcon.colcon_core.shell:Creating environment descriptor '/home/peerawat/Documents/GitHub/FRA501_exam1_6443_6471/FRA501_6443_6471_WS/install/exam1_turtle_control/share/exam1_turtle_control/hook/cmake_prefix_path.dsv'
[6.818s] INFO:colcon.colcon_core.shell:Creating environment hook '/home/peerawat/Documents/GitHub/FRA501_exam1_6443_6471/FRA501_6443_6471_WS/install/exam1_turtle_control/share/exam1_turtle_control/hook/cmake_prefix_path.sh'
[6.819s] Level 1:colcon.colcon_core.environment:checking '/home/peerawat/Documents/GitHub/FRA501_exam1_6443_6471/FRA501_6443_6471_WS/install/exam1_turtle_control/lib'
[6.820s] Level 1:colcon.colcon_core.environment:checking '/home/peerawat/Documents/GitHub/FRA501_exam1_6443_6471/FRA501_6443_6471_WS/install/exam1_turtle_control/bin'
[6.820s] Level 1:colcon.colcon_core.environment:checking '/home/peerawat/Documents/GitHub/FRA501_exam1_6443_6471/FRA501_6443_6471_WS/install/exam1_turtle_control/lib/pkgconfig/exam1_turtle_control.pc'
[6.820s] Level 1:colcon.colcon_core.environment:checking '/home/peerawat/Documents/GitHub/FRA501_exam1_6443_6471/FRA501_6443_6471_WS/install/exam1_turtle_control/lib/python3.10/site-packages'
[6.821s] Level 1:colcon.colcon_core.environment:checking '/home/peerawat/Documents/GitHub/FRA501_exam1_6443_6471/FRA501_6443_6471_WS/install/exam1_turtle_control/bin'
[6.824s] INFO:colcon.colcon_core.shell:Creating package script '/home/peerawat/Documents/GitHub/FRA501_exam1_6443_6471/FRA501_6443_6471_WS/install/exam1_turtle_control/share/exam1_turtle_control/package.ps1'
[6.826s] INFO:colcon.colcon_core.shell:Creating package descriptor '/home/peerawat/Documents/GitHub/FRA501_exam1_6443_6471/FRA501_6443_6471_WS/install/exam1_turtle_control/share/exam1_turtle_control/package.dsv'
[6.827s] INFO:colcon.colcon_core.shell:Creating package script '/home/peerawat/Documents/GitHub/FRA501_exam1_6443_6471/FRA501_6443_6471_WS/install/exam1_turtle_control/share/exam1_turtle_control/package.sh'
[6.828s] INFO:colcon.colcon_core.shell:Creating package script '/home/peerawat/Documents/GitHub/FRA501_exam1_6443_6471/FRA501_6443_6471_WS/install/exam1_turtle_control/share/exam1_turtle_control/package.bash'
[6.829s] INFO:colcon.colcon_core.shell:Creating package script '/home/peerawat/Documents/GitHub/FRA501_exam1_6443_6471/FRA501_6443_6471_WS/install/exam1_turtle_control/share/exam1_turtle_control/package.zsh'
[6.831s] Level 1:colcon.colcon_core.environment:create_file_with_runtime_dependencies(/home/peerawat/Documents/GitHub/FRA501_exam1_6443_6471/FRA501_6443_6471_WS/install/exam1_turtle_control/share/colcon-core/packages/exam1_turtle_control)
[6.831s] DEBUG:colcon.colcon_parallel_executor.executor.parallel:closing loop
[6.832s] DEBUG:colcon.colcon_parallel_executor.executor.parallel:loop closed
[6.832s] DEBUG:colcon.colcon_parallel_executor.executor.parallel:run_until_complete finished with '0'
[6.832s] DEBUG:colcon.colcon_core.event_reactor:joining thread
[6.855s] INFO:colcon.colcon_core.plugin_system:Skipping extension 'colcon_notification.desktop_notification.terminal_notifier': Not used on non-Darwin systems
[6.855s] INFO:colcon.colcon_core.plugin_system:Skipping extension 'colcon_notification.desktop_notification.win32': Not used on non-Windows systems
[6.855s] INFO:colcon.colcon_notification.desktop_notification:Sending desktop notification using 'notify2'
[6.903s] DEBUG:colcon.colcon_core.event_reactor:joined thread
[6.905s] INFO:colcon.colcon_core.shell:Creating prefix script '/home/peerawat/Documents/GitHub/FRA501_exam1_6443_6471/FRA501_6443_6471_WS/install/local_setup.ps1'
[6.907s] INFO:colcon.colcon_core.shell:Creating prefix util module '/home/peerawat/Documents/GitHub/FRA501_exam1_6443_6471/FRA501_6443_6471_WS/install/_local_setup_util_ps1.py'
[6.909s] INFO:colcon.colcon_core.shell:Creating prefix chain script '/home/peerawat/Documents/GitHub/FRA501_exam1_6443_6471/FRA501_6443_6471_WS/install/setup.ps1'
[6.913s] INFO:colcon.colcon_core.shell:Creating prefix script '/home/peerawat/Documents/GitHub/FRA501_exam1_6443_6471/FRA501_6443_6471_WS/install/local_setup.sh'
[6.914s] INFO:colcon.colcon_core.shell:Creating prefix util module '/home/peerawat/Documents/GitHub/FRA501_exam1_6443_6471/FRA501_6443_6471_WS/install/_local_setup_util_sh.py'
[6.915s] INFO:colcon.colcon_core.shell:Creating prefix chain script '/home/peerawat/Documents/GitHub/FRA501_exam1_6443_6471/FRA501_6443_6471_WS/install/setup.sh'
[6.920s] INFO:colcon.colcon_core.shell:Creating prefix script '/home/peerawat/Documents/GitHub/FRA501_exam1_6443_6471/FRA501_6443_6471_WS/install/local_setup.bash'
[6.920s] INFO:colcon.colcon_core.shell:Creating prefix chain script '/home/peerawat/Documents/GitHub/FRA501_exam1_6443_6471/FRA501_6443_6471_WS/install/setup.bash'
[6.924s] INFO:colcon.colcon_core.shell:Creating prefix script '/home/peerawat/Documents/GitHub/FRA501_exam1_6443_6471/FRA501_6443_6471_WS/install/local_setup.zsh'
[6.925s] INFO:colcon.colcon_core.shell:Creating prefix chain script '/home/peerawat/Documents/GitHub/FRA501_exam1_6443_6471/FRA501_6443_6471_WS/install/setup.zsh'
